#
# There is insufficient memory for the Java Runtime Environment to continue.
# Native memory allocation (malloc) failed to allocate 1007296 bytes. Error detail: Chunk::new
# Possible reasons:
#   The system is out of physical RAM or swap space
#   This process is running with CompressedOops enabled, and the Java Heap may be blocking the growth of the native heap
# Possible solutions:
#   Reduce memory load on the system
#   Increase physical memory or swap space
#   Check if swap backing store is full
#   Decrease Java heap size (-Xmx/-Xms)
#   Decrease number of Java threads
#   Decrease Java thread stack sizes (-Xss)
#   Set larger code cache with -XX:ReservedCodeCacheSize=
#   JVM is running with Unscaled Compressed Oops mode in which the Java heap is
#     placed in the first 4GB address space. The Java Heap base address is the
#     maximum limit for the native heap growth. Please use -XX:HeapBaseMinAddress
#     to set the Java Heap base and to place the Java Heap above 4GB virtual address.
# This output file may be truncated or incomplete.
#
#  Out of Memory Error (arena.cpp:191), pid=8348, tid=12528
#
# JRE version: OpenJDK Runtime Environment Temurin-17.0.11+9 (17.0.11+9) (build 17.0.11+9)
# Java VM: OpenJDK 64-Bit Server VM Temurin-17.0.11+9 (17.0.11+9, mixed mode, tiered, compressed oops, compressed class ptrs, parallel gc, windows-amd64)
# No core dump will be written. Minidumps are not enabled by default on client versions of Windows
#

---------------  S U M M A R Y ------------

Command Line: --add-modules=ALL-SYSTEM --add-opens=java.base/java.util=ALL-UNNAMED --add-opens=java.base/java.lang=ALL-UNNAMED --add-opens=java.base/sun.nio.fs=ALL-UNNAMED -Declipse.application=org.eclipse.jdt.ls.core.id1 -Dosgi.bundles.defaultStartLevel=4 -Declipse.product=org.eclipse.jdt.ls.core.product -Djava.import.generatesMetadataFilesAtProjectRoot=false -DDetectVMInstallationsJob.disabled=true -Dfile.encoding=utf8 -XX:+UseParallelGC -XX:GCTimeRatio=4 -XX:AdaptiveSizePolicyWeight=90 -Dsun.zip.disableMemoryMapping=true -Xmx1G -Xms100m -Xlog:disable -javaagent:c:\Users\REMEDIOS CONTRERAS\.vscode\extensions\redhat.java-1.31.0-win32-x64\lombok\lombok-1.18.32.jar -XX:+HeapDumpOnOutOfMemoryError -XX:HeapDumpPath=c:\Users\REMEDIOS CONTRERAS\AppData\Roaming\Code\User\workspaceStorage\072d14fccc246888f7abbe56b5e09719\redhat.java -Daether.dependencyCollector.impl=bf c:\Users\REMEDIOS CONTRERAS\.vscode\extensions\redhat.java-1.31.0-win32-x64\server\plugins\org.eclipse.equinox.launcher_1.6.800.v20240513-1750.jar -configuration c:\Users\REMEDIOS CONTRERAS\AppData\Roaming\Code\User\globalStorage\redhat.java\1.31.0\config_win -data c:\Users\REMEDIOS CONTRERAS\AppData\Roaming\Code\User\workspaceStorage\072d14fccc246888f7abbe56b5e09719\redhat.java\jdt_ws --pipe=\\.\pipe\lsp-3ba3631a037d3ed4c325873374507bb4-sock

Host: Intel(R) Core(TM) i5-10210U CPU @ 1.60GHz, 8 cores, 11G,  Windows 11 , 64 bit Build 22621 (10.0.22621.3672)
Time: Sun Jun 23 19:00:59 2024 Hora estándar central (México) elapsed time: 66.857890 seconds (0d 0h 1m 6s)

---------------  T H R E A D  ---------------

Current thread (0x0000017d7568b4e0):  JavaThread "C2 CompilerThread1" daemon [_thread_in_native, id=12528, stack(0x0000005b81a20000,0x0000005b81b20000)]


Current CompileTask:
C2:  66857 10526 % !   4       org.eclipse.jdt.internal.compiler.classfmt.ClassFileReader::<init> @ 63 (2158 bytes)

Stack: [0x0000005b81a20000,0x0000005b81b20000]
Native frames: (J=compiled Java code, j=interpreted, Vv=VM code, C=native code)
V  [jvm.dll+0x67d429]
V  [jvm.dll+0x834b7a]
V  [jvm.dll+0x83663e]
V  [jvm.dll+0x836ca3]
V  [jvm.dll+0x247dbf]
V  [jvm.dll+0xac534]
V  [jvm.dll+0xacb7c]
V  [jvm.dll+0x2af2cf]
V  [jvm.dll+0x5848b7]
V  [jvm.dll+0x222d82]
V  [jvm.dll+0x21c090]
V  [jvm.dll+0x2197a1]
V  [jvm.dll+0x1a534d]
V  [jvm.dll+0x2295cd]
V  [jvm.dll+0x22779c]
V  [jvm.dll+0x7e9d07]
V  [jvm.dll+0x7e410a]
V  [jvm.dll+0x67c315]
C  [ucrtbase.dll+0x29333]
C  [KERNEL32.DLL+0x1257d]
C  [ntdll.dll+0x5af28]


---------------  P R O C E S S  ---------------

Threads class SMR info:
_java_thread_list=0x0000017d76f86530, length=52, elements={
0x0000017d58cbe690, 0x0000017d6cb40020, 0x0000017d6cb42390, 0x0000017d6cb4cfe0,
0x0000017d6cb4d8b0, 0x0000017d6cb4e180, 0x0000017d6cb4eaf0, 0x0000017d71c434c0,
0x0000017d71c44ff0, 0x0000017d71c4f1d0, 0x0000017d58d21c20, 0x0000017d71f9d1e0,
0x0000017d73520070, 0x0000017d73923760, 0x0000017d73b54dd0, 0x0000017d74046b60,
0x0000017d73e6b020, 0x0000017d73817200, 0x0000017d73816cf0, 0x0000017d738158b0,
0x0000017d73815dc0, 0x0000017d7382cf20, 0x0000017d7382d940, 0x0000017d7382de50,
0x0000017d7382a6a0, 0x0000017d738269e0, 0x0000017d73829770, 0x0000017d7382bff0,
0x0000017d7382e360, 0x0000017d7382abb0, 0x0000017d7382c500, 0x0000017d7382a190,
0x0000017d7382b0c0, 0x0000017d73826ef0, 0x0000017d7382bae0, 0x0000017d73827400,
0x0000017d73827910, 0x0000017d73827e20, 0x0000017d73828330, 0x0000017d73828840,
0x0000017d73828d50, 0x0000017d73829260, 0x0000017d73829c80, 0x0000017d746b3a80,
0x0000017d746b9fc0, 0x0000017d746b49b0, 0x0000017d746b6810, 0x0000017d746b8b80,
0x0000017d746ba4d0, 0x0000017d746b3f90, 0x0000017d7568b4e0, 0x0000017d7568ba30
}

Java Threads: ( => current thread )
  0x0000017d58cbe690 JavaThread "main" [_thread_blocked, id=20640, stack(0x0000005bfda00000,0x0000005bfdb00000)]
  0x0000017d6cb40020 JavaThread "Reference Handler" daemon [_thread_blocked, id=13240, stack(0x0000005bfdd00000,0x0000005bfde00000)]
  0x0000017d6cb42390 JavaThread "Finalizer" daemon [_thread_blocked, id=16340, stack(0x0000005bfde00000,0x0000005bfdf00000)]
  0x0000017d6cb4cfe0 JavaThread "Signal Dispatcher" daemon [_thread_blocked, id=17100, stack(0x0000005bfdf00000,0x0000005bfe000000)]
  0x0000017d6cb4d8b0 JavaThread "Attach Listener" daemon [_thread_blocked, id=16424, stack(0x0000005bfe000000,0x0000005bfe100000)]
  0x0000017d6cb4e180 JavaThread "Service Thread" daemon [_thread_blocked, id=18712, stack(0x0000005bfe100000,0x0000005bfe200000)]
  0x0000017d6cb4eaf0 JavaThread "Monitor Deflation Thread" daemon [_thread_blocked, id=13492, stack(0x0000005bfe200000,0x0000005bfe300000)]
  0x0000017d71c434c0 JavaThread "C2 CompilerThread0" daemon [_thread_in_native, id=18964, stack(0x0000005bfe300000,0x0000005bfe400000)]
  0x0000017d71c44ff0 JavaThread "C1 CompilerThread0" daemon [_thread_blocked, id=2640, stack(0x0000005bfe400000,0x0000005bfe500000)]
  0x0000017d71c4f1d0 JavaThread "Sweeper thread" daemon [_thread_blocked, id=20796, stack(0x0000005bfe500000,0x0000005bfe600000)]
  0x0000017d58d21c20 JavaThread "Common-Cleaner" daemon [_thread_blocked, id=17736, stack(0x0000005bfe600000,0x0000005bfe700000)]
  0x0000017d71f9d1e0 JavaThread "Notification Thread" daemon [_thread_blocked, id=2604, stack(0x0000005bfe800000,0x0000005bfe900000)]
  0x0000017d73520070 JavaThread "Active Thread: Equinox Container: 06290dbf-6995-40e8-b4d2-f36bed9890a4" [_thread_blocked, id=1780, stack(0x0000005bff100000,0x0000005bff200000)]
  0x0000017d73923760 JavaThread "Framework Event Dispatcher: Equinox Container: 06290dbf-6995-40e8-b4d2-f36bed9890a4" daemon [_thread_blocked, id=8880, stack(0x0000005bff200000,0x0000005bff300000)]
  0x0000017d73b54dd0 JavaThread "Start Level: Equinox Container: 06290dbf-6995-40e8-b4d2-f36bed9890a4" daemon [_thread_blocked, id=18288, stack(0x0000005bff300000,0x0000005bff400000)]
  0x0000017d74046b60 JavaThread "Bundle File Closer" daemon [_thread_blocked, id=2244, stack(0x0000005bff500000,0x0000005bff600000)]
  0x0000017d73e6b020 JavaThread "SCR Component Actor" daemon [_thread_blocked, id=8596, stack(0x0000005bff600000,0x0000005bff700000)]
  0x0000017d73817200 JavaThread "Worker-JM" [_thread_blocked, id=6000, stack(0x0000005bff000000,0x0000005bff100000)]
  0x0000017d73816cf0 JavaThread "Worker-0" [_thread_blocked, id=21068, stack(0x0000005bff800000,0x0000005bff900000)]
  0x0000017d738158b0 JavaThread "Worker-1" [_thread_blocked, id=21368, stack(0x0000005bff900000,0x0000005bffa00000)]
  0x0000017d73815dc0 JavaThread "Java indexing" daemon [_thread_blocked, id=21476, stack(0x0000005bffb00000,0x0000005bffc00000)]
  0x0000017d7382cf20 JavaThread "JNA Cleaner" daemon [_thread_blocked, id=7896, stack(0x0000005bffc00000,0x0000005bffd00000)]
  0x0000017d7382d940 JavaThread "Worker-2" [_thread_blocked, id=20552, stack(0x0000005bffd00000,0x0000005bffe00000)]
  0x0000017d7382de50 JavaThread "Thread-2" daemon [_thread_in_native, id=1708, stack(0x0000005bffe00000,0x0000005bfff00000)]
  0x0000017d7382a6a0 JavaThread "Thread-3" daemon [_thread_in_native, id=13316, stack(0x0000005bfff00000,0x0000005c00000000)]
  0x0000017d738269e0 JavaThread "Thread-4" daemon [_thread_in_native, id=19868, stack(0x0000005b80000000,0x0000005b80100000)]
  0x0000017d73829770 JavaThread "Thread-5" daemon [_thread_in_native, id=21312, stack(0x0000005b80100000,0x0000005b80200000)]
  0x0000017d7382bff0 JavaThread "Thread-6" daemon [_thread_in_native, id=17720, stack(0x0000005b80200000,0x0000005b80300000)]
  0x0000017d7382e360 JavaThread "Thread-7" daemon [_thread_in_native, id=1528, stack(0x0000005b80300000,0x0000005b80400000)]
  0x0000017d7382abb0 JavaThread "Thread-8" daemon [_thread_in_native, id=19140, stack(0x0000005b80400000,0x0000005b80500000)]
  0x0000017d7382c500 JavaThread "Thread-9" daemon [_thread_in_native, id=20772, stack(0x0000005b80500000,0x0000005b80600000)]
  0x0000017d7382a190 JavaThread "Thread-10" daemon [_thread_in_native, id=17812, stack(0x0000005b80600000,0x0000005b80700000)]
  0x0000017d7382b0c0 JavaThread "pool-2-thread-1" [_thread_blocked, id=10744, stack(0x0000005b80700000,0x0000005b80800000)]
  0x0000017d73826ef0 JavaThread "WorkspaceEventsHandler" [_thread_blocked, id=15492, stack(0x0000005b80800000,0x0000005b80900000)]
  0x0000017d7382bae0 JavaThread "pool-1-thread-1" [_thread_blocked, id=2300, stack(0x0000005b80900000,0x0000005b80a00000)]
  0x0000017d73827400 JavaThread "Worker-3" [_thread_blocked, id=9356, stack(0x0000005b80a00000,0x0000005b80b00000)]
  0x0000017d73827910 JavaThread "ForkJoinPool.commonPool-worker-1" daemon [_thread_blocked, id=13052, stack(0x0000005b80d00000,0x0000005b80e00000)]
  0x0000017d73827e20 JavaThread "ForkJoinPool.commonPool-worker-2" daemon [_thread_blocked, id=20652, stack(0x0000005b80e00000,0x0000005b80f00000)]
  0x0000017d73828330 JavaThread "ForkJoinPool.commonPool-worker-3" daemon [_thread_blocked, id=3104, stack(0x0000005b80f00000,0x0000005b81000000)]
  0x0000017d73828840 JavaThread "ForkJoinPool.commonPool-worker-4" daemon [_thread_blocked, id=12436, stack(0x0000005b81000000,0x0000005b81100000)]
  0x0000017d73828d50 JavaThread "ForkJoinPool.commonPool-worker-5" daemon [_thread_blocked, id=9756, stack(0x0000005b81100000,0x0000005b81200000)]
  0x0000017d73829260 JavaThread "ForkJoinPool.commonPool-worker-6" daemon [_thread_blocked, id=18176, stack(0x0000005b81200000,0x0000005b81300000)]
  0x0000017d73829c80 JavaThread "ForkJoinPool.commonPool-worker-7" daemon [_thread_blocked, id=12308, stack(0x0000005b81300000,0x0000005b81400000)]
  0x0000017d746b3a80 JavaThread "Cleaner-0" daemon [_thread_blocked, id=16404, stack(0x0000005b81400000,0x0000005b81500000)]
  0x0000017d746b9fc0 JavaThread "Java Debug Server" daemon [_thread_in_native, id=10096, stack(0x0000005b80b00000,0x0000005b80c00000)]
  0x0000017d746b49b0 JavaThread "pool-4-thread-1" [_thread_in_native, id=19884, stack(0x0000005b80c00000,0x0000005b80d00000)]
  0x0000017d746b6810 JavaThread "RxSchedulerPurge-1" daemon [_thread_blocked, id=14800, stack(0x0000005b81700000,0x0000005b81800000)]
  0x0000017d746b8b80 JavaThread "RxCachedWorkerPoolEvictor-1" daemon [_thread_blocked, id=12604, stack(0x0000005b81800000,0x0000005b81900000)]
  0x0000017d746ba4d0 JavaThread "RxNewThreadScheduler-1" daemon [_thread_blocked, id=11636, stack(0x0000005b81900000,0x0000005b81a00000)]
  0x0000017d746b3f90 JavaThread "process reaper (pid 18016)" daemon [_thread_in_native, id=20156, stack(0x0000005b81a00000,0x0000005b81a20000)]
=>0x0000017d7568b4e0 JavaThread "C2 CompilerThread1" daemon [_thread_in_native, id=12528, stack(0x0000005b81a20000,0x0000005b81b20000)]
  0x0000017d7568ba30 JavaThread "C2 CompilerThread2" daemon [_thread_in_native, id=4724, stack(0x0000005b81b20000,0x0000005b81c20000)]

Other Threads:
  0x0000017d71c114b0 VMThread "VM Thread" [stack: 0x0000005bfdc00000,0x0000005bfdd00000] [id=6844]
  0x0000017d71f9d6c0 WatcherThread [stack: 0x0000005bfe900000,0x0000005bfea00000] [id=21428]
  0x0000017d58cd5500 GCTaskThread "GC Thread#0" [stack: 0x0000005bfdb00000,0x0000005bfdc00000] [id=17484]
  0x0000017d73322db0 GCTaskThread "GC Thread#1" [stack: 0x0000005bfe700000,0x0000005bfe800000] [id=7088]
  0x0000017d730848a0 GCTaskThread "GC Thread#2" [stack: 0x0000005bfea00000,0x0000005bfeb00000] [id=6988]
  0x0000017d73084b60 GCTaskThread "GC Thread#3" [stack: 0x0000005bfeb00000,0x0000005bfec00000] [id=15456]
  0x0000017d71d3ace0 GCTaskThread "GC Thread#4" [stack: 0x0000005bfec00000,0x0000005bfed00000] [id=8208]
  0x0000017d71d3afa0 GCTaskThread "GC Thread#5" [stack: 0x0000005bfed00000,0x0000005bfee00000] [id=2560]
  0x0000017d732ab0b0 GCTaskThread "GC Thread#6" [stack: 0x0000005bfee00000,0x0000005bfef00000] [id=21020]
  0x0000017d56aee890 GCTaskThread "GC Thread#7" [stack: 0x0000005bff400000,0x0000005bff500000] [id=2436]

Threads with active compile tasks:
C2 CompilerThread0    66877 10555       4       org.eclipse.jdt.internal.compiler.lookup.BinaryTypeBinding::createMethod (1724 bytes)
C2 CompilerThread1    66878 10526 % !   4       org.eclipse.jdt.internal.compiler.classfmt.ClassFileReader::<init> @ 63 (2158 bytes)
C2 CompilerThread2    66878 10534   !   4       org.eclipse.jdt.internal.core.NameLookup::getModuleDescription (232 bytes)

VM state: not at safepoint (normal execution)

VM Mutex/Monitor currently owned by a thread: None

Heap address: 0x00000000c0000000, size: 1024 MB, Compressed Oops mode: 32-bit

CDS archive(s) not mapped
Compressed class space mapped at: 0x0000000100000000-0x0000000140000000, reserved size: 1073741824
Narrow klass base: 0x0000000000000000, Narrow klass shift: 3, Narrow klass range: 0x140000000

GC Precious Log:
 CPUs: 8 total, 8 available
 Memory: 12121M
 Large Page Support: Disabled
 NUMA Support: Disabled
 Compressed Oops: Enabled (32-bit)
 Alignments: Space 512K, Generation 512K, Heap 2M
 Heap Min Capacity: 100M
 Heap Initial Capacity: 100M
 Heap Max Capacity: 1G
 Pre-touch: Disabled
 Parallel Workers: 8

Heap:
 PSYoungGen      total 36864K, used 6769K [0x00000000eab00000, 0x00000000ed580000, 0x0000000100000000)
  eden space 31232K, 3% used [0x00000000eab00000,0x00000000eac243d8,0x00000000ec980000)
  from space 5632K, 99% used [0x00000000ecb80000,0x00000000ed0f8268,0x00000000ed100000)
  to   space 4608K, 0% used [0x00000000ed100000,0x00000000ed100000,0x00000000ed580000)
 ParOldGen       total 113664K, used 106310K [0x00000000c0000000, 0x00000000c6f00000, 0x00000000eab00000)
  object space 113664K, 93% used [0x00000000c0000000,0x00000000c67d19f8,0x00000000c6f00000)
 Metaspace       used 75023K, committed 76416K, reserved 1179648K
  class space    used 7989K, committed 8640K, reserved 1048576K

Card table byte_map: [0x0000017d58680000,0x0000017d58890000] _byte_map_base: 0x0000017d58080000

Marking Bits: (ParMarkBitMap*) 0x00007ff9171ad820
 Begin Bits: [0x0000017d6a950000, 0x0000017d6b950000)
 End Bits:   [0x0000017d6b950000, 0x0000017d6c950000)

Polling page: 0x0000017d58470000

Metaspace:

Usage:
  Non-class:     65.46 MB used.
      Class:      7.80 MB used.
       Both:     73.27 MB used.

Virtual space:
  Non-class space:      128.00 MB reserved,      66.19 MB ( 52%) committed,  2 nodes.
      Class space:        1.00 GB reserved,       8.44 MB ( <1%) committed,  1 nodes.
             Both:        1.12 GB reserved,      74.62 MB (  6%) committed. 

Chunk freelists:
   Non-Class:  13.47 MB
       Class:  7.47 MB
        Both:  20.94 MB

MaxMetaspaceSize: unlimited
CompressedClassSpaceSize: 1.00 GB
Initial GC threshold: 21.00 MB
Current GC threshold: 107.12 MB
CDS: off
MetaspaceReclaimPolicy: balanced
 - commit_granule_bytes: 65536.
 - commit_granule_words: 8192.
 - virtual_space_node_default_size: 8388608.
 - enlarge_chunks_in_place: 1.
 - new_chunks_are_fully_committed: 0.
 - uncommit_free_chunks: 1.
 - use_allocation_guard: 0.
 - handle_deallocations: 1.


Internal statistics:

num_allocs_failed_limit: 9.
num_arena_births: 940.
num_arena_deaths: 14.
num_vsnodes_births: 3.
num_vsnodes_deaths: 0.
num_space_committed: 1194.
num_space_uncommitted: 0.
num_chunks_returned_to_freelist: 23.
num_chunks_taken_from_freelist: 4093.
num_chunk_merges: 11.
num_chunk_splits: 2523.
num_chunks_enlarged: 1431.
num_inconsistent_stats: 0.

CodeHeap 'non-profiled nmethods': size=120000Kb used=5935Kb max_used=5935Kb free=114065Kb
 bounds [0x0000017d63420000, 0x0000017d639f0000, 0x0000017d6a950000]
CodeHeap 'profiled nmethods': size=120000Kb used=19866Kb max_used=19866Kb free=100133Kb
 bounds [0x0000017d5b950000, 0x0000017d5ccc0000, 0x0000017d62e80000]
CodeHeap 'non-nmethods': size=5760Kb used=1397Kb max_used=1467Kb free=4362Kb
 bounds [0x0000017d62e80000, 0x0000017d630f0000, 0x0000017d63420000]
 total_blobs=9859 nmethods=9102 adapters=669
 compilation: enabled
              stopped_count=0, restarted_count=0
 full_count=0

Compilation events (20 events):
Event: 66.776 Thread 0x0000017d71c44ff0 10593       3       org.eclipse.jdt.internal.compiler.ASTVisitor::<init> (5 bytes)
Event: 66.776 Thread 0x0000017d71c44ff0 nmethod 10593 0x0000017d5ccadf10 code [0x0000017d5ccae0a0, 0x0000017d5ccae1f8]
Event: 66.776 Thread 0x0000017d71c44ff0 10598       3       org.eclipse.jdt.internal.core.ClassFile::getType (28 bytes)
Event: 66.776 Thread 0x0000017d71c44ff0 nmethod 10598 0x0000017d5ccae290 code [0x0000017d5ccae460, 0x0000017d5ccae8a8]
Event: 66.776 Thread 0x0000017d71c44ff0 10597       1       org.eclipse.jdt.internal.compiler.lookup.BlockScope::resolvingGuardExpression (5 bytes)
Event: 66.776 Thread 0x0000017d71c44ff0 nmethod 10597 0x0000017d639e4c10 code [0x0000017d639e4da0, 0x0000017d639e4e78]
Event: 66.777 Thread 0x0000017d71c44ff0 10599       3       org.eclipse.jdt.internal.core.SingleTypeRequestor::<init> (10 bytes)
Event: 66.777 Thread 0x0000017d71c44ff0 nmethod 10599 0x0000017d5ccaea90 code [0x0000017d5ccaec20, 0x0000017d5ccaed98]
Event: 66.777 Thread 0x0000017d71c44ff0 10600       3       org.eclipse.jdt.internal.core.NameLookup::seekTypesInWorkingCopies (441 bytes)
Event: 66.780 Thread 0x0000017d71c44ff0 nmethod 10600 0x0000017d5ccaee90 code [0x0000017d5ccaf4a0, 0x0000017d5ccb2d18]
Event: 66.780 Thread 0x0000017d71c44ff0 10603       3       org.eclipse.jdt.internal.compiler.lookup.ReferenceBinding::isEnum (15 bytes)
Event: 66.780 Thread 0x0000017d71c44ff0 nmethod 10603 0x0000017d5ccb3e10 code [0x0000017d5ccb3fa0, 0x0000017d5ccb4118]
Event: 66.780 Thread 0x0000017d71c44ff0 10601       3       org.eclipse.jdt.internal.core.NameLookup::findType (70 bytes)
Event: 66.781 Thread 0x0000017d71c44ff0 nmethod 10601 0x0000017d5ccb4190 code [0x0000017d5ccb43a0, 0x0000017d5ccb4b38]
Event: 66.781 Thread 0x0000017d71c44ff0 10602   !   3       org.eclipse.jdt.internal.core.NameLookup::seekTypes (281 bytes)
Event: 66.783 Thread 0x0000017d71c44ff0 nmethod 10602 0x0000017d5ccb4e90 code [0x0000017d5ccb5260, 0x0000017d5ccb6cc8]
Event: 66.783 Thread 0x0000017d71c44ff0 10604       3       org.eclipse.osgi.internal.log.EquinoxLogWriter::appendPaddedInt (76 bytes)
Event: 66.783 Thread 0x0000017d71c44ff0 nmethod 10604 0x0000017d5ccb7810 code [0x0000017d5ccb7a60, 0x0000017d5ccb8098]
Event: 66.819 Thread 0x0000017d71c434c0 nmethod 10445 0x0000017d639e4f10 code [0x0000017d639e5320, 0x0000017d639e97b0]
Event: 66.819 Thread 0x0000017d71c434c0 10555       4       org.eclipse.jdt.internal.compiler.lookup.BinaryTypeBinding::createMethod (1724 bytes)

GC Heap History (20 events):
Event: 15.344 GC heap before
{Heap before GC invocations=71 (full 5):
 PSYoungGen      total 31232K, used 31200K [0x00000000eab00000, 0x00000000ed000000, 0x0000000100000000)
  eden space 27136K, 100% used [0x00000000eab00000,0x00000000ec580000,0x00000000ec580000)
  from space 4096K, 99% used [0x00000000ec580000,0x00000000ec978000,0x00000000ec980000)
  to   space 4608K, 0% used [0x00000000ecb80000,0x00000000ecb80000,0x00000000ed000000)
 ParOldGen       total 113664K, used 99940K [0x00000000c0000000, 0x00000000c6f00000, 0x00000000eab00000)
  object space 113664K, 87% used [0x00000000c0000000,0x00000000c61993f0,0x00000000c6f00000)
 Metaspace       used 65897K, committed 67264K, reserved 1114112K
  class space    used 6984K, committed 7616K, reserved 1048576K
}
Event: 15.348 GC heap after
{Heap after GC invocations=71 (full 5):
 PSYoungGen      total 33280K, used 4384K [0x00000000eab00000, 0x00000000ed080000, 0x0000000100000000)
  eden space 28672K, 0% used [0x00000000eab00000,0x00000000eab00000,0x00000000ec700000)
  from space 4608K, 95% used [0x00000000ecb80000,0x00000000ecfc8000,0x00000000ed000000)
  to   space 4608K, 0% used [0x00000000ec700000,0x00000000ec700000,0x00000000ecb80000)
 ParOldGen       total 113664K, used 99948K [0x00000000c0000000, 0x00000000c6f00000, 0x00000000eab00000)
  object space 113664K, 87% used [0x00000000c0000000,0x00000000c619b3f0,0x00000000c6f00000)
 Metaspace       used 65897K, committed 67264K, reserved 1114112K
  class space    used 6984K, committed 7616K, reserved 1048576K
}
Event: 15.398 GC heap before
{Heap before GC invocations=72 (full 5):
 PSYoungGen      total 33280K, used 33056K [0x00000000eab00000, 0x00000000ed080000, 0x0000000100000000)
  eden space 28672K, 100% used [0x00000000eab00000,0x00000000ec700000,0x00000000ec700000)
  from space 4608K, 95% used [0x00000000ecb80000,0x00000000ecfc8000,0x00000000ed000000)
  to   space 4608K, 0% used [0x00000000ec700000,0x00000000ec700000,0x00000000ecb80000)
 ParOldGen       total 113664K, used 99948K [0x00000000c0000000, 0x00000000c6f00000, 0x00000000eab00000)
  object space 113664K, 87% used [0x00000000c0000000,0x00000000c619b3f0,0x00000000c6f00000)
 Metaspace       used 66186K, committed 67520K, reserved 1114112K
  class space    used 7007K, committed 7616K, reserved 1048576K
}
Event: 15.401 GC heap after
{Heap after GC invocations=72 (full 5):
 PSYoungGen      total 33280K, used 4608K [0x00000000eab00000, 0x00000000ed300000, 0x0000000100000000)
  eden space 28672K, 0% used [0x00000000eab00000,0x00000000eab00000,0x00000000ec700000)
  from space 4608K, 100% used [0x00000000ec700000,0x00000000ecb80000,0x00000000ecb80000)
  to   space 5120K, 0% used [0x00000000ece00000,0x00000000ece00000,0x00000000ed300000)
 ParOldGen       total 113664K, used 99996K [0x00000000c0000000, 0x00000000c6f00000, 0x00000000eab00000)
  object space 113664K, 87% used [0x00000000c0000000,0x00000000c61a73f0,0x00000000c6f00000)
 Metaspace       used 66186K, committed 67520K, reserved 1114112K
  class space    used 7007K, committed 7616K, reserved 1048576K
}
Event: 15.449 GC heap before
{Heap before GC invocations=73 (full 5):
 PSYoungGen      total 33280K, used 33280K [0x00000000eab00000, 0x00000000ed300000, 0x0000000100000000)
  eden space 28672K, 100% used [0x00000000eab00000,0x00000000ec700000,0x00000000ec700000)
  from space 4608K, 100% used [0x00000000ec700000,0x00000000ecb80000,0x00000000ecb80000)
  to   space 5120K, 0% used [0x00000000ece00000,0x00000000ece00000,0x00000000ed300000)
 ParOldGen       total 113664K, used 99996K [0x00000000c0000000, 0x00000000c6f00000, 0x00000000eab00000)
  object space 113664K, 87% used [0x00000000c0000000,0x00000000c61a73f0,0x00000000c6f00000)
 Metaspace       used 66194K, committed 67520K, reserved 1114112K
  class space    used 7007K, committed 7616K, reserved 1048576K
}
Event: 15.453 GC heap after
{Heap after GC invocations=73 (full 5):
 PSYoungGen      total 34816K, used 3840K [0x00000000eab00000, 0x00000000ed200000, 0x0000000100000000)
  eden space 30720K, 0% used [0x00000000eab00000,0x00000000eab00000,0x00000000ec900000)
  from space 4096K, 93% used [0x00000000ece00000,0x00000000ed1c0020,0x00000000ed200000)
  to   space 4608K, 0% used [0x00000000ec900000,0x00000000ec900000,0x00000000ecd80000)
 ParOldGen       total 113664K, used 101260K [0x00000000c0000000, 0x00000000c6f00000, 0x00000000eab00000)
  object space 113664K, 89% used [0x00000000c0000000,0x00000000c62e33f0,0x00000000c6f00000)
 Metaspace       used 66194K, committed 67520K, reserved 1114112K
  class space    used 7007K, committed 7616K, reserved 1048576K
}
Event: 15.509 GC heap before
{Heap before GC invocations=74 (full 5):
 PSYoungGen      total 34816K, used 34560K [0x00000000eab00000, 0x00000000ed200000, 0x0000000100000000)
  eden space 30720K, 100% used [0x00000000eab00000,0x00000000ec900000,0x00000000ec900000)
  from space 4096K, 93% used [0x00000000ece00000,0x00000000ed1c0020,0x00000000ed200000)
  to   space 4608K, 0% used [0x00000000ec900000,0x00000000ec900000,0x00000000ecd80000)
 ParOldGen       total 113664K, used 101260K [0x00000000c0000000, 0x00000000c6f00000, 0x00000000eab00000)
  object space 113664K, 89% used [0x00000000c0000000,0x00000000c62e33f0,0x00000000c6f00000)
 Metaspace       used 66215K, committed 67520K, reserved 1114112K
  class space    used 7011K, committed 7616K, reserved 1048576K
}
Event: 15.514 GC heap after
{Heap after GC invocations=74 (full 5):
 PSYoungGen      total 35328K, used 4593K [0x00000000eab00000, 0x00000000ed600000, 0x0000000100000000)
  eden space 30720K, 0% used [0x00000000eab00000,0x00000000eab00000,0x00000000ec900000)
  from space 4608K, 99% used [0x00000000ec900000,0x00000000ecd7c408,0x00000000ecd80000)
  to   space 5632K, 0% used [0x00000000ed080000,0x00000000ed080000,0x00000000ed600000)
 ParOldGen       total 113664K, used 101757K [0x00000000c0000000, 0x00000000c6f00000, 0x00000000eab00000)
  object space 113664K, 89% used [0x00000000c0000000,0x00000000c635f410,0x00000000c6f00000)
 Metaspace       used 66215K, committed 67520K, reserved 1114112K
  class space    used 7011K, committed 7616K, reserved 1048576K
}
Event: 15.572 GC heap before
{Heap before GC invocations=75 (full 5):
 PSYoungGen      total 35328K, used 35313K [0x00000000eab00000, 0x00000000ed600000, 0x0000000100000000)
  eden space 30720K, 100% used [0x00000000eab00000,0x00000000ec900000,0x00000000ec900000)
  from space 4608K, 99% used [0x00000000ec900000,0x00000000ecd7c408,0x00000000ecd80000)
  to   space 5632K, 0% used [0x00000000ed080000,0x00000000ed080000,0x00000000ed600000)
 ParOldGen       total 113664K, used 101757K [0x00000000c0000000, 0x00000000c6f00000, 0x00000000eab00000)
  object space 113664K, 89% used [0x00000000c0000000,0x00000000c635f410,0x00000000c6f00000)
 Metaspace       used 66231K, committed 67520K, reserved 1114112K
  class space    used 7012K, committed 7616K, reserved 1048576K
}
Event: 15.576 GC heap after
{Heap after GC invocations=75 (full 5):
 PSYoungGen      total 35840K, used 2880K [0x00000000eab00000, 0x00000000ed380000, 0x0000000100000000)
  eden space 32768K, 0% used [0x00000000eab00000,0x00000000eab00000,0x00000000ecb00000)
  from space 3072K, 93% used [0x00000000ed080000,0x00000000ed350000,0x00000000ed380000)
  to   space 4096K, 0% used [0x00000000ecb80000,0x00000000ecb80000,0x00000000ecf80000)
 ParOldGen       total 113664K, used 102908K [0x00000000c0000000, 0x00000000c6f00000, 0x00000000eab00000)
  object space 113664K, 90% used [0x00000000c0000000,0x00000000c647f1c0,0x00000000c6f00000)
 Metaspace       used 66231K, committed 67520K, reserved 1114112K
  class space    used 7012K, committed 7616K, reserved 1048576K
}
Event: 15.727 GC heap before
{Heap before GC invocations=76 (full 5):
 PSYoungGen      total 35840K, used 35648K [0x00000000eab00000, 0x00000000ed380000, 0x0000000100000000)
  eden space 32768K, 100% used [0x00000000eab00000,0x00000000ecb00000,0x00000000ecb00000)
  from space 3072K, 93% used [0x00000000ed080000,0x00000000ed350000,0x00000000ed380000)
  to   space 4096K, 0% used [0x00000000ecb80000,0x00000000ecb80000,0x00000000ecf80000)
 ParOldGen       total 113664K, used 102908K [0x00000000c0000000, 0x00000000c6f00000, 0x00000000eab00000)
  object space 113664K, 90% used [0x00000000c0000000,0x00000000c647f1c0,0x00000000c6f00000)
 Metaspace       used 66958K, committed 68288K, reserved 1114112K
  class space    used 7104K, committed 7744K, reserved 1048576K
}
Event: 15.731 GC heap after
{Heap after GC invocations=76 (full 5):
 PSYoungGen      total 37376K, used 4064K [0x00000000eab00000, 0x00000000ed600000, 0x0000000100000000)
  eden space 33280K, 0% used [0x00000000eab00000,0x00000000eab00000,0x00000000ecb80000)
  from space 4096K, 99% used [0x00000000ecb80000,0x00000000ecf78020,0x00000000ecf80000)
  to   space 4608K, 0% used [0x00000000ed180000,0x00000000ed180000,0x00000000ed600000)
 ParOldGen       total 113664K, used 102924K [0x00000000c0000000, 0x00000000c6f00000, 0x00000000eab00000)
  object space 113664K, 90% used [0x00000000c0000000,0x00000000c64831c0,0x00000000c6f00000)
 Metaspace       used 66958K, committed 68288K, reserved 1114112K
  class space    used 7104K, committed 7744K, reserved 1048576K
}
Event: 16.262 GC heap before
{Heap before GC invocations=77 (full 5):
 PSYoungGen      total 37376K, used 37314K [0x00000000eab00000, 0x00000000ed600000, 0x0000000100000000)
  eden space 33280K, 99% used [0x00000000eab00000,0x00000000ecb78aa0,0x00000000ecb80000)
  from space 4096K, 99% used [0x00000000ecb80000,0x00000000ecf78020,0x00000000ecf80000)
  to   space 4608K, 0% used [0x00000000ed180000,0x00000000ed180000,0x00000000ed600000)
 ParOldGen       total 113664K, used 102924K [0x00000000c0000000, 0x00000000c6f00000, 0x00000000eab00000)
  object space 113664K, 90% used [0x00000000c0000000,0x00000000c64831c0,0x00000000c6f00000)
 Metaspace       used 69615K, committed 70912K, reserved 1114112K
  class space    used 7334K, committed 7936K, reserved 1048576K
}
Event: 16.266 GC heap after
{Heap after GC invocations=77 (full 5):
 PSYoungGen      total 37376K, used 4236K [0x00000000eab00000, 0x00000000ed600000, 0x0000000100000000)
  eden space 32768K, 0% used [0x00000000eab00000,0x00000000eab00000,0x00000000ecb00000)
  from space 4608K, 91% used [0x00000000ed180000,0x00000000ed5a3348,0x00000000ed600000)
  to   space 4608K, 0% used [0x00000000ecd00000,0x00000000ecd00000,0x00000000ed180000)
 ParOldGen       total 113664K, used 103940K [0x00000000c0000000, 0x00000000c6f00000, 0x00000000eab00000)
  object space 113664K, 91% used [0x00000000c0000000,0x00000000c65811c0,0x00000000c6f00000)
 Metaspace       used 69615K, committed 70912K, reserved 1114112K
  class space    used 7334K, committed 7936K, reserved 1048576K
}
Event: 60.204 GC heap before
{Heap before GC invocations=78 (full 5):
 PSYoungGen      total 37376K, used 36751K [0x00000000eab00000, 0x00000000ed600000, 0x0000000100000000)
  eden space 32768K, 99% used [0x00000000eab00000,0x00000000ecac0c90,0x00000000ecb00000)
  from space 4608K, 91% used [0x00000000ed180000,0x00000000ed5a3348,0x00000000ed600000)
  to   space 4608K, 0% used [0x00000000ecd00000,0x00000000ecd00000,0x00000000ed180000)
 ParOldGen       total 113664K, used 103940K [0x00000000c0000000, 0x00000000c6f00000, 0x00000000eab00000)
  object space 113664K, 91% used [0x00000000c0000000,0x00000000c65811c0,0x00000000c6f00000)
 Metaspace       used 71514K, committed 72896K, reserved 1114112K
  class space    used 7501K, committed 8128K, reserved 1048576K
}
Event: 60.206 GC heap after
{Heap after GC invocations=78 (full 5):
 PSYoungGen      total 36864K, used 4582K [0x00000000eab00000, 0x00000000ed880000, 0x0000000100000000)
  eden space 32256K, 0% used [0x00000000eab00000,0x00000000eab00000,0x00000000eca80000)
  from space 4608K, 99% used [0x00000000ecd00000,0x00000000ed179b40,0x00000000ed180000)
  to   space 7168K, 0% used [0x00000000ed180000,0x00000000ed180000,0x00000000ed880000)
 ParOldGen       total 113664K, used 105878K [0x00000000c0000000, 0x00000000c6f00000, 0x00000000eab00000)
  object space 113664K, 93% used [0x00000000c0000000,0x00000000c67659f8,0x00000000c6f00000)
 Metaspace       used 71514K, committed 72896K, reserved 1114112K
  class space    used 7501K, committed 8128K, reserved 1048576K
}
Event: 64.378 GC heap before
{Heap before GC invocations=79 (full 5):
 PSYoungGen      total 36864K, used 36838K [0x00000000eab00000, 0x00000000ed880000, 0x0000000100000000)
  eden space 32256K, 100% used [0x00000000eab00000,0x00000000eca80000,0x00000000eca80000)
  from space 4608K, 99% used [0x00000000ecd00000,0x00000000ed179b40,0x00000000ed180000)
  to   space 7168K, 0% used [0x00000000ed180000,0x00000000ed180000,0x00000000ed880000)
 ParOldGen       total 113664K, used 105878K [0x00000000c0000000, 0x00000000c6f00000, 0x00000000eab00000)
  object space 113664K, 93% used [0x00000000c0000000,0x00000000c67659f8,0x00000000c6f00000)
 Metaspace       used 71957K, committed 73280K, reserved 1179648K
  class space    used 7572K, committed 8192K, reserved 1048576K
}
Event: 64.380 GC heap after
{Heap after GC invocations=79 (full 5):
 PSYoungGen      total 36864K, used 4773K [0x00000000eab00000, 0x00000000ed680000, 0x0000000100000000)
  eden space 31744K, 0% used [0x00000000eab00000,0x00000000eab00000,0x00000000eca00000)
  from space 5120K, 93% used [0x00000000ed180000,0x00000000ed6294d8,0x00000000ed680000)
  to   space 5632K, 0% used [0x00000000ecb80000,0x00000000ecb80000,0x00000000ed100000)
 ParOldGen       total 113664K, used 106062K [0x00000000c0000000, 0x00000000c6f00000, 0x00000000eab00000)
  object space 113664K, 93% used [0x00000000c0000000,0x00000000c67939f8,0x00000000c6f00000)
 Metaspace       used 71957K, committed 73280K, reserved 1179648K
  class space    used 7572K, committed 8192K, reserved 1048576K
}
Event: 66.748 GC heap before
{Heap before GC invocations=80 (full 5):
 PSYoungGen      total 36864K, used 36517K [0x00000000eab00000, 0x00000000ed680000, 0x0000000100000000)
  eden space 31744K, 100% used [0x00000000eab00000,0x00000000eca00000,0x00000000eca00000)
  from space 5120K, 93% used [0x00000000ed180000,0x00000000ed6294d8,0x00000000ed680000)
  to   space 5632K, 0% used [0x00000000ecb80000,0x00000000ecb80000,0x00000000ed100000)
 ParOldGen       total 113664K, used 106062K [0x00000000c0000000, 0x00000000c6f00000, 0x00000000eab00000)
  object space 113664K, 93% used [0x00000000c0000000,0x00000000c67939f8,0x00000000c6f00000)
 Metaspace       used 74992K, committed 76352K, reserved 1179648K
  class space    used 7989K, committed 8640K, reserved 1048576K
}
Event: 66.752 GC heap after
{Heap after GC invocations=80 (full 5):
 PSYoungGen      total 36864K, used 5600K [0x00000000eab00000, 0x00000000ed580000, 0x0000000100000000)
  eden space 31232K, 0% used [0x00000000eab00000,0x00000000eab00000,0x00000000ec980000)
  from space 5632K, 99% used [0x00000000ecb80000,0x00000000ed0f8268,0x00000000ed100000)
  to   space 4608K, 0% used [0x00000000ed100000,0x00000000ed100000,0x00000000ed580000)
 ParOldGen       total 113664K, used 106310K [0x00000000c0000000, 0x00000000c6f00000, 0x00000000eab00000)
  object space 113664K, 93% used [0x00000000c0000000,0x00000000c67d19f8,0x00000000c6f00000)
 Metaspace       used 74992K, committed 76352K, reserved 1179648K
  class space    used 7989K, committed 8640K, reserved 1048576K
}

Dll operation events (12 events):
Event: 0.018 Loaded shared library c:\Users\REMEDIOS CONTRERAS\.vscode\extensions\redhat.java-1.31.0-win32-x64\jre\17.0.11-win32-x86_64\bin\java.dll
Event: 0.355 Loaded shared library c:\Users\REMEDIOS CONTRERAS\.vscode\extensions\redhat.java-1.31.0-win32-x64\jre\17.0.11-win32-x86_64\bin\zip.dll
Event: 0.360 Loaded shared library C:\Users\REMEDIOS CONTRERAS\.vscode\extensions\redhat.java-1.31.0-win32-x64\jre\17.0.11-win32-x86_64\bin\instrument.dll
Event: 0.384 Loaded shared library C:\Users\REMEDIOS CONTRERAS\.vscode\extensions\redhat.java-1.31.0-win32-x64\jre\17.0.11-win32-x86_64\bin\net.dll
Event: 0.387 Loaded shared library C:\Users\REMEDIOS CONTRERAS\.vscode\extensions\redhat.java-1.31.0-win32-x64\jre\17.0.11-win32-x86_64\bin\nio.dll
Event: 0.404 Loaded shared library C:\Users\REMEDIOS CONTRERAS\.vscode\extensions\redhat.java-1.31.0-win32-x64\jre\17.0.11-win32-x86_64\bin\zip.dll
Event: 0.428 Loaded shared library C:\Users\REMEDIOS CONTRERAS\.vscode\extensions\redhat.java-1.31.0-win32-x64\jre\17.0.11-win32-x86_64\bin\jimage.dll
Event: 0.533 Loaded shared library c:\Users\REMEDIOS CONTRERAS\.vscode\extensions\redhat.java-1.31.0-win32-x64\jre\17.0.11-win32-x86_64\bin\verify.dll
Event: 2.150 Loaded shared library C:\Users\REMEDIOS CONTRERAS\AppData\Roaming\Code\User\globalStorage\redhat.java\1.31.0\config_win\org.eclipse.equinox.launcher\org.eclipse.equinox.launcher.win32.win32.x86_64_1.2.1000.v20240507-1834\eclipse_11902.dll
Event: 5.283 Loaded shared library C:\Users\REMEDIOS CONTRERAS\AppData\Local\Temp\jna--2055580013\jna1155669334240026150.dll
Event: 12.728 Loaded shared library C:\Users\REMEDIOS CONTRERAS\.vscode\extensions\redhat.java-1.31.0-win32-x64\jre\17.0.11-win32-x86_64\bin\sunmscapi.dll
Event: 64.399 Loaded shared library C:\Users\REMEDIOS CONTRERAS\.vscode\extensions\redhat.java-1.31.0-win32-x64\jre\17.0.11-win32-x86_64\bin\extnet.dll

Deoptimization events (20 events):
Event: 64.549 Thread 0x0000017d746ba4d0 Uncommon trap: trap_request=0xffffffde fr.pc=0x0000017d6384a608 relative=0x0000000000003968
Event: 64.549 Thread 0x0000017d746ba4d0 Uncommon trap: reason=class_check action=maybe_recompile pc=0x0000017d6384a608 method=com.google.gson.internal.bind.ArrayTypeAdapter.read(Lcom/google/gson/stream/JsonReader;)Ljava/lang/Object; @ 1 c2
Event: 64.549 Thread 0x0000017d746ba4d0 DEOPT PACKING pc=0x0000017d6384a608 sp=0x0000005b819fe5d0
Event: 64.549 Thread 0x0000017d746ba4d0 DEOPT UNPACKING pc=0x0000017d62ed66a3 sp=0x0000005b819fe650 mode 2
Event: 64.549 Thread 0x0000017d746ba4d0 Uncommon trap: trap_request=0xffffffde fr.pc=0x0000017d634ca078 relative=0x0000000000000218
Event: 64.549 Thread 0x0000017d746ba4d0 Uncommon trap: reason=class_check action=maybe_recompile pc=0x0000017d634ca078 method=com.google.gson.internal.bind.TypeAdapters$15.read(Lcom/google/gson/stream/JsonReader;)Ljava/lang/String; @ 1 c2
Event: 64.549 Thread 0x0000017d746ba4d0 DEOPT PACKING pc=0x0000017d634ca078 sp=0x0000005b819fe640
Event: 64.549 Thread 0x0000017d746ba4d0 DEOPT UNPACKING pc=0x0000017d62ed66a3 sp=0x0000005b819fe508 mode 2
Event: 64.556 Thread 0x0000017d746ba4d0 Uncommon trap: trap_request=0xffffff3d fr.pc=0x0000017d636ee264 relative=0x0000000000001f44
Event: 64.556 Thread 0x0000017d746ba4d0 Uncommon trap: reason=unstable_fused_if action=reinterpret pc=0x0000017d636ee264 method=sun.nio.fs.WindowsPathParser.isLetter(C)Z @ 15 c2
Event: 64.556 Thread 0x0000017d746ba4d0 DEOPT PACKING pc=0x0000017d636ee264 sp=0x0000005b819fe230
Event: 64.556 Thread 0x0000017d746ba4d0 DEOPT UNPACKING pc=0x0000017d62ed66a3 sp=0x0000005b819fe190 mode 2
Event: 64.634 Thread 0x0000017d73827910 Uncommon trap: trap_request=0xffffff45 fr.pc=0x0000017d637f84a4 relative=0x0000000000000704
Event: 64.634 Thread 0x0000017d73827910 Uncommon trap: reason=unstable_if action=reinterpret pc=0x0000017d637f84a4 method=java.net.URI.percentNormalizedComparison(Ljava/lang/String;Ljava/lang/String;Z)I @ 44 c2
Event: 64.634 Thread 0x0000017d73827910 DEOPT PACKING pc=0x0000017d637f84a4 sp=0x0000005b80dfe3a0
Event: 64.634 Thread 0x0000017d73827910 DEOPT UNPACKING pc=0x0000017d62ed66a3 sp=0x0000005b80dfe318 mode 2
Event: 64.634 Thread 0x0000017d73827910 Uncommon trap: trap_request=0xffffff45 fr.pc=0x0000017d63945760 relative=0x0000000000000040
Event: 64.634 Thread 0x0000017d73827910 Uncommon trap: reason=unstable_if action=reinterpret pc=0x0000017d63945760 method=java.net.URI.equal(Ljava/lang/String;Ljava/lang/String;)Z @ 10 c2
Event: 64.634 Thread 0x0000017d73827910 DEOPT PACKING pc=0x0000017d63945760 sp=0x0000005b80dfe400
Event: 64.634 Thread 0x0000017d73827910 DEOPT UNPACKING pc=0x0000017d62ed66a3 sp=0x0000005b80dfe370 mode 2

Classes unloaded (7 events):
Event: 5.068 Thread 0x0000017d71c114b0 Unloading class 0x000000010024a400 'java/lang/invoke/LambdaForm$MH+0x000000010024a400'
Event: 5.068 Thread 0x0000017d71c114b0 Unloading class 0x000000010024a000 'java/lang/invoke/LambdaForm$MH+0x000000010024a000'
Event: 5.068 Thread 0x0000017d71c114b0 Unloading class 0x0000000100249c00 'java/lang/invoke/LambdaForm$MH+0x0000000100249c00'
Event: 5.068 Thread 0x0000017d71c114b0 Unloading class 0x0000000100249800 'java/lang/invoke/LambdaForm$MH+0x0000000100249800'
Event: 5.068 Thread 0x0000017d71c114b0 Unloading class 0x0000000100249400 'java/lang/invoke/LambdaForm$BMH+0x0000000100249400'
Event: 5.068 Thread 0x0000017d71c114b0 Unloading class 0x0000000100249000 'java/lang/invoke/LambdaForm$DMH+0x0000000100249000'
Event: 5.068 Thread 0x0000017d71c114b0 Unloading class 0x0000000100244400 'java/lang/invoke/LambdaForm$DMH+0x0000000100244400'

Classes redefined (0 events):
No events

Internal exceptions (20 events):
Event: 16.110 Thread 0x0000017d7382d940 Exception <a 'java/lang/NoSuchMethodError'{0x00000000ebf7a528}: 'int java.lang.invoke.DirectMethodHandle$Holder.invokeStatic(java.lang.Object, int, java.lang.Object)'> (0x00000000ebf7a528) 
thrown [s\src\hotspot\share\interpreter\linkResolver.cpp, line 759]
Event: 16.137 Thread 0x0000017d7382d940 Exception <a 'java/io/FileNotFoundException'{0x00000000ec11d660}> (0x00000000ec11d660) 
thrown [s\src\hotspot\share\prims\jni.cpp, line 516]
Event: 16.137 Thread 0x0000017d7382d940 Exception <a 'java/io/FileNotFoundException'{0x00000000ec11e7e0}> (0x00000000ec11e7e0) 
thrown [s\src\hotspot\share\prims\jni.cpp, line 516]
Event: 16.137 Thread 0x0000017d7382d940 Exception <a 'java/io/FileNotFoundException'{0x00000000ec11f5e8}> (0x00000000ec11f5e8) 
thrown [s\src\hotspot\share\prims\jni.cpp, line 516]
Event: 64.246 Thread 0x0000017d73829c80 Exception <a 'sun/nio/fs/WindowsException'{0x00000000ebc67788}> (0x00000000ebc67788) 
thrown [s\src\hotspot\share\prims\jni.cpp, line 516]
Event: 64.246 Thread 0x0000017d73829c80 Exception <a 'sun/nio/fs/WindowsException'{0x00000000ebc68088}> (0x00000000ebc68088) 
thrown [s\src\hotspot\share\prims\jni.cpp, line 516]
Event: 64.247 Thread 0x0000017d73829c80 Exception <a 'sun/nio/fs/WindowsException'{0x00000000ebc68de8}> (0x00000000ebc68de8) 
thrown [s\src\hotspot\share\prims\jni.cpp, line 516]
Event: 64.247 Thread 0x0000017d73829c80 Exception <a 'sun/nio/fs/WindowsException'{0x00000000ebc696c8}> (0x00000000ebc696c8) 
thrown [s\src\hotspot\share\prims\jni.cpp, line 516]
Event: 64.247 Thread 0x0000017d73829c80 Exception <a 'sun/nio/fs/WindowsException'{0x00000000ebc6aed0}> (0x00000000ebc6aed0) 
thrown [s\src\hotspot\share\prims\jni.cpp, line 516]
Event: 64.247 Thread 0x0000017d73829c80 Exception <a 'sun/nio/fs/WindowsException'{0x00000000ebc6b508}> (0x00000000ebc6b508) 
thrown [s\src\hotspot\share\prims\jni.cpp, line 516]
Event: 64.249 Thread 0x0000017d73829c80 Exception <a 'sun/nio/fs/WindowsException'{0x00000000ebc89cd0}> (0x00000000ebc89cd0) 
thrown [s\src\hotspot\share\prims\jni.cpp, line 516]
Event: 64.249 Thread 0x0000017d73829c80 Exception <a 'sun/nio/fs/WindowsException'{0x00000000ebc8a5b0}> (0x00000000ebc8a5b0) 
thrown [s\src\hotspot\share\prims\jni.cpp, line 516]
Event: 64.415 Thread 0x0000017d746b49b0 Exception <a 'java/io/FileNotFoundException'{0x00000000eadc1e70}> (0x00000000eadc1e70) 
thrown [s\src\hotspot\share\prims\jni.cpp, line 516]
Event: 64.501 Thread 0x0000017d746b49b0 Exception <a 'java/lang/NoSuchMethodError'{0x00000000ebc66e88}: 'java.lang.Object java.lang.invoke.DirectMethodHandle$Holder.invokeVirtual(java.lang.Object, java.lang.Object, java.lang.Object, java.lang.Object)'> (0x00000000ebc66e88) 
thrown [s\src\hotspot\share\interpreter\linkResolver.cpp, line 759]
Event: 64.541 Thread 0x0000017d746ba4d0 Exception <a 'java/lang/NoSuchMethodError'{0x00000000ec079cc0}: 'java.lang.Object java.lang.invoke.DirectMethodHandle$Holder.invokeStatic(java.lang.Object, long, java.lang.Object, java.lang.Object)'> (0x00000000ec079cc0) 
thrown [s\src\hotspot\share\interpreter\linkResolver.cpp, line 759]
Event: 64.544 Thread 0x0000017d746ba4d0 Exception <a 'java/lang/NoSuchMethodError'{0x00000000ec080860}: 'java.lang.Object java.lang.invoke.DirectMethodHandle$Holder.newInvokeSpecial(java.lang.Object, long)'> (0x00000000ec080860) 
thrown [s\src\hotspot\share\interpreter\linkResolver.cpp, line 759]
Event: 64.561 Thread 0x0000017d746ba4d0 Exception <a 'sun/nio/fs/WindowsException'{0x00000000ec1072a8}> (0x00000000ec1072a8) 
thrown [s\src\hotspot\share\prims\jni.cpp, line 516]
Event: 64.561 Thread 0x0000017d746ba4d0 Exception <a 'sun/nio/fs/WindowsException'{0x00000000ec107598}> (0x00000000ec107598) 
thrown [s\src\hotspot\share\prims\jni.cpp, line 516]
Event: 64.562 Thread 0x0000017d746ba4d0 Exception <a 'sun/nio/fs/WindowsException'{0x00000000ec108910}> (0x00000000ec108910) 
thrown [s\src\hotspot\share\prims\jni.cpp, line 516]
Event: 64.562 Thread 0x0000017d746ba4d0 Exception <a 'sun/nio/fs/WindowsException'{0x00000000ec108bf8}> (0x00000000ec108bf8) 
thrown [s\src\hotspot\share\prims\jni.cpp, line 516]

VM Operations (20 events):
Event: 64.445 Executing VM operation: HandshakeAllThreads
Event: 64.445 Executing VM operation: HandshakeAllThreads done
Event: 64.458 Executing VM operation: HandshakeAllThreads
Event: 64.459 Executing VM operation: HandshakeAllThreads done
Event: 64.489 Executing VM operation: HandshakeAllThreads
Event: 64.489 Executing VM operation: HandshakeAllThreads done
Event: 64.492 Executing VM operation: HandshakeAllThreads
Event: 64.492 Executing VM operation: HandshakeAllThreads done
Event: 64.537 Executing VM operation: HandshakeAllThreads
Event: 64.538 Executing VM operation: HandshakeAllThreads done
Event: 64.565 Executing VM operation: HandshakeAllThreads
Event: 64.565 Executing VM operation: HandshakeAllThreads done
Event: 64.567 Executing VM operation: HandshakeAllThreads
Event: 64.567 Executing VM operation: HandshakeAllThreads done
Event: 64.577 Executing VM operation: HandshakeAllThreads
Event: 64.577 Executing VM operation: HandshakeAllThreads done
Event: 65.590 Executing VM operation: Cleanup
Event: 65.590 Executing VM operation: Cleanup done
Event: 66.748 Executing VM operation: ParallelGCFailedAllocation
Event: 66.752 Executing VM operation: ParallelGCFailedAllocation done

Events (20 events):
Event: 65.876 Thread 0x0000017d746b6300 Thread exited: 0x0000017d746b6300
Event: 65.877 loading class jdk/internal/reflect/UnsafeLongFieldAccessorImpl
Event: 65.877 loading class jdk/internal/reflect/UnsafeLongFieldAccessorImpl done
Event: 65.879 Thread 0x0000017d7568b4e0 Thread exited: 0x0000017d7568b4e0
Event: 65.890 loading class java/util/stream/IntPipeline$1
Event: 65.890 loading class java/util/stream/IntPipeline$1 done
Event: 65.890 loading class java/util/stream/IntPipeline$1$1
Event: 65.890 loading class java/util/stream/IntPipeline$1$1 done
Event: 65.938 loading class java/util/stream/Streams$RangeIntSpliterator
Event: 65.938 loading class java/util/stream/Streams$RangeIntSpliterator done
Event: 65.942 loading class java/lang/ProcessHandleImpl$ExitCompletion
Event: 65.942 loading class java/lang/ProcessHandleImpl$ExitCompletion done
Event: 65.942 loading class java/lang/ProcessHandleImpl$1
Event: 65.942 loading class java/lang/ProcessHandleImpl$1 done
Event: 65.942 Thread 0x0000017d746b3f90 Thread added: 0x0000017d746b3f90
Event: 65.943 loading class java/util/concurrent/CompletableFuture$UniHandle
Event: 65.943 loading class java/util/concurrent/CompletableFuture$UniHandle done
Event: 65.945 Thread 0x0000017d746b5df0 Thread exited: 0x0000017d746b5df0
Event: 66.666 Thread 0x0000017d7568b4e0 Thread added: 0x0000017d7568b4e0
Event: 66.666 Thread 0x0000017d7568ba30 Thread added: 0x0000017d7568ba30


Dynamic libraries:
0x00007ff7a3fc0000 - 0x00007ff7a3fce000 	c:\Users\REMEDIOS CONTRERAS\.vscode\extensions\redhat.java-1.31.0-win32-x64\jre\17.0.11-win32-x86_64\bin\java.exe
0x00007ff97a6b0000 - 0x00007ff97a8c7000 	C:\WINDOWS\SYSTEM32\ntdll.dll
0x00007ff9798f0000 - 0x00007ff9799b4000 	C:\WINDOWS\System32\KERNEL32.DLL
0x00007ff977f00000 - 0x00007ff9782ac000 	C:\WINDOWS\System32\KERNELBASE.dll
0x00007ff977ba0000 - 0x00007ff977cb1000 	C:\WINDOWS\System32\ucrtbase.dll
0x00007ff964bd0000 - 0x00007ff964be7000 	c:\Users\REMEDIOS CONTRERAS\.vscode\extensions\redhat.java-1.31.0-win32-x64\jre\17.0.11-win32-x86_64\bin\jli.dll
0x00007ff9783f0000 - 0x00007ff97859e000 	C:\WINDOWS\System32\USER32.dll
0x00007ff977b70000 - 0x00007ff977b96000 	C:\WINDOWS\System32\win32u.dll
0x00007ff978bd0000 - 0x00007ff978bf9000 	C:\WINDOWS\System32\GDI32.dll
0x00007ff977a50000 - 0x00007ff977b69000 	C:\WINDOWS\System32\gdi32full.dll
0x00007ff977cc0000 - 0x00007ff977d5a000 	C:\WINDOWS\System32\msvcp_win.dll
0x00007ff964ea0000 - 0x00007ff964ebb000 	c:\Users\REMEDIOS CONTRERAS\.vscode\extensions\redhat.java-1.31.0-win32-x64\jre\17.0.11-win32-x86_64\bin\VCRUNTIME140.dll
0x00007ff9657a0000 - 0x00007ff965a33000 	C:\WINDOWS\WinSxS\amd64_microsoft.windows.common-controls_6595b64144ccf1df_6.0.22621.3672_none_2713b9d173822955\COMCTL32.dll
0x00007ff978b20000 - 0x00007ff978bc7000 	C:\WINDOWS\System32\msvcrt.dll
0x00007ff979f80000 - 0x00007ff979fb1000 	C:\WINDOWS\System32\IMM32.DLL
0x00007ff970840000 - 0x00007ff97084c000 	c:\Users\REMEDIOS CONTRERAS\.vscode\extensions\redhat.java-1.31.0-win32-x64\jre\17.0.11-win32-x86_64\bin\vcruntime140_1.dll
0x00007ff948bc0000 - 0x00007ff948c4d000 	c:\Users\REMEDIOS CONTRERAS\.vscode\extensions\redhat.java-1.31.0-win32-x64\jre\17.0.11-win32-x86_64\bin\msvcp140.dll
0x00007ff916610000 - 0x00007ff917272000 	c:\Users\REMEDIOS CONTRERAS\.vscode\extensions\redhat.java-1.31.0-win32-x64\jre\17.0.11-win32-x86_64\bin\server\jvm.dll
0x00007ff9799c0000 - 0x00007ff979a72000 	C:\WINDOWS\System32\ADVAPI32.dll
0x00007ff979670000 - 0x00007ff97971a000 	C:\WINDOWS\System32\sechost.dll
0x00007ff977d60000 - 0x00007ff977d88000 	C:\WINDOWS\System32\bcrypt.dll
0x00007ff97a020000 - 0x00007ff97a135000 	C:\WINDOWS\System32\RPCRT4.dll
0x00007ff9778a0000 - 0x00007ff9778ed000 	C:\WINDOWS\SYSTEM32\POWRPROF.dll
0x00007ff9725a0000 - 0x00007ff9725a9000 	C:\WINDOWS\SYSTEM32\WSOCK32.dll
0x00007ff9785a0000 - 0x00007ff978611000 	C:\WINDOWS\System32\WS2_32.dll
0x00007ff972c60000 - 0x00007ff972c94000 	C:\WINDOWS\SYSTEM32\WINMM.dll
0x00007ff9728b0000 - 0x00007ff9728ba000 	C:\WINDOWS\SYSTEM32\VERSION.dll
0x00007ff977880000 - 0x00007ff977893000 	C:\WINDOWS\SYSTEM32\UMPDC.dll
0x00007ff976a10000 - 0x00007ff976a28000 	C:\WINDOWS\SYSTEM32\kernel.appcore.dll
0x00007ff9705b0000 - 0x00007ff9705ba000 	c:\Users\REMEDIOS CONTRERAS\.vscode\extensions\redhat.java-1.31.0-win32-x64\jre\17.0.11-win32-x86_64\bin\jimage.dll
0x00007ff9643e0000 - 0x00007ff964612000 	C:\WINDOWS\SYSTEM32\DBGHELP.DLL
0x00007ff979a80000 - 0x00007ff979e08000 	C:\WINDOWS\System32\combase.dll
0x00007ff979720000 - 0x00007ff9797f7000 	C:\WINDOWS\System32\OLEAUT32.dll
0x00007ff95ed50000 - 0x00007ff95ed82000 	C:\WINDOWS\SYSTEM32\dbgcore.DLL
0x00007ff9782b0000 - 0x00007ff97832b000 	C:\WINDOWS\System32\bcryptPrimitives.dll
0x00007ff970290000 - 0x00007ff97029e000 	c:\Users\REMEDIOS CONTRERAS\.vscode\extensions\redhat.java-1.31.0-win32-x64\jre\17.0.11-win32-x86_64\bin\instrument.dll
0x00007ff964760000 - 0x00007ff964785000 	c:\Users\REMEDIOS CONTRERAS\.vscode\extensions\redhat.java-1.31.0-win32-x64\jre\17.0.11-win32-x86_64\bin\java.dll
0x00007ff950730000 - 0x00007ff950748000 	c:\Users\REMEDIOS CONTRERAS\.vscode\extensions\redhat.java-1.31.0-win32-x64\jre\17.0.11-win32-x86_64\bin\zip.dll
0x00007ff978c00000 - 0x00007ff97945c000 	C:\WINDOWS\System32\SHELL32.dll
0x00007ff975930000 - 0x00007ff976227000 	C:\WINDOWS\SYSTEM32\windows.storage.dll
0x00007ff9757f0000 - 0x00007ff97592f000 	C:\WINDOWS\SYSTEM32\wintypes.dll
0x00007ff979480000 - 0x00007ff979574000 	C:\WINDOWS\System32\SHCORE.dll
0x00007ff978ac0000 - 0x00007ff978b1e000 	C:\WINDOWS\System32\shlwapi.dll
0x00007ff977910000 - 0x00007ff977931000 	C:\WINDOWS\SYSTEM32\profapi.dll
0x00007ff950710000 - 0x00007ff950729000 	C:\Users\REMEDIOS CONTRERAS\.vscode\extensions\redhat.java-1.31.0-win32-x64\jre\17.0.11-win32-x86_64\bin\net.dll
0x00007ff972ca0000 - 0x00007ff972dd6000 	C:\WINDOWS\SYSTEM32\WINHTTP.dll
0x00007ff976e80000 - 0x00007ff976ee9000 	C:\WINDOWS\system32\mswsock.dll
0x00007ff94ebe0000 - 0x00007ff94ebf6000 	C:\Users\REMEDIOS CONTRERAS\.vscode\extensions\redhat.java-1.31.0-win32-x64\jre\17.0.11-win32-x86_64\bin\nio.dll
0x00007ff96fcd0000 - 0x00007ff96fce0000 	c:\Users\REMEDIOS CONTRERAS\.vscode\extensions\redhat.java-1.31.0-win32-x64\jre\17.0.11-win32-x86_64\bin\verify.dll
0x00007ff9487d0000 - 0x00007ff948814000 	C:\Users\REMEDIOS CONTRERAS\AppData\Roaming\Code\User\globalStorage\redhat.java\1.31.0\config_win\org.eclipse.equinox.launcher\org.eclipse.equinox.launcher.win32.win32.x86_64_1.2.1000.v20240507-1834\eclipse_11902.dll
0x00007ff97a3c0000 - 0x00007ff97a565000 	C:\WINDOWS\System32\ole32.dll
0x00007ff9770f0000 - 0x00007ff97710b000 	C:\WINDOWS\SYSTEM32\CRYPTSP.dll
0x00007ff976970000 - 0x00007ff9769a5000 	C:\WINDOWS\system32\rsaenh.dll
0x00007ff976f80000 - 0x00007ff976fa8000 	C:\WINDOWS\SYSTEM32\USERENV.dll
0x00007ff9770e0000 - 0x00007ff9770ec000 	C:\WINDOWS\SYSTEM32\CRYPTBASE.dll
0x00007ff976490000 - 0x00007ff9764bd000 	C:\WINDOWS\SYSTEM32\IPHLPAPI.DLL
0x00007ff979580000 - 0x00007ff979589000 	C:\WINDOWS\System32\NSI.dll
0x00007ff972bd0000 - 0x00007ff972be9000 	C:\WINDOWS\SYSTEM32\dhcpcsvc6.DLL
0x00007ff972bb0000 - 0x00007ff972bcf000 	C:\WINDOWS\SYSTEM32\dhcpcsvc.DLL
0x00007ff976500000 - 0x00007ff9765f8000 	C:\WINDOWS\SYSTEM32\DNSAPI.dll
0x00007ff946c00000 - 0x00007ff946c45000 	C:\Users\REMEDIOS CONTRERAS\AppData\Local\Temp\jna--2055580013\jna1155669334240026150.dll
0x00007ff97a140000 - 0x00007ff97a148000 	C:\WINDOWS\System32\PSAPI.DLL
0x00007ff974c30000 - 0x00007ff974c3e000 	C:\Users\REMEDIOS CONTRERAS\.vscode\extensions\redhat.java-1.31.0-win32-x64\jre\17.0.11-win32-x86_64\bin\sunmscapi.dll
0x00007ff977d90000 - 0x00007ff977ef7000 	C:\WINDOWS\System32\CRYPT32.dll
0x00007ff9772a0000 - 0x00007ff9772ce000 	C:\WINDOWS\SYSTEM32\ncrypt.dll
0x00007ff977260000 - 0x00007ff977297000 	C:\WINDOWS\SYSTEM32\NTASN1.dll
0x00007ff972590000 - 0x00007ff972599000 	C:\Users\REMEDIOS CONTRERAS\.vscode\extensions\redhat.java-1.31.0-win32-x64\jre\17.0.11-win32-x86_64\bin\extnet.dll

dbghelp: loaded successfully - version: 4.0.5 - missing functions: none
symbol engine: initialized successfully - sym options: 0x614 - pdb path: .;c:\Users\REMEDIOS CONTRERAS\.vscode\extensions\redhat.java-1.31.0-win32-x64\jre\17.0.11-win32-x86_64\bin;C:\WINDOWS\SYSTEM32;C:\WINDOWS\WinSxS\amd64_microsoft.windows.common-controls_6595b64144ccf1df_6.0.22621.3672_none_2713b9d173822955;c:\Users\REMEDIOS CONTRERAS\.vscode\extensions\redhat.java-1.31.0-win32-x64\jre\17.0.11-win32-x86_64\bin\server;C:\Users\REMEDIOS CONTRERAS\AppData\Roaming\Code\User\globalStorage\redhat.java\1.31.0\config_win\org.eclipse.equinox.launcher\org.eclipse.equinox.launcher.win32.win32.x86_64_1.2.1000.v20240507-1834;C:\Users\REMEDIOS CONTRERAS\AppData\Local\Temp\jna--2055580013

VM Arguments:
jvm_args: --add-modules=ALL-SYSTEM --add-opens=java.base/java.util=ALL-UNNAMED --add-opens=java.base/java.lang=ALL-UNNAMED --add-opens=java.base/sun.nio.fs=ALL-UNNAMED -Declipse.application=org.eclipse.jdt.ls.core.id1 -Dosgi.bundles.defaultStartLevel=4 -Declipse.product=org.eclipse.jdt.ls.core.product -Djava.import.generatesMetadataFilesAtProjectRoot=false -DDetectVMInstallationsJob.disabled=true -Dfile.encoding=utf8 -XX:+UseParallelGC -XX:GCTimeRatio=4 -XX:AdaptiveSizePolicyWeight=90 -Dsun.zip.disableMemoryMapping=true -Xmx1G -Xms100m -Xlog:disable -javaagent:c:\Users\REMEDIOS CONTRERAS\.vscode\extensions\redhat.java-1.31.0-win32-x64\lombok\lombok-1.18.32.jar -XX:+HeapDumpOnOutOfMemoryError -XX:HeapDumpPath=c:\Users\REMEDIOS CONTRERAS\AppData\Roaming\Code\User\workspaceStorage\072d14fccc246888f7abbe56b5e09719\redhat.java -Daether.dependencyCollector.impl=bf 
java_command: c:\Users\REMEDIOS CONTRERAS\.vscode\extensions\redhat.java-1.31.0-win32-x64\server\plugins\org.eclipse.equinox.launcher_1.6.800.v20240513-1750.jar -configuration c:\Users\REMEDIOS CONTRERAS\AppData\Roaming\Code\User\globalStorage\redhat.java\1.31.0\config_win -data c:\Users\REMEDIOS CONTRERAS\AppData\Roaming\Code\User\workspaceStorage\072d14fccc246888f7abbe56b5e09719\redhat.java\jdt_ws --pipe=\\.\pipe\lsp-3ba3631a037d3ed4c325873374507bb4-sock
java_class_path (initial): c:\Users\REMEDIOS CONTRERAS\.vscode\extensions\redhat.java-1.31.0-win32-x64\server\plugins\org.eclipse.equinox.launcher_1.6.800.v20240513-1750.jar
Launcher Type: SUN_STANDARD

[Global flags]
    uintx AdaptiveSizePolicyWeight                 = 90                                        {product} {command line}
     intx CICompilerCount                          = 4                                         {product} {ergonomic}
    uintx GCTimeRatio                              = 4                                         {product} {command line}
     bool HeapDumpOnOutOfMemoryError               = true                                   {manageable} {command line}
    ccstr HeapDumpPath                             = c:\Users\REMEDIOS CONTRERAS\AppData\Roaming\Code\User\workspaceStorage\072d14fccc246888f7abbe56b5e09719\redhat.java         {manageable} {command line}
   size_t InitialHeapSize                          = 104857600                                 {product} {command line}
   size_t MaxHeapSize                              = 1073741824                                {product} {command line}
   size_t MaxNewSize                               = 357564416                                 {product} {ergonomic}
   size_t MinHeapDeltaBytes                        = 524288                                    {product} {ergonomic}
   size_t MinHeapSize                              = 104857600                                 {product} {command line}
   size_t NewSize                                  = 34603008                                  {product} {ergonomic}
    uintx NonNMethodCodeHeapSize                   = 5839372                                {pd product} {ergonomic}
    uintx NonProfiledCodeHeapSize                  = 122909434                              {pd product} {ergonomic}
   size_t OldSize                                  = 70254592                                  {product} {ergonomic}
    uintx ProfiledCodeHeapSize                     = 122909434                              {pd product} {ergonomic}
    uintx ReservedCodeCacheSize                    = 251658240                              {pd product} {ergonomic}
     bool SegmentedCodeCache                       = true                                      {product} {ergonomic}
   size_t SoftMaxHeapSize                          = 1073741824                             {manageable} {ergonomic}
     bool UseCompressedClassPointers               = true                           {product lp64_product} {ergonomic}
     bool UseCompressedOops                        = true                           {product lp64_product} {ergonomic}
     bool UseLargePagesIndividualAllocation        = false                                  {pd product} {ergonomic}
     bool UseParallelGC                            = true                                      {product} {command line}

Logging:
Log output configuration:
 #0: stdout all=off uptime,level,tags
 #1: stderr all=off uptime,level,tags

Environment Variables:
PATH=C:\Program Files\Common Files\Oracle\Java\javapath;C:\WINDOWS\system32;C:\WINDOWS;C:\WINDOWS\System32\Wbem;C:\WINDOWS\System32\WindowsPowerShell\v1.0\;C:\WINDOWS\System32\OpenSSH\;C:\Program Files\dotnet\;C:\Program Files\Git\cmd;C:\Program Files\nodejs\;C:\Program Files\MySQL\MySQL Shell 8.0\bin\;C:\Users\REMEDIOS CONTRERAS\AppData\Local\Microsoft\WindowsApps;C:\Users\REMEDIOS CONTRERAS\AppData\Local\GitHubDesktop\bin;C:\Users\REMEDIOS CONTRERAS\AppData\Local\Programs\Microsoft VS Code\bin;C:\Users\REMEDIOS CONTRERAS\AppData\Roaming\npm
USERNAME=REMEDIOS CONTRERAS
OS=Windows_NT
PROCESSOR_IDENTIFIER=Intel64 Family 6 Model 142 Stepping 12, GenuineIntel
TMP=C:\Users\REMEDI~1\AppData\Local\Temp
TEMP=C:\Users\REMEDI~1\AppData\Local\Temp



Periodic native trim disabled


---------------  S Y S T E M  ---------------

OS:
 Windows 11 , 64 bit Build 22621 (10.0.22621.3672)
OS uptime: 1 days 4:07 hours

CPU: total 8 (initial active 8) (4 cores per cpu, 2 threads per core) family 6 model 142 stepping 12 microcode 0xea, cx8, cmov, fxsr, ht, mmx, 3dnowpref, sse, sse2, sse3, ssse3, sse4.1, sse4.2, popcnt, lzcnt, tsc, tscinvbit, avx, avx2, aes, erms, clmul, bmi1, bmi2, adx, fma, vzeroupper, clflush, clflushopt
Processor Information for all 8 processors :
  Max Mhz: 2112, Current Mhz: 1609, Mhz Limit: 1605

Memory: 4k page, system-wide physical 12121M (2919M free)
TotalPageFile size 12121M (AvailPageFile size 5M)
current process WorkingSet (physical memory assigned to process): 361M, peak: 361M
current process commit charge ("private bytes"): 408M, peak: 409M

vm_info: OpenJDK 64-Bit Server VM (17.0.11+9) for windows-amd64 JRE (17.0.11+9), built on Apr 17 2024 06:07:48 by "admin" with MS VC++ 16.10 / 16.11 (VS2019)

END.
