#
# There is insufficient memory for the Java Runtime Environment to continue.
# Native memory allocation (malloc) failed to allocate 1190656 bytes. Error detail: Chunk::new
# Possible reasons:
#   The system is out of physical RAM or swap space
#   This process is running with CompressedOops enabled, and the Java Heap may be blocking the growth of the native heap
# Possible solutions:
#   Reduce memory load on the system
#   Increase physical memory or swap space
#   Check if swap backing store is full
#   Decrease Java heap size (-Xmx/-Xms)
#   Decrease number of Java threads
#   Decrease Java thread stack sizes (-Xss)
#   Set larger code cache with -XX:ReservedCodeCacheSize=
#   JVM is running with Unscaled Compressed Oops mode in which the Java heap is
#     placed in the first 4GB address space. The Java Heap base address is the
#     maximum limit for the native heap growth. Please use -XX:HeapBaseMinAddress
#     to set the Java Heap base and to place the Java Heap above 4GB virtual address.
# This output file may be truncated or incomplete.
#
#  Out of Memory Error (arena.cpp:191), pid=19880, tid=9628
#
# JRE version: OpenJDK Runtime Environment Temurin-17.0.11+9 (17.0.11+9) (build 17.0.11+9)
# Java VM: OpenJDK 64-Bit Server VM Temurin-17.0.11+9 (17.0.11+9, mixed mode, tiered, compressed oops, compressed class ptrs, parallel gc, windows-amd64)
# No core dump will be written. Minidumps are not enabled by default on client versions of Windows
#

---------------  S U M M A R Y ------------

Command Line: --add-modules=ALL-SYSTEM --add-opens=java.base/java.util=ALL-UNNAMED --add-opens=java.base/java.lang=ALL-UNNAMED --add-opens=java.base/sun.nio.fs=ALL-UNNAMED -Declipse.application=org.eclipse.jdt.ls.core.id1 -Dosgi.bundles.defaultStartLevel=4 -Declipse.product=org.eclipse.jdt.ls.core.product -Djava.import.generatesMetadataFilesAtProjectRoot=false -DDetectVMInstallationsJob.disabled=true -Dfile.encoding=utf8 -XX:+UseParallelGC -XX:GCTimeRatio=4 -XX:AdaptiveSizePolicyWeight=90 -Dsun.zip.disableMemoryMapping=true -Xmx1G -Xms100m -Xlog:disable -javaagent:c:\Users\REMEDIOS CONTRERAS\.vscode\extensions\redhat.java-1.31.0-win32-x64\lombok\lombok-1.18.32.jar -XX:+HeapDumpOnOutOfMemoryError -XX:HeapDumpPath=c:\Users\REMEDIOS CONTRERAS\AppData\Roaming\Code\User\workspaceStorage\072d14fccc246888f7abbe56b5e09719\redhat.java -Daether.dependencyCollector.impl=bf c:\Users\REMEDIOS CONTRERAS\.vscode\extensions\redhat.java-1.31.0-win32-x64\server\plugins\org.eclipse.equinox.launcher_1.6.800.v20240513-1750.jar -configuration c:\Users\REMEDIOS CONTRERAS\AppData\Roaming\Code\User\globalStorage\redhat.java\1.31.0\config_win -data c:\Users\REMEDIOS CONTRERAS\AppData\Roaming\Code\User\workspaceStorage\072d14fccc246888f7abbe56b5e09719\redhat.java\jdt_ws --pipe=\\.\pipe\lsp-59ab40e88fddc652817c82f61fb38417-sock

Host: Intel(R) Core(TM) i5-10210U CPU @ 1.60GHz, 8 cores, 11G,  Windows 11 , 64 bit Build 22621 (10.0.22621.3672)
Time: Wed Jun 19 09:26:01 2024 Hora estándar central (México) elapsed time: 2646.019546 seconds (0d 0h 44m 6s)

---------------  T H R E A D  ---------------

Current thread (0x000001b741067550):  JavaThread "C2 CompilerThread0" daemon [_thread_in_native, id=9628, stack(0x0000002802400000,0x0000002802500000)]


Current CompileTask:
C2:2646019 10682       4       org.eclipse.jdt.internal.compiler.lookup.BinaryTypeBinding::createMethod (1724 bytes)

Stack: [0x0000002802400000,0x0000002802500000]
Native frames: (J=compiled Java code, j=interpreted, Vv=VM code, C=native code)
V  [jvm.dll+0x67d429]
V  [jvm.dll+0x834b7a]
V  [jvm.dll+0x83663e]
V  [jvm.dll+0x836ca3]
V  [jvm.dll+0x247dbf]
V  [jvm.dll+0xac534]
V  [jvm.dll+0xacb7c]
V  [jvm.dll+0x2af2cf]
V  [jvm.dll+0x5848b7]
V  [jvm.dll+0x222d82]
V  [jvm.dll+0x22317f]
V  [jvm.dll+0x21c2a0]
V  [jvm.dll+0x2197a1]
V  [jvm.dll+0x1a534d]
V  [jvm.dll+0x2295cd]
V  [jvm.dll+0x22779c]
V  [jvm.dll+0x7e9d07]
V  [jvm.dll+0x7e410a]
V  [jvm.dll+0x67c315]
C  [ucrtbase.dll+0x29333]
C  [KERNEL32.DLL+0x1257d]
C  [ntdll.dll+0x5af28]


---------------  P R O C E S S  ---------------

Threads class SMR info:
_java_thread_list=0x000001b74478cf10, length=38, elements={
0x000001b7280de340, 0x000001b73bf64020, 0x000001b73bf65850, 0x000001b73bf69250,
0x000001b73bf6de00, 0x000001b73bf6ea80, 0x000001b7410657a0, 0x000001b741067550,
0x000001b7410c8300, 0x000001b7410ce4d0, 0x000001b7281421d0, 0x000001b7413c6dd0,
0x000001b742981ce0, 0x000001b742a880b0, 0x000001b7429d0450, 0x000001b742a43880,
0x000001b742dd2e10, 0x000001b742a5add0, 0x000001b742a59ea0, 0x000001b742a5bd00,
0x000001b742a5b2e0, 0x000001b742a5c210, 0x000001b742a5cc30, 0x000001b742a59480,
0x000001b742a5a8c0, 0x000001b7434a6dc0, 0x000001b7434a72d0, 0x000001b7434a9130,
0x000001b7434a68b0, 0x000001b7434a77e0, 0x000001b7434aa060, 0x000001b7434a2bf0,
0x000001b7434a63a0, 0x000001b7434a3b20, 0x000001b7447398a0, 0x000001b744734cb0,
0x000001b742950410, 0x000001b7457bd7e0
}

Java Threads: ( => current thread )
  0x000001b7280de340 JavaThread "main" [_thread_blocked, id=20952, stack(0x0000002801b00000,0x0000002801c00000)]
  0x000001b73bf64020 JavaThread "Reference Handler" daemon [_thread_blocked, id=8372, stack(0x0000002801e00000,0x0000002801f00000)]
  0x000001b73bf65850 JavaThread "Finalizer" daemon [_thread_blocked, id=1512, stack(0x0000002801f00000,0x0000002802000000)]
  0x000001b73bf69250 JavaThread "Signal Dispatcher" daemon [_thread_blocked, id=14736, stack(0x0000002802000000,0x0000002802100000)]
  0x000001b73bf6de00 JavaThread "Attach Listener" daemon [_thread_blocked, id=1860, stack(0x0000002802100000,0x0000002802200000)]
  0x000001b73bf6ea80 JavaThread "Service Thread" daemon [_thread_blocked, id=19732, stack(0x0000002802200000,0x0000002802300000)]
  0x000001b7410657a0 JavaThread "Monitor Deflation Thread" daemon [_thread_blocked, id=10632, stack(0x0000002802300000,0x0000002802400000)]
=>0x000001b741067550 JavaThread "C2 CompilerThread0" daemon [_thread_in_native, id=9628, stack(0x0000002802400000,0x0000002802500000)]
  0x000001b7410c8300 JavaThread "C1 CompilerThread0" daemon [_thread_blocked, id=7440, stack(0x0000002802500000,0x0000002802600000)]
  0x000001b7410ce4d0 JavaThread "Sweeper thread" daemon [_thread_blocked, id=21108, stack(0x0000002802600000,0x0000002802700000)]
  0x000001b7281421d0 JavaThread "Common-Cleaner" daemon [_thread_blocked, id=10424, stack(0x0000002802700000,0x0000002802800000)]
  0x000001b7413c6dd0 JavaThread "Notification Thread" daemon [_thread_blocked, id=18660, stack(0x0000002802900000,0x0000002802a00000)]
  0x000001b742981ce0 JavaThread "Active Thread: Equinox Container: ffbbb107-4dcd-4e39-86f9-e4d8cb31e9c4" [_thread_blocked, id=18020, stack(0x0000002803200000,0x0000002803300000)]
  0x000001b742a880b0 JavaThread "Framework Event Dispatcher: Equinox Container: ffbbb107-4dcd-4e39-86f9-e4d8cb31e9c4" daemon [_thread_blocked, id=7636, stack(0x0000002802800000,0x0000002802900000)]
  0x000001b7429d0450 JavaThread "Start Level: Equinox Container: ffbbb107-4dcd-4e39-86f9-e4d8cb31e9c4" daemon [_thread_blocked, id=17008, stack(0x0000002802b00000,0x0000002802c00000)]
  0x000001b742a43880 JavaThread "Bundle File Closer" daemon [_thread_blocked, id=4144, stack(0x0000002803400000,0x0000002803500000)]
  0x000001b742dd2e10 JavaThread "SCR Component Actor" daemon [_thread_blocked, id=13280, stack(0x0000002803500000,0x0000002803600000)]
  0x000001b742a5add0 JavaThread "Worker-JM" [_thread_blocked, id=10292, stack(0x0000002803800000,0x0000002803900000)]
  0x000001b742a59ea0 JavaThread "Worker-0" [_thread_blocked, id=3892, stack(0x0000002803700000,0x0000002803800000)]
  0x000001b742a5bd00 JavaThread "Worker-1" [_thread_blocked, id=12752, stack(0x0000002803900000,0x0000002803a00000)]
  0x000001b742a5b2e0 JavaThread "Java indexing" daemon [_thread_blocked, id=1852, stack(0x0000002803c00000,0x0000002803d00000)]
  0x000001b742a5c210 JavaThread "JNA Cleaner" daemon [_thread_blocked, id=9704, stack(0x0000002803b00000,0x0000002803c00000)]
  0x000001b742a5cc30 JavaThread "Thread-2" daemon [_thread_in_native, id=19344, stack(0x0000002803f00000,0x0000002804000000)]
  0x000001b742a59480 JavaThread "Thread-3" daemon [_thread_in_native, id=19632, stack(0x0000002804000000,0x0000002804100000)]
  0x000001b742a5a8c0 JavaThread "Thread-4" daemon [_thread_in_native, id=13964, stack(0x0000002804100000,0x0000002804200000)]
  0x000001b7434a6dc0 JavaThread "Thread-5" daemon [_thread_in_native, id=12240, stack(0x0000002804200000,0x0000002804300000)]
  0x000001b7434a72d0 JavaThread "Thread-6" daemon [_thread_in_native, id=2708, stack(0x0000002804300000,0x0000002804400000)]
  0x000001b7434a9130 JavaThread "Thread-7" daemon [_thread_in_native, id=7880, stack(0x0000002804400000,0x0000002804500000)]
  0x000001b7434a68b0 JavaThread "Thread-8" daemon [_thread_in_native, id=1880, stack(0x0000002804500000,0x0000002804600000)]
  0x000001b7434a77e0 JavaThread "Thread-9" daemon [_thread_in_native, id=19296, stack(0x0000002804600000,0x0000002804700000)]
  0x000001b7434aa060 JavaThread "Thread-10" daemon [_thread_in_native, id=16148, stack(0x0000002804700000,0x0000002804800000)]
  0x000001b7434a2bf0 JavaThread "pool-2-thread-1" [_thread_blocked, id=9236, stack(0x0000002804800000,0x0000002804900000)]
  0x000001b7434a63a0 JavaThread "WorkspaceEventsHandler" [_thread_blocked, id=17716, stack(0x0000002804900000,0x0000002804a00000)]
  0x000001b7434a3b20 JavaThread "pool-1-thread-1" [_thread_blocked, id=10348, stack(0x0000002804a00000,0x0000002804b00000)]
  0x000001b7447398a0 JavaThread "Cleaner-0" daemon [_thread_blocked, id=1612, stack(0x0000002805200000,0x0000002805300000)]
  0x000001b744734cb0 JavaThread "ForkJoinPool.commonPool-worker-8" daemon [_thread_blocked, id=15808, stack(0x0000002801800000,0x0000002801900000)]
  0x000001b742950410 JavaThread "C2 CompilerThread1" daemon [_thread_blocked, id=4296, stack(0x0000002801900000,0x0000002801a00000)]
  0x000001b7457bd7e0 JavaThread "C2 CompilerThread2" daemon [_thread_blocked, id=18428, stack(0x0000002801a00000,0x0000002801b00000)]

Other Threads:
  0x000001b728168160 VMThread "VM Thread" [stack: 0x0000002801d00000,0x0000002801e00000] [id=1208]
  0x000001b741303310 WatcherThread [stack: 0x0000002802a00000,0x0000002802b00000] [id=18744]
  0x000001b7280f5890 GCTaskThread "GC Thread#0" [stack: 0x0000002801c00000,0x0000002801d00000] [id=14084]
  0x000001b74267c8d0 GCTaskThread "GC Thread#1" [stack: 0x0000002802c00000,0x0000002802d00000] [id=21452]
  0x000001b742902030 GCTaskThread "GC Thread#2" [stack: 0x0000002802d00000,0x0000002802e00000] [id=7076]
  0x000001b74267cb90 GCTaskThread "GC Thread#3" [stack: 0x0000002802e00000,0x0000002802f00000] [id=18252]
  0x000001b74267ce50 GCTaskThread "GC Thread#4" [stack: 0x0000002802f00000,0x0000002803000000] [id=11360]
  0x000001b74267d110 GCTaskThread "GC Thread#5" [stack: 0x0000002803000000,0x0000002803100000] [id=16600]
  0x000001b74267d7e0 GCTaskThread "GC Thread#6" [stack: 0x0000002803100000,0x0000002803200000] [id=20640]
  0x000001b742bfe7f0 GCTaskThread "GC Thread#7" [stack: 0x0000002803300000,0x0000002803400000] [id=16156]

Threads with active compile tasks:
C2 CompilerThread0  2646041 10682       4       org.eclipse.jdt.internal.compiler.lookup.BinaryTypeBinding::createMethod (1724 bytes)

VM state: not at safepoint (normal execution)

VM Mutex/Monitor currently owned by a thread: None

Heap address: 0x00000000c0000000, size: 1024 MB, Compressed Oops mode: 32-bit

CDS archive(s) not mapped
Compressed class space mapped at: 0x0000000100000000-0x0000000140000000, reserved size: 1073741824
Narrow klass base: 0x0000000000000000, Narrow klass shift: 3, Narrow klass range: 0x140000000

GC Precious Log:
 CPUs: 8 total, 8 available
 Memory: 12121M
 Large Page Support: Disabled
 NUMA Support: Disabled
 Compressed Oops: Enabled (32-bit)
 Alignments: Space 512K, Generation 512K, Heap 2M
 Heap Min Capacity: 100M
 Heap Initial Capacity: 100M
 Heap Max Capacity: 1G
 Pre-touch: Disabled
 Parallel Workers: 8

Heap:
 PSYoungGen      total 25088K, used 14073K [0x00000000eab00000, 0x00000000ec780000, 0x0000000100000000)
  eden space 20992K, 48% used [0x00000000eab00000,0x00000000eb503b70,0x00000000ebf80000)
  from space 4096K, 93% used [0x00000000ec000000,0x00000000ec3baa80,0x00000000ec400000)
  to   space 3584K, 0% used [0x00000000ec400000,0x00000000ec400000,0x00000000ec780000)
 ParOldGen       total 120832K, used 95782K [0x00000000c0000000, 0x00000000c7600000, 0x00000000eab00000)
  object space 120832K, 79% used [0x00000000c0000000,0x00000000c5d89970,0x00000000c7600000)
 Metaspace       used 73133K, committed 74432K, reserved 1179648K
  class space    used 7633K, committed 8192K, reserved 1048576K

Card table byte_map: [0x000001b727a70000,0x000001b727c80000] _byte_map_base: 0x000001b727470000

Marking Bits: (ParMarkBitMap*) 0x00007ffd9dd1d820
 Begin Bits: [0x000001b739d70000, 0x000001b73ad70000)
 End Bits:   [0x000001b73ad70000, 0x000001b73bd70000)

Polling page: 0x000001b726070000

Metaspace:

Usage:
  Non-class:     63.96 MB used.
      Class:      7.45 MB used.
       Both:     71.42 MB used.

Virtual space:
  Non-class space:      128.00 MB reserved,      64.69 MB ( 51%) committed,  2 nodes.
      Class space:        1.00 GB reserved,       8.00 MB ( <1%) committed,  1 nodes.
             Both:        1.12 GB reserved,      72.69 MB (  6%) committed. 

Chunk freelists:
   Non-Class:  14.81 MB
       Class:  7.84 MB
        Both:  22.66 MB

MaxMetaspaceSize: unlimited
CompressedClassSpaceSize: 1.00 GB
Initial GC threshold: 21.00 MB
Current GC threshold: 106.69 MB
CDS: off
MetaspaceReclaimPolicy: balanced
 - commit_granule_bytes: 65536.
 - commit_granule_words: 8192.
 - virtual_space_node_default_size: 8388608.
 - enlarge_chunks_in_place: 1.
 - new_chunks_are_fully_committed: 0.
 - uncommit_free_chunks: 1.
 - use_allocation_guard: 0.
 - handle_deallocations: 1.


Internal statistics:

num_allocs_failed_limit: 9.
num_arena_births: 890.
num_arena_deaths: 14.
num_vsnodes_births: 3.
num_vsnodes_deaths: 0.
num_space_committed: 1163.
num_space_uncommitted: 0.
num_chunks_returned_to_freelist: 23.
num_chunks_taken_from_freelist: 3975.
num_chunk_merges: 11.
num_chunk_splits: 2423.
num_chunks_enlarged: 1362.
num_inconsistent_stats: 0.

CodeHeap 'non-profiled nmethods': size=120000Kb used=6157Kb max_used=6552Kb free=113842Kb
 bounds [0x000001b732840000, 0x000001b732eb0000, 0x000001b739d70000]
CodeHeap 'profiled nmethods': size=120000Kb used=18702Kb max_used=20680Kb free=101297Kb
 bounds [0x000001b72ad70000, 0x000001b72c1b0000, 0x000001b7322a0000]
CodeHeap 'non-nmethods': size=5760Kb used=1382Kb max_used=1461Kb free=4377Kb
 bounds [0x000001b7322a0000, 0x000001b732510000, 0x000001b732840000]
 total_blobs=9597 nmethods=8860 adapters=650
 compilation: enabled
              stopped_count=0, restarted_count=0
 full_count=0

Compilation events (20 events):
Event: 2645.849 Thread 0x000001b742950410 nmethod 10655 0x000001b732d02090 code [0x000001b732d02260, 0x000001b732d029d0]
Event: 2645.849 Thread 0x000001b742950410 10716       4       lombok.core.LombokNode::up (26 bytes)
Event: 2645.851 Thread 0x000001b742950410 nmethod 10716 0x000001b732952a90 code [0x000001b732952c00, 0x000001b732952c98]
Event: 2645.851 Thread 0x000001b742950410 10722       4       org.eclipse.jdt.internal.compiler.lookup.Binding::isValidBinding (11 bytes)
Event: 2645.851 Thread 0x000001b7457bd7e0 nmethod 10667 0x000001b732d43110 code [0x000001b732d43320, 0x000001b732d43f70]
Event: 2645.851 Thread 0x000001b7457bd7e0 10683       4       org.eclipse.jdt.internal.compiler.classfmt.MethodInfo::isConstructor (8 bytes)
Event: 2645.851 Thread 0x000001b742950410 nmethod 10722 0x000001b732af9190 code [0x000001b732af9300, 0x000001b732af9398]
Event: 2645.851 Thread 0x000001b742950410 10664       4       java.net.URI::hashCode (123 bytes)
Event: 2645.852 Thread 0x000001b7457bd7e0 nmethod 10683 0x000001b732af8e10 code [0x000001b732af8fa0, 0x000001b732af9088]
Event: 2645.857 Thread 0x000001b742950410 nmethod 10664 0x000001b732ccb690 code [0x000001b732ccb8c0, 0x000001b732ccc078]
Event: 2645.906 Thread 0x000001b7410c8300 10732       3       java.lang.String::format (16 bytes)
Event: 2645.907 Thread 0x000001b7410c8300 nmethod 10732 0x000001b72b9de690 code [0x000001b72b9de8c0, 0x000001b72b9defa8]
Event: 2645.907 Thread 0x000001b7410c8300 10733       3       java.util.Formatter::<init> (18 bytes)
Event: 2645.907 Thread 0x000001b7410c8300 nmethod 10733 0x000001b72af62e90 code [0x000001b72af63060, 0x000001b72af63398]
Event: 2645.907 Thread 0x000001b7410c8300 10734       3       java.util.Formatter::<init> (21 bytes)
Event: 2645.907 Thread 0x000001b7410c8300 nmethod 10734 0x000001b72b74bd90 code [0x000001b72b74bf20, 0x000001b72b74c0b8]
Event: 2645.909 Thread 0x000001b7410c8300 10735       3       java.util.regex.Pattern::range (294 bytes)
Event: 2645.910 Thread 0x000001b7410c8300 nmethod 10735 0x000001b72bfecc10 code [0x000001b72bfed080, 0x000001b72bfeed18]
Event: 2645.914 Thread 0x000001b7410c8300 10736       3       java.util.regex.Pattern::split (7 bytes)
Event: 2645.914 Thread 0x000001b7410c8300 nmethod 10736 0x000001b72b497890 code [0x000001b72b497a20, 0x000001b72b497b68]

GC Heap History (20 events):
Event: 35.899 GC heap before
{Heap before GC invocations=67 (full 5):
 PSYoungGen      total 23040K, used 23040K [0x00000000eab00000, 0x00000000ec480000, 0x0000000100000000)
  eden space 20992K, 100% used [0x00000000eab00000,0x00000000ebf80000,0x00000000ebf80000)
  from space 2048K, 100% used [0x00000000ebf80000,0x00000000ec180000,0x00000000ec180000)
  to   space 2560K, 0% used [0x00000000ec200000,0x00000000ec200000,0x00000000ec480000)
 ParOldGen       total 120832K, used 88605K [0x00000000c0000000, 0x00000000c7600000, 0x00000000eab00000)
  object space 120832K, 73% used [0x00000000c0000000,0x00000000c5687528,0x00000000c7600000)
 Metaspace       used 65873K, committed 67136K, reserved 1114112K
  class space    used 6966K, committed 7488K, reserved 1048576K
}
Event: 35.901 GC heap after
{Heap after GC invocations=67 (full 5):
 PSYoungGen      total 23040K, used 1696K [0x00000000eab00000, 0x00000000ec400000, 0x0000000100000000)
  eden space 20992K, 0% used [0x00000000eab00000,0x00000000eab00000,0x00000000ebf80000)
  from space 2048K, 82% used [0x00000000ec200000,0x00000000ec3a8000,0x00000000ec400000)
  to   space 2048K, 0% used [0x00000000ebf80000,0x00000000ebf80000,0x00000000ec180000)
 ParOldGen       total 120832K, used 89365K [0x00000000c0000000, 0x00000000c7600000, 0x00000000eab00000)
  object space 120832K, 73% used [0x00000000c0000000,0x00000000c5745528,0x00000000c7600000)
 Metaspace       used 65873K, committed 67136K, reserved 1114112K
  class space    used 6966K, committed 7488K, reserved 1048576K
}
Event: 36.000 GC heap before
{Heap before GC invocations=68 (full 5):
 PSYoungGen      total 23040K, used 22688K [0x00000000eab00000, 0x00000000ec400000, 0x0000000100000000)
  eden space 20992K, 100% used [0x00000000eab00000,0x00000000ebf80000,0x00000000ebf80000)
  from space 2048K, 82% used [0x00000000ec200000,0x00000000ec3a8000,0x00000000ec400000)
  to   space 2048K, 0% used [0x00000000ebf80000,0x00000000ebf80000,0x00000000ec180000)
 ParOldGen       total 120832K, used 89365K [0x00000000c0000000, 0x00000000c7600000, 0x00000000eab00000)
  object space 120832K, 73% used [0x00000000c0000000,0x00000000c5745528,0x00000000c7600000)
 Metaspace       used 65881K, committed 67136K, reserved 1114112K
  class space    used 6966K, committed 7488K, reserved 1048576K
}
Event: 36.002 GC heap after
{Heap after GC invocations=68 (full 5):
 PSYoungGen      total 23040K, used 2048K [0x00000000eab00000, 0x00000000ec480000, 0x0000000100000000)
  eden space 20992K, 0% used [0x00000000eab00000,0x00000000eab00000,0x00000000ebf80000)
  from space 2048K, 100% used [0x00000000ebf80000,0x00000000ec180000,0x00000000ec180000)
  to   space 2560K, 0% used [0x00000000ec200000,0x00000000ec200000,0x00000000ec480000)
 ParOldGen       total 120832K, used 89413K [0x00000000c0000000, 0x00000000c7600000, 0x00000000eab00000)
  object space 120832K, 73% used [0x00000000c0000000,0x00000000c5751528,0x00000000c7600000)
 Metaspace       used 65881K, committed 67136K, reserved 1114112K
  class space    used 6966K, committed 7488K, reserved 1048576K
}
Event: 36.316 GC heap before
{Heap before GC invocations=69 (full 5):
 PSYoungGen      total 23040K, used 23040K [0x00000000eab00000, 0x00000000ec480000, 0x0000000100000000)
  eden space 20992K, 100% used [0x00000000eab00000,0x00000000ebf80000,0x00000000ebf80000)
  from space 2048K, 100% used [0x00000000ebf80000,0x00000000ec180000,0x00000000ec180000)
  to   space 2560K, 0% used [0x00000000ec200000,0x00000000ec200000,0x00000000ec480000)
 ParOldGen       total 120832K, used 89413K [0x00000000c0000000, 0x00000000c7600000, 0x00000000eab00000)
  object space 120832K, 73% used [0x00000000c0000000,0x00000000c5751528,0x00000000c7600000)
 Metaspace       used 65945K, committed 67200K, reserved 1114112K
  class space    used 6969K, committed 7488K, reserved 1048576K
}
Event: 36.319 GC heap after
{Heap after GC invocations=69 (full 5):
 PSYoungGen      total 23552K, used 2176K [0x00000000eab00000, 0x00000000ec480000, 0x0000000100000000)
  eden space 20992K, 0% used [0x00000000eab00000,0x00000000eab00000,0x00000000ebf80000)
  from space 2560K, 85% used [0x00000000ec200000,0x00000000ec420000,0x00000000ec480000)
  to   space 2560K, 0% used [0x00000000ebf80000,0x00000000ebf80000,0x00000000ec200000)
 ParOldGen       total 120832K, used 90221K [0x00000000c0000000, 0x00000000c7600000, 0x00000000eab00000)
  object space 120832K, 74% used [0x00000000c0000000,0x00000000c581b528,0x00000000c7600000)
 Metaspace       used 65945K, committed 67200K, reserved 1114112K
  class space    used 6969K, committed 7488K, reserved 1048576K
}
Event: 36.932 GC heap before
{Heap before GC invocations=70 (full 5):
 PSYoungGen      total 23552K, used 23168K [0x00000000eab00000, 0x00000000ec480000, 0x0000000100000000)
  eden space 20992K, 100% used [0x00000000eab00000,0x00000000ebf80000,0x00000000ebf80000)
  from space 2560K, 85% used [0x00000000ec200000,0x00000000ec420000,0x00000000ec480000)
  to   space 2560K, 0% used [0x00000000ebf80000,0x00000000ebf80000,0x00000000ec200000)
 ParOldGen       total 120832K, used 90221K [0x00000000c0000000, 0x00000000c7600000, 0x00000000eab00000)
  object space 120832K, 74% used [0x00000000c0000000,0x00000000c581b528,0x00000000c7600000)
 Metaspace       used 66305K, committed 67584K, reserved 1114112K
  class space    used 6999K, committed 7552K, reserved 1048576K
}
Event: 36.934 GC heap after
{Heap after GC invocations=70 (full 5):
 PSYoungGen      total 23552K, used 2531K [0x00000000eab00000, 0x00000000ec580000, 0x0000000100000000)
  eden space 20992K, 0% used [0x00000000eab00000,0x00000000eab00000,0x00000000ebf80000)
  from space 2560K, 98% used [0x00000000ebf80000,0x00000000ec1f8e98,0x00000000ec200000)
  to   space 3072K, 0% used [0x00000000ec280000,0x00000000ec280000,0x00000000ec580000)
 ParOldGen       total 120832K, used 90397K [0x00000000c0000000, 0x00000000c7600000, 0x00000000eab00000)
  object space 120832K, 74% used [0x00000000c0000000,0x00000000c58476f0,0x00000000c7600000)
 Metaspace       used 66305K, committed 67584K, reserved 1114112K
  class space    used 6999K, committed 7552K, reserved 1048576K
}
Event: 38.886 GC heap before
{Heap before GC invocations=71 (full 5):
 PSYoungGen      total 23552K, used 23523K [0x00000000eab00000, 0x00000000ec580000, 0x0000000100000000)
  eden space 20992K, 99% used [0x00000000eab00000,0x00000000ebf7ffc8,0x00000000ebf80000)
  from space 2560K, 98% used [0x00000000ebf80000,0x00000000ec1f8e98,0x00000000ec200000)
  to   space 3072K, 0% used [0x00000000ec280000,0x00000000ec280000,0x00000000ec580000)
 ParOldGen       total 120832K, used 90397K [0x00000000c0000000, 0x00000000c7600000, 0x00000000eab00000)
  object space 120832K, 74% used [0x00000000c0000000,0x00000000c58476f0,0x00000000c7600000)
 Metaspace       used 66309K, committed 67584K, reserved 1114112K
  class space    used 6999K, committed 7552K, reserved 1048576K
}
Event: 38.889 GC heap after
{Heap after GC invocations=71 (full 5):
 PSYoungGen      total 23552K, used 2339K [0x00000000eab00000, 0x00000000ec500000, 0x0000000100000000)
  eden space 20992K, 0% used [0x00000000eab00000,0x00000000eab00000,0x00000000ebf80000)
  from space 2560K, 91% used [0x00000000ec280000,0x00000000ec4c8ee8,0x00000000ec500000)
  to   space 2560K, 0% used [0x00000000ebf80000,0x00000000ebf80000,0x00000000ec200000)
 ParOldGen       total 120832K, used 91197K [0x00000000c0000000, 0x00000000c7600000, 0x00000000eab00000)
  object space 120832K, 75% used [0x00000000c0000000,0x00000000c590f6f0,0x00000000c7600000)
 Metaspace       used 66309K, committed 67584K, reserved 1114112K
  class space    used 6999K, committed 7552K, reserved 1048576K
}
Event: 39.055 GC heap before
{Heap before GC invocations=72 (full 5):
 PSYoungGen      total 23552K, used 23331K [0x00000000eab00000, 0x00000000ec500000, 0x0000000100000000)
  eden space 20992K, 100% used [0x00000000eab00000,0x00000000ebf80000,0x00000000ebf80000)
  from space 2560K, 91% used [0x00000000ec280000,0x00000000ec4c8ee8,0x00000000ec500000)
  to   space 2560K, 0% used [0x00000000ebf80000,0x00000000ebf80000,0x00000000ec200000)
 ParOldGen       total 120832K, used 91197K [0x00000000c0000000, 0x00000000c7600000, 0x00000000eab00000)
  object space 120832K, 75% used [0x00000000c0000000,0x00000000c590f6f0,0x00000000c7600000)
 Metaspace       used 66818K, committed 68096K, reserved 1114112K
  class space    used 7059K, committed 7616K, reserved 1048576K
}
Event: 39.058 GC heap after
{Heap after GC invocations=72 (full 5):
 PSYoungGen      total 23552K, used 2552K [0x00000000eab00000, 0x00000000ec680000, 0x0000000100000000)
  eden space 20992K, 0% used [0x00000000eab00000,0x00000000eab00000,0x00000000ebf80000)
  from space 2560K, 99% used [0x00000000ebf80000,0x00000000ec1fe0d8,0x00000000ec200000)
  to   space 3584K, 0% used [0x00000000ec300000,0x00000000ec300000,0x00000000ec680000)
 ParOldGen       total 120832K, used 91858K [0x00000000c0000000, 0x00000000c7600000, 0x00000000eab00000)
  object space 120832K, 76% used [0x00000000c0000000,0x00000000c59b4930,0x00000000c7600000)
 Metaspace       used 66818K, committed 68096K, reserved 1114112K
  class space    used 7059K, committed 7616K, reserved 1048576K
}
Event: 39.526 GC heap before
{Heap before GC invocations=73 (full 5):
 PSYoungGen      total 23552K, used 23544K [0x00000000eab00000, 0x00000000ec680000, 0x0000000100000000)
  eden space 20992K, 100% used [0x00000000eab00000,0x00000000ebf80000,0x00000000ebf80000)
  from space 2560K, 99% used [0x00000000ebf80000,0x00000000ec1fe0d8,0x00000000ec200000)
  to   space 3584K, 0% used [0x00000000ec300000,0x00000000ec300000,0x00000000ec680000)
 ParOldGen       total 120832K, used 91858K [0x00000000c0000000, 0x00000000c7600000, 0x00000000eab00000)
  object space 120832K, 76% used [0x00000000c0000000,0x00000000c59b4930,0x00000000c7600000)
 Metaspace       used 67778K, committed 69056K, reserved 1114112K
  class space    used 7150K, committed 7680K, reserved 1048576K
}
Event: 39.533 GC heap after
{Heap after GC invocations=73 (full 5):
 PSYoungGen      total 24064K, used 2780K [0x00000000eab00000, 0x00000000ec600000, 0x0000000100000000)
  eden space 20992K, 0% used [0x00000000eab00000,0x00000000eab00000,0x00000000ebf80000)
  from space 3072K, 90% used [0x00000000ec300000,0x00000000ec5b7340,0x00000000ec600000)
  to   space 3072K, 0% used [0x00000000ec000000,0x00000000ec000000,0x00000000ec300000)
 ParOldGen       total 120832K, used 93042K [0x00000000c0000000, 0x00000000c7600000, 0x00000000eab00000)
  object space 120832K, 77% used [0x00000000c0000000,0x00000000c5adc930,0x00000000c7600000)
 Metaspace       used 67778K, committed 69056K, reserved 1114112K
  class space    used 7150K, committed 7680K, reserved 1048576K
}
Event: 40.197 GC heap before
{Heap before GC invocations=74 (full 5):
 PSYoungGen      total 24064K, used 23711K [0x00000000eab00000, 0x00000000ec600000, 0x0000000100000000)
  eden space 20992K, 99% used [0x00000000eab00000,0x00000000ebf70a80,0x00000000ebf80000)
  from space 3072K, 90% used [0x00000000ec300000,0x00000000ec5b7340,0x00000000ec600000)
  to   space 3072K, 0% used [0x00000000ec000000,0x00000000ec000000,0x00000000ec300000)
 ParOldGen       total 120832K, used 93042K [0x00000000c0000000, 0x00000000c7600000, 0x00000000eab00000)
  object space 120832K, 77% used [0x00000000c0000000,0x00000000c5adc930,0x00000000c7600000)
 Metaspace       used 70053K, committed 71360K, reserved 1114112K
  class space    used 7355K, committed 7936K, reserved 1048576K
}
Event: 40.202 GC heap after
{Heap after GC invocations=74 (full 5):
 PSYoungGen      total 24064K, used 3062K [0x00000000eab00000, 0x00000000eca80000, 0x0000000100000000)
  eden space 20992K, 0% used [0x00000000eab00000,0x00000000eab00000,0x00000000ebf80000)
  from space 3072K, 99% used [0x00000000ec000000,0x00000000ec2fd930,0x00000000ec300000)
  to   space 5632K, 0% used [0x00000000ec500000,0x00000000ec500000,0x00000000eca80000)
 ParOldGen       total 120832K, used 94959K [0x00000000c0000000, 0x00000000c7600000, 0x00000000eab00000)
  object space 120832K, 78% used [0x00000000c0000000,0x00000000c5cbbcb8,0x00000000c7600000)
 Metaspace       used 70053K, committed 71360K, reserved 1114112K
  class space    used 7355K, committed 7936K, reserved 1048576K
}
Event: 40.696 GC heap before
{Heap before GC invocations=75 (full 5):
 PSYoungGen      total 24064K, used 24054K [0x00000000eab00000, 0x00000000eca80000, 0x0000000100000000)
  eden space 20992K, 100% used [0x00000000eab00000,0x00000000ebf80000,0x00000000ebf80000)
  from space 3072K, 99% used [0x00000000ec000000,0x00000000ec2fd930,0x00000000ec300000)
  to   space 5632K, 0% used [0x00000000ec500000,0x00000000ec500000,0x00000000eca80000)
 ParOldGen       total 120832K, used 94959K [0x00000000c0000000, 0x00000000c7600000, 0x00000000eab00000)
  object space 120832K, 78% used [0x00000000c0000000,0x00000000c5cbbcb8,0x00000000c7600000)
 Metaspace       used 71521K, committed 72832K, reserved 1114112K
  class space    used 7476K, committed 8000K, reserved 1048576K
}
Event: 40.701 GC heap after
{Heap after GC invocations=75 (full 5):
 PSYoungGen      total 25088K, used 3780K [0x00000000eab00000, 0x00000000ec900000, 0x0000000100000000)
  eden space 20992K, 0% used [0x00000000eab00000,0x00000000eab00000,0x00000000ebf80000)
  from space 4096K, 92% used [0x00000000ec500000,0x00000000ec8b11d0,0x00000000ec900000)
  to   space 4608K, 0% used [0x00000000ec000000,0x00000000ec000000,0x00000000ec480000)
 ParOldGen       total 120832K, used 95774K [0x00000000c0000000, 0x00000000c7600000, 0x00000000eab00000)
  object space 120832K, 79% used [0x00000000c0000000,0x00000000c5d87970,0x00000000c7600000)
 Metaspace       used 71521K, committed 72832K, reserved 1114112K
  class space    used 7476K, committed 8000K, reserved 1048576K
}
Event: 2645.727 GC heap before
{Heap before GC invocations=76 (full 5):
 PSYoungGen      total 25088K, used 24753K [0x00000000eab00000, 0x00000000ec900000, 0x0000000100000000)
  eden space 20992K, 99% used [0x00000000eab00000,0x00000000ebf7b598,0x00000000ebf80000)
  from space 4096K, 92% used [0x00000000ec500000,0x00000000ec8b11d0,0x00000000ec900000)
  to   space 4608K, 0% used [0x00000000ec000000,0x00000000ec000000,0x00000000ec480000)
 ParOldGen       total 120832K, used 95774K [0x00000000c0000000, 0x00000000c7600000, 0x00000000eab00000)
  object space 120832K, 79% used [0x00000000c0000000,0x00000000c5d87970,0x00000000c7600000)
 Metaspace       used 72530K, committed 73856K, reserved 1179648K
  class space    used 7572K, committed 8128K, reserved 1048576K
}
Event: 2645.746 GC heap after
{Heap after GC invocations=76 (full 5):
 PSYoungGen      total 25088K, used 3818K [0x00000000eab00000, 0x00000000ec780000, 0x0000000100000000)
  eden space 20992K, 0% used [0x00000000eab00000,0x00000000eab00000,0x00000000ebf80000)
  from space 4096K, 93% used [0x00000000ec000000,0x00000000ec3baa80,0x00000000ec400000)
  to   space 3584K, 0% used [0x00000000ec400000,0x00000000ec400000,0x00000000ec780000)
 ParOldGen       total 120832K, used 95782K [0x00000000c0000000, 0x00000000c7600000, 0x00000000eab00000)
  object space 120832K, 79% used [0x00000000c0000000,0x00000000c5d89970,0x00000000c7600000)
 Metaspace       used 72530K, committed 73856K, reserved 1179648K
  class space    used 7572K, committed 8128K, reserved 1048576K
}

Dll operation events (10 events):
Event: 0.049 Loaded shared library c:\Users\REMEDIOS CONTRERAS\.vscode\extensions\redhat.java-1.31.0-win32-x64\jre\17.0.11-win32-x86_64\bin\java.dll
Event: 0.271 Loaded shared library c:\Users\REMEDIOS CONTRERAS\.vscode\extensions\redhat.java-1.31.0-win32-x64\jre\17.0.11-win32-x86_64\bin\zip.dll
Event: 0.275 Loaded shared library C:\Users\REMEDIOS CONTRERAS\.vscode\extensions\redhat.java-1.31.0-win32-x64\jre\17.0.11-win32-x86_64\bin\instrument.dll
Event: 0.292 Loaded shared library C:\Users\REMEDIOS CONTRERAS\.vscode\extensions\redhat.java-1.31.0-win32-x64\jre\17.0.11-win32-x86_64\bin\net.dll
Event: 0.294 Loaded shared library C:\Users\REMEDIOS CONTRERAS\.vscode\extensions\redhat.java-1.31.0-win32-x64\jre\17.0.11-win32-x86_64\bin\nio.dll
Event: 0.300 Loaded shared library C:\Users\REMEDIOS CONTRERAS\.vscode\extensions\redhat.java-1.31.0-win32-x64\jre\17.0.11-win32-x86_64\bin\zip.dll
Event: 0.319 Loaded shared library C:\Users\REMEDIOS CONTRERAS\.vscode\extensions\redhat.java-1.31.0-win32-x64\jre\17.0.11-win32-x86_64\bin\jimage.dll
Event: 0.382 Loaded shared library c:\Users\REMEDIOS CONTRERAS\.vscode\extensions\redhat.java-1.31.0-win32-x64\jre\17.0.11-win32-x86_64\bin\verify.dll
Event: 5.012 Loaded shared library C:\Users\REMEDIOS CONTRERAS\AppData\Roaming\Code\User\globalStorage\redhat.java\1.31.0\config_win\org.eclipse.equinox.launcher\org.eclipse.equinox.launcher.win32.win32.x86_64_1.2.1000.v20240507-1834\eclipse_11902.dll
Event: 20.075 Loaded shared library C:\Users\REMEDIOS CONTRERAS\AppData\Local\Temp\jna--2055580013\jna1856310959494776469.dll

Deoptimization events (20 events):
Event: 2645.627 Thread 0x000001b744734cb0 Uncommon trap: trap_request=0xffffffde fr.pc=0x000001b732e35908 relative=0x0000000000000988
Event: 2645.627 Thread 0x000001b744734cb0 Uncommon trap: reason=class_check action=maybe_recompile pc=0x000001b732e35908 method=org.eclipse.jdt.internal.compiler.parser.Parser.pushIdentifier()V @ 5 c2
Event: 2645.627 Thread 0x000001b744734cb0 DEOPT PACKING pc=0x000001b732e35908 sp=0x00000028018fe1a0
Event: 2645.627 Thread 0x000001b744734cb0 DEOPT UNPACKING pc=0x000001b7322f66a3 sp=0x00000028018fe120 mode 2
Event: 2645.630 Thread 0x000001b744734cb0 Uncommon trap: trap_request=0xffffff5c fr.pc=0x000001b732dc5a20 relative=0x0000000000000140
Event: 2645.630 Thread 0x000001b744734cb0 Uncommon trap: reason=speculate_null_check action=make_not_entrant pc=0x000001b732dc5a20 method=lombok.core.configuration.FileSystemSourceCache.ensureContent(Llombok/core/configuration/ConfigurationFile;)Llombok/core/configuration/FileSystemSourceCache$Co
Event: 2645.630 Thread 0x000001b744734cb0 DEOPT PACKING pc=0x000001b732dc5a20 sp=0x00000028018fddd0
Event: 2645.630 Thread 0x000001b744734cb0 DEOPT UNPACKING pc=0x000001b7322f66a3 sp=0x00000028018fdd18 mode 2
Event: 2645.630 Thread 0x000001b744734cb0 Uncommon trap: trap_request=0xfffffff4 fr.pc=0x000001b732c4433c relative=0x00000000000000fc
Event: 2645.630 Thread 0x000001b744734cb0 Uncommon trap: reason=null_check action=make_not_entrant pc=0x000001b732c4433c method=lombok.core.configuration.FileSystemSourceCache.ensureContent(Llombok/core/configuration/ConfigurationFile;)Llombok/core/configuration/FileSystemSourceCache$Content; @ 1
Event: 2645.630 Thread 0x000001b744734cb0 DEOPT PACKING pc=0x000001b732c4433c sp=0x00000028018fdd50
Event: 2645.630 Thread 0x000001b744734cb0 DEOPT UNPACKING pc=0x000001b7322f66a3 sp=0x00000028018fdd08 mode 2
Event: 2645.713 Thread 0x000001b744734cb0 Uncommon trap: trap_request=0xffffff45 fr.pc=0x000001b732b7ca58 relative=0x0000000000000518
Event: 2645.713 Thread 0x000001b744734cb0 Uncommon trap: reason=unstable_if action=reinterpret pc=0x000001b732b7ca58 method=org.eclipse.jdt.internal.compiler.parser.Scanner.addTokenToLookBack(I)V @ 1 c2
Event: 2645.713 Thread 0x000001b744734cb0 DEOPT PACKING pc=0x000001b732b7ca58 sp=0x00000028018fde50
Event: 2645.713 Thread 0x000001b744734cb0 DEOPT UNPACKING pc=0x000001b7322f66a3 sp=0x00000028018fdd90 mode 2
Event: 2645.832 Thread 0x000001b744734cb0 Uncommon trap: trap_request=0xffffffde fr.pc=0x000001b732c236ec relative=0x000000000000006c
Event: 2645.832 Thread 0x000001b744734cb0 Uncommon trap: reason=class_check action=maybe_recompile pc=0x000001b732c236ec method=java.util.LinkedHashMap.afterNodeInsertion(Z)V @ 15 c2
Event: 2645.832 Thread 0x000001b744734cb0 DEOPT PACKING pc=0x000001b732c236ec sp=0x00000028018fe150
Event: 2645.832 Thread 0x000001b744734cb0 DEOPT UNPACKING pc=0x000001b7322f66a3 sp=0x00000028018fe0c8 mode 2

Classes unloaded (7 events):
Event: 18.279 Thread 0x000001b728168160 Unloading class 0x000000010024a400 'java/lang/invoke/LambdaForm$MH+0x000000010024a400'
Event: 18.279 Thread 0x000001b728168160 Unloading class 0x000000010024a000 'java/lang/invoke/LambdaForm$MH+0x000000010024a000'
Event: 18.279 Thread 0x000001b728168160 Unloading class 0x0000000100249c00 'java/lang/invoke/LambdaForm$MH+0x0000000100249c00'
Event: 18.279 Thread 0x000001b728168160 Unloading class 0x0000000100249800 'java/lang/invoke/LambdaForm$MH+0x0000000100249800'
Event: 18.279 Thread 0x000001b728168160 Unloading class 0x0000000100249400 'java/lang/invoke/LambdaForm$BMH+0x0000000100249400'
Event: 18.279 Thread 0x000001b728168160 Unloading class 0x0000000100249000 'java/lang/invoke/LambdaForm$DMH+0x0000000100249000'
Event: 18.279 Thread 0x000001b728168160 Unloading class 0x0000000100244400 'java/lang/invoke/LambdaForm$DMH+0x0000000100244400'

Classes redefined (0 events):
No events

Internal exceptions (20 events):
Event: 39.021 Thread 0x000001b7434a5e90 Exception <a 'java/lang/NoSuchMethodError'{0x00000000ebdbdd10}: 'int java.lang.invoke.DirectMethodHandle$Holder.invokeStatic(java.lang.Object, java.lang.Object, java.lang.Object, int)'> (0x00000000ebdbdd10) 
thrown [s\src\hotspot\share\interpreter\linkResolver.cpp, line 759]
Event: 39.072 Thread 0x000001b742a59ea0 Exception <a 'java/lang/NoSuchMethodError'{0x00000000eababff8}: 'int java.lang.invoke.DirectMethodHandle$Holder.invokeSpecialIFC(java.lang.Object, java.lang.Object, java.lang.Object)'> (0x00000000eababff8) 
thrown [s\src\hotspot\share\interpreter\linkResolver.cpp, line 759]
Event: 39.072 Thread 0x000001b7434a5e90 Exception <a 'java/lang/NoSuchMethodError'{0x00000000eabe1378}: 'int java.lang.invoke.DirectMethodHandle$Holder.invokeSpecialIFC(java.lang.Object, java.lang.Object, java.lang.Object)'> (0x00000000eabe1378) 
thrown [s\src\hotspot\share\interpreter\linkResolver.cpp, line 759]
Event: 39.317 Thread 0x000001b7434a5e90 Exception <a 'java/io/FileNotFoundException'{0x00000000eb429b28}> (0x00000000eb429b28) 
thrown [s\src\hotspot\share\prims\jni.cpp, line 516]
Event: 39.331 Thread 0x000001b742a59ea0 Exception <a 'java/io/FileNotFoundException'{0x00000000eb167358}> (0x00000000eb167358) 
thrown [s\src\hotspot\share\prims\jni.cpp, line 516]
Event: 39.331 Thread 0x000001b7434a5e90 Exception <a 'java/io/FileNotFoundException'{0x00000000eb4956a8}> (0x00000000eb4956a8) 
thrown [s\src\hotspot\share\prims\jni.cpp, line 516]
Event: 39.332 Thread 0x000001b742a59ea0 Exception <a 'java/io/FileNotFoundException'{0x00000000eb1683c8}> (0x00000000eb1683c8) 
thrown [s\src\hotspot\share\prims\jni.cpp, line 516]
Event: 39.332 Thread 0x000001b7434a5e90 Exception <a 'java/io/FileNotFoundException'{0x00000000eb4969c0}> (0x00000000eb4969c0) 
thrown [s\src\hotspot\share\prims\jni.cpp, line 516]
Event: 39.339 Thread 0x000001b7434a5e90 Exception <a 'java/lang/LinkageError'{0x00000000eb4b2838}: loader lombok.launch.ShadowClassLoader @3c44e8c8 attempted duplicate class definition for lombok.launch.PatchFixesHider$Delegate. (lombok.launch.PatchFixesHider$Delegate is in unnamed module of loader lombok.launch.ShadowClassLoader @3c44e8c8, parent loader org.eclipse.osgi.internal.loader.EquinoxClassLoader @556ec0c8)> (0x00000000eb4b2838) 
thrown [s\src\hotspot\share\classfile\systemDictionary.cpp, line 1723]
Event: 39.544 Thread 0x000001b742a59ea0 Implicit null exception at 0x000001b732dbc020 to 0x000001b732dbc075
Event: 39.626 Thread 0x000001b7434a5e90 Exception <a 'java/lang/LinkageError'{0x00000000eae19dd0}: loader lombok.launch.ShadowClassLoader @3c44e8c8 attempted duplicate class definition for lombok.launch.PatchFixesHider$ExtensionMethod. (lombok.launch.PatchFixesHider$ExtensionMethod is in unnamed module of loader lombok.launch.ShadowClassLoader @3c44e8c8, parent loader org.eclipse.osgi.internal.loader.EquinoxClassLoader @556ec0c8)> (0x00000000eae19dd0) 
thrown [s\src\hotspot\share\classfile\systemDictionary.cpp, line 1723]
Event: 39.728 Thread 0x000001b7434a5e90 Exception <a 'java/lang/NoSuchMethodError'{0x00000000eb2b1330}: 'int java.lang.invoke.DirectMethodHandle$Holder.invokeStatic(java.lang.Object, int, java.lang.Object)'> (0x00000000eb2b1330) 
thrown [s\src\hotspot\share\interpreter\linkResolver.cpp, line 759]
Event: 39.729 Thread 0x000001b742a59ea0 Exception <a 'java/lang/NoSuchMethodError'{0x00000000eb2792b0}: 'int java.lang.invoke.DirectMethodHandle$Holder.invokeStatic(java.lang.Object, int, java.lang.Object)'> (0x00000000eb2792b0) 
thrown [s\src\hotspot\share\interpreter\linkResolver.cpp, line 759]
Event: 40.023 Thread 0x000001b742a59ea0 Exception <a 'java/io/FileNotFoundException'{0x00000000eb5e2490}> (0x00000000eb5e2490) 
thrown [s\src\hotspot\share\prims\jni.cpp, line 516]
Event: 40.023 Thread 0x000001b742a59ea0 Exception <a 'java/io/FileNotFoundException'{0x00000000eb5e3610}> (0x00000000eb5e3610) 
thrown [s\src\hotspot\share\prims\jni.cpp, line 516]
Event: 40.024 Thread 0x000001b742a59ea0 Exception <a 'java/io/FileNotFoundException'{0x00000000eb5e4418}> (0x00000000eb5e4418) 
thrown [s\src\hotspot\share\prims\jni.cpp, line 516]
Event: 40.077 Thread 0x000001b7434a5e90 Implicit null exception at 0x000001b732ddd4e6 to 0x000001b732ddf720
Event: 51.168 Thread 0x000001b7434a5e90 Exception <a 'java/lang/ArrayIndexOutOfBoundsException'{0x00000000eb59da18}: Index 3864 out of bounds for length 3863> (0x00000000eb59da18) 
thrown [s\src\hotspot\share\interpreter\interpreterRuntime.cpp, line 428]
Event: 2645.629 Thread 0x000001b744734cb0 Implicit null exception at 0x000001b732dc59a3 to 0x000001b732dc59f9
Event: 2645.630 Thread 0x000001b744734cb0 Implicit null exception at 0x000001b732c442d7 to 0x000001b732c44328

VM Operations (20 events):
Event: 2645.619 Executing VM operation: HandshakeAllThreads
Event: 2645.620 Executing VM operation: HandshakeAllThreads done
Event: 2645.620 Executing VM operation: HandshakeAllThreads
Event: 2645.621 Executing VM operation: HandshakeAllThreads done
Event: 2645.623 Executing VM operation: HandshakeAllThreads
Event: 2645.623 Executing VM operation: HandshakeAllThreads done
Event: 2645.624 Executing VM operation: HandshakeAllThreads
Event: 2645.624 Executing VM operation: HandshakeAllThreads done
Event: 2645.624 Executing VM operation: HandshakeAllThreads
Event: 2645.624 Executing VM operation: HandshakeAllThreads done
Event: 2645.626 Executing VM operation: HandshakeAllThreads
Event: 2645.626 Executing VM operation: HandshakeAllThreads done
Event: 2645.657 Executing VM operation: HandshakeAllThreads
Event: 2645.658 Executing VM operation: HandshakeAllThreads done
Event: 2645.676 Executing VM operation: HandshakeAllThreads
Event: 2645.676 Executing VM operation: HandshakeAllThreads done
Event: 2645.727 Executing VM operation: ParallelGCFailedAllocation
Event: 2645.746 Executing VM operation: ParallelGCFailedAllocation done
Event: 2645.795 Executing VM operation: HandshakeAllThreads
Event: 2645.795 Executing VM operation: HandshakeAllThreads done

Events (20 events):
Event: 2645.688 Thread 0x000001b7410ce4d0 flushing nmethod 0x000001b72bed4f90
Event: 2645.689 Thread 0x000001b7410ce4d0 flushing nmethod 0x000001b72bf3e190
Event: 2645.689 Thread 0x000001b7410ce4d0 flushing nmethod 0x000001b72bf3e710
Event: 2645.689 Thread 0x000001b7410ce4d0 flushing nmethod 0x000001b72bf3f310
Event: 2645.689 Thread 0x000001b7410ce4d0 flushing nmethod 0x000001b72bf3fb90
Event: 2645.689 Thread 0x000001b7410ce4d0 flushing nmethod 0x000001b72bf40690
Event: 2645.689 Thread 0x000001b7410ce4d0 flushing nmethod 0x000001b72bf40f90
Event: 2645.689 Thread 0x000001b7410ce4d0 flushing nmethod 0x000001b72bf41310
Event: 2645.689 Thread 0x000001b7410ce4d0 flushing nmethod 0x000001b72bf50e90
Event: 2645.689 Thread 0x000001b7410ce4d0 flushing nmethod 0x000001b72bf94710
Event: 2645.689 Thread 0x000001b7410ce4d0 flushing nmethod 0x000001b72bf94c10
Event: 2645.689 Thread 0x000001b7410ce4d0 flushing nmethod 0x000001b72bfae690
Event: 2645.689 Thread 0x000001b7410ce4d0 flushing nmethod 0x000001b72bfcf590
Event: 2645.689 Thread 0x000001b7410ce4d0 flushing nmethod 0x000001b72bfe3c90
Event: 2645.689 Thread 0x000001b7410ce4d0 flushing nmethod 0x000001b72bfec790
Event: 2645.689 Thread 0x000001b7410ce4d0 flushing nmethod 0x000001b72c030f10
Event: 2645.689 Thread 0x000001b7410ce4d0 flushing nmethod 0x000001b72c03ba90
Event: 2645.689 Thread 0x000001b7410ce4d0 flushing nmethod 0x000001b72c047d10
Event: 2645.690 Thread 0x000001b7410ce4d0 flushing nmethod 0x000001b72c0ca710
Event: 2645.690 Thread 0x000001b7410ce4d0 flushing nmethod 0x000001b72c0f5090


Dynamic libraries:
0x00007ff7cd010000 - 0x00007ff7cd01e000 	c:\Users\REMEDIOS CONTRERAS\.vscode\extensions\redhat.java-1.31.0-win32-x64\jre\17.0.11-win32-x86_64\bin\java.exe
0x00007ffe02330000 - 0x00007ffe02547000 	C:\WINDOWS\SYSTEM32\ntdll.dll
0x00007ffe009d0000 - 0x00007ffe00a94000 	C:\WINDOWS\System32\KERNEL32.DLL
0x00007ffdff820000 - 0x00007ffdffbcc000 	C:\WINDOWS\System32\KERNELBASE.dll
0x00007ffdff660000 - 0x00007ffdff771000 	C:\WINDOWS\System32\ucrtbase.dll
0x00007ffdd93e0000 - 0x00007ffdd93f7000 	c:\Users\REMEDIOS CONTRERAS\.vscode\extensions\redhat.java-1.31.0-win32-x64\jre\17.0.11-win32-x86_64\bin\jli.dll
0x00007ffe00490000 - 0x00007ffe0063e000 	C:\WINDOWS\System32\USER32.dll
0x00007ffdffbd0000 - 0x00007ffdffbf6000 	C:\WINDOWS\System32\win32u.dll
0x00007ffe020f0000 - 0x00007ffe02119000 	C:\WINDOWS\System32\GDI32.dll
0x00007ffdffd40000 - 0x00007ffdffe59000 	C:\WINDOWS\System32\gdi32full.dll
0x00007ffdff780000 - 0x00007ffdff81a000 	C:\WINDOWS\System32\msvcp_win.dll
0x00007ffdd6d80000 - 0x00007ffdd6d9b000 	c:\Users\REMEDIOS CONTRERAS\.vscode\extensions\redhat.java-1.31.0-win32-x64\jre\17.0.11-win32-x86_64\bin\VCRUNTIME140.dll
0x00007ffddc650000 - 0x00007ffddc8e3000 	C:\WINDOWS\WinSxS\amd64_microsoft.windows.common-controls_6595b64144ccf1df_6.0.22621.3672_none_2713b9d173822955\COMCTL32.dll
0x00007ffe00aa0000 - 0x00007ffe00b47000 	C:\WINDOWS\System32\msvcrt.dll
0x00007ffe00190000 - 0x00007ffe001c1000 	C:\WINDOWS\System32\IMM32.DLL
0x00007ffdf6820000 - 0x00007ffdf682c000 	c:\Users\REMEDIOS CONTRERAS\.vscode\extensions\redhat.java-1.31.0-win32-x64\jre\17.0.11-win32-x86_64\bin\vcruntime140_1.dll
0x00007ffdd0600000 - 0x00007ffdd068d000 	c:\Users\REMEDIOS CONTRERAS\.vscode\extensions\redhat.java-1.31.0-win32-x64\jre\17.0.11-win32-x86_64\bin\msvcp140.dll
0x00007ffd9d180000 - 0x00007ffd9dde2000 	c:\Users\REMEDIOS CONTRERAS\.vscode\extensions\redhat.java-1.31.0-win32-x64\jre\17.0.11-win32-x86_64\bin\server\jvm.dll
0x00007ffe02030000 - 0x00007ffe020e2000 	C:\WINDOWS\System32\ADVAPI32.dll
0x00007ffe02170000 - 0x00007ffe0221a000 	C:\WINDOWS\System32\sechost.dll
0x00007ffe00040000 - 0x00007ffe00068000 	C:\WINDOWS\System32\bcrypt.dll
0x00007ffe01230000 - 0x00007ffe01345000 	C:\WINDOWS\System32\RPCRT4.dll
0x00007ffdff520000 - 0x00007ffdff56d000 	C:\WINDOWS\SYSTEM32\POWRPROF.dll
0x00007ffdf81d0000 - 0x00007ffdf81d9000 	C:\WINDOWS\SYSTEM32\WSOCK32.dll
0x00007ffe01570000 - 0x00007ffe015e1000 	C:\WINDOWS\System32\WS2_32.dll
0x00007ffdfac30000 - 0x00007ffdfac64000 	C:\WINDOWS\SYSTEM32\WINMM.dll
0x00007ffdfac20000 - 0x00007ffdfac2a000 	C:\WINDOWS\SYSTEM32\VERSION.dll
0x00007ffdff500000 - 0x00007ffdff513000 	C:\WINDOWS\SYSTEM32\UMPDC.dll
0x00007ffdfe690000 - 0x00007ffdfe6a8000 	C:\WINDOWS\SYSTEM32\kernel.appcore.dll
0x00007ffdf6720000 - 0x00007ffdf672a000 	c:\Users\REMEDIOS CONTRERAS\.vscode\extensions\redhat.java-1.31.0-win32-x64\jre\17.0.11-win32-x86_64\bin\jimage.dll
0x00007ffdf7de0000 - 0x00007ffdf8012000 	C:\WINDOWS\SYSTEM32\DBGHELP.DLL
0x00007ffe00640000 - 0x00007ffe009c8000 	C:\WINDOWS\System32\combase.dll
0x00007ffe01150000 - 0x00007ffe01227000 	C:\WINDOWS\System32\OLEAUT32.dll
0x00007ffdf7d60000 - 0x00007ffdf7d92000 	C:\WINDOWS\SYSTEM32\dbgcore.DLL
0x00007ffdffcc0000 - 0x00007ffdffd3b000 	C:\WINDOWS\System32\bcryptPrimitives.dll
0x00007ffdf4b70000 - 0x00007ffdf4b7e000 	c:\Users\REMEDIOS CONTRERAS\.vscode\extensions\redhat.java-1.31.0-win32-x64\jre\17.0.11-win32-x86_64\bin\instrument.dll
0x00007ffdd3920000 - 0x00007ffdd3945000 	c:\Users\REMEDIOS CONTRERAS\.vscode\extensions\redhat.java-1.31.0-win32-x64\jre\17.0.11-win32-x86_64\bin\java.dll
0x00007ffdd5270000 - 0x00007ffdd5288000 	c:\Users\REMEDIOS CONTRERAS\.vscode\extensions\redhat.java-1.31.0-win32-x64\jre\17.0.11-win32-x86_64\bin\zip.dll
0x00007ffe01750000 - 0x00007ffe01fac000 	C:\WINDOWS\System32\SHELL32.dll
0x00007ffdfd5b0000 - 0x00007ffdfdea7000 	C:\WINDOWS\SYSTEM32\windows.storage.dll
0x00007ffdfd470000 - 0x00007ffdfd5af000 	C:\WINDOWS\SYSTEM32\wintypes.dll
0x00007ffe00090000 - 0x00007ffe00184000 	C:\WINDOWS\System32\SHCORE.dll
0x00007ffe00380000 - 0x00007ffe003de000 	C:\WINDOWS\System32\shlwapi.dll
0x00007ffdff590000 - 0x00007ffdff5b1000 	C:\WINDOWS\SYSTEM32\profapi.dll
0x00007ffdd5220000 - 0x00007ffdd5239000 	C:\Users\REMEDIOS CONTRERAS\.vscode\extensions\redhat.java-1.31.0-win32-x64\jre\17.0.11-win32-x86_64\bin\net.dll
0x00007ffdfa8f0000 - 0x00007ffdfaa26000 	C:\WINDOWS\SYSTEM32\WINHTTP.dll
0x00007ffdfeb00000 - 0x00007ffdfeb69000 	C:\WINDOWS\system32\mswsock.dll
0x00007ffdd4e80000 - 0x00007ffdd4e96000 	C:\Users\REMEDIOS CONTRERAS\.vscode\extensions\redhat.java-1.31.0-win32-x64\jre\17.0.11-win32-x86_64\bin\nio.dll
0x00007ffdf4b10000 - 0x00007ffdf4b20000 	c:\Users\REMEDIOS CONTRERAS\.vscode\extensions\redhat.java-1.31.0-win32-x64\jre\17.0.11-win32-x86_64\bin\verify.dll
0x00007ffdd0b60000 - 0x00007ffdd0ba4000 	C:\Users\REMEDIOS CONTRERAS\AppData\Roaming\Code\User\globalStorage\redhat.java\1.31.0\config_win\org.eclipse.equinox.launcher\org.eclipse.equinox.launcher.win32.win32.x86_64_1.2.1000.v20240507-1834\eclipse_11902.dll
0x00007ffe001d0000 - 0x00007ffe00375000 	C:\WINDOWS\System32\ole32.dll
0x00007ffdfed60000 - 0x00007ffdfed7b000 	C:\WINDOWS\SYSTEM32\CRYPTSP.dll
0x00007ffdfe5f0000 - 0x00007ffdfe625000 	C:\WINDOWS\system32\rsaenh.dll
0x00007ffdfec00000 - 0x00007ffdfec28000 	C:\WINDOWS\SYSTEM32\USERENV.dll
0x00007ffdfed80000 - 0x00007ffdfed8c000 	C:\WINDOWS\SYSTEM32\CRYPTBASE.dll
0x00007ffdfe110000 - 0x00007ffdfe13d000 	C:\WINDOWS\SYSTEM32\IPHLPAPI.DLL
0x00007ffe01130000 - 0x00007ffe01139000 	C:\WINDOWS\System32\NSI.dll
0x00007ffdfa8d0000 - 0x00007ffdfa8e9000 	C:\WINDOWS\SYSTEM32\dhcpcsvc6.DLL
0x00007ffdfa860000 - 0x00007ffdfa87f000 	C:\WINDOWS\SYSTEM32\dhcpcsvc.DLL
0x00007ffdfe180000 - 0x00007ffdfe278000 	C:\WINDOWS\SYSTEM32\DNSAPI.dll
0x00007ffdd02b0000 - 0x00007ffdd02f5000 	C:\Users\REMEDIOS CONTRERAS\AppData\Local\Temp\jna--2055580013\jna1856310959494776469.dll
0x00007ffe022d0000 - 0x00007ffe022d8000 	C:\WINDOWS\System32\PSAPI.DLL

dbghelp: loaded successfully - version: 4.0.5 - missing functions: none
symbol engine: initialized successfully - sym options: 0x614 - pdb path: .;c:\Users\REMEDIOS CONTRERAS\.vscode\extensions\redhat.java-1.31.0-win32-x64\jre\17.0.11-win32-x86_64\bin;C:\WINDOWS\SYSTEM32;C:\WINDOWS\WinSxS\amd64_microsoft.windows.common-controls_6595b64144ccf1df_6.0.22621.3672_none_2713b9d173822955;c:\Users\REMEDIOS CONTRERAS\.vscode\extensions\redhat.java-1.31.0-win32-x64\jre\17.0.11-win32-x86_64\bin\server;C:\Users\REMEDIOS CONTRERAS\AppData\Roaming\Code\User\globalStorage\redhat.java\1.31.0\config_win\org.eclipse.equinox.launcher\org.eclipse.equinox.launcher.win32.win32.x86_64_1.2.1000.v20240507-1834;C:\Users\REMEDIOS CONTRERAS\AppData\Local\Temp\jna--2055580013

VM Arguments:
jvm_args: --add-modules=ALL-SYSTEM --add-opens=java.base/java.util=ALL-UNNAMED --add-opens=java.base/java.lang=ALL-UNNAMED --add-opens=java.base/sun.nio.fs=ALL-UNNAMED -Declipse.application=org.eclipse.jdt.ls.core.id1 -Dosgi.bundles.defaultStartLevel=4 -Declipse.product=org.eclipse.jdt.ls.core.product -Djava.import.generatesMetadataFilesAtProjectRoot=false -DDetectVMInstallationsJob.disabled=true -Dfile.encoding=utf8 -XX:+UseParallelGC -XX:GCTimeRatio=4 -XX:AdaptiveSizePolicyWeight=90 -Dsun.zip.disableMemoryMapping=true -Xmx1G -Xms100m -Xlog:disable -javaagent:c:\Users\REMEDIOS CONTRERAS\.vscode\extensions\redhat.java-1.31.0-win32-x64\lombok\lombok-1.18.32.jar -XX:+HeapDumpOnOutOfMemoryError -XX:HeapDumpPath=c:\Users\REMEDIOS CONTRERAS\AppData\Roaming\Code\User\workspaceStorage\072d14fccc246888f7abbe56b5e09719\redhat.java -Daether.dependencyCollector.impl=bf 
java_command: c:\Users\REMEDIOS CONTRERAS\.vscode\extensions\redhat.java-1.31.0-win32-x64\server\plugins\org.eclipse.equinox.launcher_1.6.800.v20240513-1750.jar -configuration c:\Users\REMEDIOS CONTRERAS\AppData\Roaming\Code\User\globalStorage\redhat.java\1.31.0\config_win -data c:\Users\REMEDIOS CONTRERAS\AppData\Roaming\Code\User\workspaceStorage\072d14fccc246888f7abbe56b5e09719\redhat.java\jdt_ws --pipe=\\.\pipe\lsp-59ab40e88fddc652817c82f61fb38417-sock
java_class_path (initial): c:\Users\REMEDIOS CONTRERAS\.vscode\extensions\redhat.java-1.31.0-win32-x64\server\plugins\org.eclipse.equinox.launcher_1.6.800.v20240513-1750.jar
Launcher Type: SUN_STANDARD

[Global flags]
    uintx AdaptiveSizePolicyWeight                 = 90                                        {product} {command line}
     intx CICompilerCount                          = 4                                         {product} {ergonomic}
    uintx GCTimeRatio                              = 4                                         {product} {command line}
     bool HeapDumpOnOutOfMemoryError               = true                                   {manageable} {command line}
    ccstr HeapDumpPath                             = c:\Users\REMEDIOS CONTRERAS\AppData\Roaming\Code\User\workspaceStorage\072d14fccc246888f7abbe56b5e09719\redhat.java         {manageable} {command line}
   size_t InitialHeapSize                          = 104857600                                 {product} {command line}
   size_t MaxHeapSize                              = 1073741824                                {product} {command line}
   size_t MaxNewSize                               = 357564416                                 {product} {ergonomic}
   size_t MinHeapDeltaBytes                        = 524288                                    {product} {ergonomic}
   size_t MinHeapSize                              = 104857600                                 {product} {command line}
   size_t NewSize                                  = 34603008                                  {product} {ergonomic}
    uintx NonNMethodCodeHeapSize                   = 5839372                                {pd product} {ergonomic}
    uintx NonProfiledCodeHeapSize                  = 122909434                              {pd product} {ergonomic}
   size_t OldSize                                  = 70254592                                  {product} {ergonomic}
    uintx ProfiledCodeHeapSize                     = 122909434                              {pd product} {ergonomic}
    uintx ReservedCodeCacheSize                    = 251658240                              {pd product} {ergonomic}
     bool SegmentedCodeCache                       = true                                      {product} {ergonomic}
   size_t SoftMaxHeapSize                          = 1073741824                             {manageable} {ergonomic}
     bool UseCompressedClassPointers               = true                           {product lp64_product} {ergonomic}
     bool UseCompressedOops                        = true                           {product lp64_product} {ergonomic}
     bool UseLargePagesIndividualAllocation        = false                                  {pd product} {ergonomic}
     bool UseParallelGC                            = true                                      {product} {command line}

Logging:
Log output configuration:
 #0: stdout all=off uptime,level,tags
 #1: stderr all=off uptime,level,tags

Environment Variables:
PATH=C:\Program Files\Common Files\Oracle\Java\javapath;C:\WINDOWS\system32;C:\WINDOWS;C:\WINDOWS\System32\Wbem;C:\WINDOWS\System32\WindowsPowerShell\v1.0\;C:\WINDOWS\System32\OpenSSH\;C:\Program Files\dotnet\;C:\Program Files\Git\cmd;C:\Program Files\nodejs\;C:\Program Files\MySQL\MySQL Shell 8.0\bin\;C:\Users\REMEDIOS CONTRERAS\AppData\Local\Microsoft\WindowsApps;C:\Users\REMEDIOS CONTRERAS\AppData\Local\GitHubDesktop\bin;C:\Users\REMEDIOS CONTRERAS\AppData\Local\Programs\Microsoft VS Code\bin;C:\Users\REMEDIOS CONTRERAS\AppData\Roaming\npm
USERNAME=REMEDIOS CONTRERAS
OS=Windows_NT
PROCESSOR_IDENTIFIER=Intel64 Family 6 Model 142 Stepping 12, GenuineIntel
TMP=C:\Users\REMEDI~1\AppData\Local\Temp
TEMP=C:\Users\REMEDI~1\AppData\Local\Temp



Periodic native trim disabled


---------------  S Y S T E M  ---------------

OS:
 Windows 11 , 64 bit Build 22621 (10.0.22621.3672)
OS uptime: 5 days 0:10 hours

CPU: total 8 (initial active 8) (4 cores per cpu, 2 threads per core) family 6 model 142 stepping 12 microcode 0xea, cx8, cmov, fxsr, ht, mmx, 3dnowpref, sse, sse2, sse3, ssse3, sse4.1, sse4.2, popcnt, lzcnt, tsc, tscinvbit, avx, avx2, aes, erms, clmul, bmi1, bmi2, adx, fma, vzeroupper, clflush, clflushopt
Processor Information for all 8 processors :
  Max Mhz: 2112, Current Mhz: 1609, Mhz Limit: 1605

Memory: 4k page, system-wide physical 12121M (3640M free)
TotalPageFile size 12121M (AvailPageFile size 5M)
current process WorkingSet (physical memory assigned to process): 229M, peak: 343M
current process commit charge ("private bytes"): 381M, peak: 408M

vm_info: OpenJDK 64-Bit Server VM (17.0.11+9) for windows-amd64 JRE (17.0.11+9), built on Apr 17 2024 06:07:48 by "admin" with MS VC++ 16.10 / 16.11 (VS2019)

END.
