#
# There is insufficient memory for the Java Runtime Environment to continue.
# Native memory allocation (malloc) failed to allocate 195728 bytes. Error detail: Chunk::new
# Possible reasons:
#   The system is out of physical RAM or swap space
#   This process is running with CompressedOops enabled, and the Java Heap may be blocking the growth of the native heap
# Possible solutions:
#   Reduce memory load on the system
#   Increase physical memory or swap space
#   Check if swap backing store is full
#   Decrease Java heap size (-Xmx/-Xms)
#   Decrease number of Java threads
#   Decrease Java thread stack sizes (-Xss)
#   Set larger code cache with -XX:ReservedCodeCacheSize=
#   JVM is running with Unscaled Compressed Oops mode in which the Java heap is
#     placed in the first 4GB address space. The Java Heap base address is the
#     maximum limit for the native heap growth. Please use -XX:HeapBaseMinAddress
#     to set the Java Heap base and to place the Java Heap above 4GB virtual address.
# This output file may be truncated or incomplete.
#
#  Out of Memory Error (arena.cpp:191), pid=16716, tid=21112
#
# JRE version: OpenJDK Runtime Environment Temurin-17.0.11+9 (17.0.11+9) (build 17.0.11+9)
# Java VM: OpenJDK 64-Bit Server VM Temurin-17.0.11+9 (17.0.11+9, mixed mode, tiered, compressed oops, compressed class ptrs, parallel gc, windows-amd64)
# No core dump will be written. Minidumps are not enabled by default on client versions of Windows
#

---------------  S U M M A R Y ------------

Command Line: --add-modules=ALL-SYSTEM --add-opens=java.base/java.util=ALL-UNNAMED --add-opens=java.base/java.lang=ALL-UNNAMED --add-opens=java.base/sun.nio.fs=ALL-UNNAMED -Declipse.application=org.eclipse.jdt.ls.core.id1 -Dosgi.bundles.defaultStartLevel=4 -Declipse.product=org.eclipse.jdt.ls.core.product -Djava.import.generatesMetadataFilesAtProjectRoot=false -DDetectVMInstallationsJob.disabled=true -Dfile.encoding=utf8 -XX:+UseParallelGC -XX:GCTimeRatio=4 -XX:AdaptiveSizePolicyWeight=90 -Dsun.zip.disableMemoryMapping=true -Xmx1G -Xms100m -Xlog:disable -javaagent:c:\Users\REMEDIOS CONTRERAS\.vscode\extensions\redhat.java-1.31.0-win32-x64\lombok\lombok-1.18.32.jar c:\Users\REMEDIOS CONTRERAS\.vscode\extensions\redhat.java-1.31.0-win32-x64\server\plugins\org.eclipse.equinox.launcher_1.6.800.v20240513-1750.jar -configuration c:\Users\REMEDIOS CONTRERAS\AppData\Roaming\Code\User\globalStorage\redhat.java\1.31.0\config_ss_win -data c:\Users\REMEDIOS CONTRERAS\AppData\Roaming\Code\User\workspaceStorage\072d14fccc246888f7abbe56b5e09719\redhat.java\ss_ws --pipe=\\.\pipe\lsp-b90c4956e296492c3912e9e604fc5e6f-sock

Host: Intel(R) Core(TM) i5-10210U CPU @ 1.60GHz, 8 cores, 11G,  Windows 11 , 64 bit Build 22621 (10.0.22621.3672)
Time: Sun Jun 23 19:06:22 2024 Hora estándar central (México) elapsed time: 1.533161 seconds (0d 0h 0m 1s)

---------------  T H R E A D  ---------------

Current thread (0x000001d6f2fe8d10):  JavaThread "C2 CompilerThread1" daemon [_thread_in_native, id=21112, stack(0x000000a992500000,0x000000a992600000)]


Current CompileTask:
C2:   1533 1766       4       java.io.DataInputStream::readInt (68 bytes)

Stack: [0x000000a992500000,0x000000a992600000]
Native frames: (J=compiled Java code, j=interpreted, Vv=VM code, C=native code)
V  [jvm.dll+0x67d429]
V  [jvm.dll+0x834b7a]
V  [jvm.dll+0x83663e]
V  [jvm.dll+0x836ca3]
V  [jvm.dll+0x247dbf]
V  [jvm.dll+0xac534]
V  [jvm.dll+0xacb7c]
V  [jvm.dll+0x366647]
V  [jvm.dll+0x330bba]
V  [jvm.dll+0x33005a]
V  [jvm.dll+0x21a471]
V  [jvm.dll+0x2198b1]
V  [jvm.dll+0x1a534d]
V  [jvm.dll+0x2295cd]
V  [jvm.dll+0x22779c]
V  [jvm.dll+0x7e9d07]
V  [jvm.dll+0x7e410a]
V  [jvm.dll+0x67c315]
C  [ucrtbase.dll+0x29333]
C  [KERNEL32.DLL+0x1257d]
C  [ntdll.dll+0x5af28]


---------------  P R O C E S S  ---------------

Threads class SMR info:
_java_thread_list=0x000001d6f4c78560, length=18, elements={
0x000001d6d9db0ce0, 0x000001d6edc32010, 0x000001d6edc330a0, 0x000001d6edc3bf50,
0x000001d6edc3c980, 0x000001d6edc3dcb0, 0x000001d6f2d2a030, 0x000001d6f2d31080,
0x000001d6f2d32130, 0x000001d6f2d3f220, 0x000001d6f2e36240, 0x000001d6f2fe8d10,
0x000001d6f30bca80, 0x000001d6f484a770, 0x000001d6f4bc9870, 0x000001d6f4bc9d50,
0x000001d6f4850720, 0x000001d6f4baf060
}

Java Threads: ( => current thread )
  0x000001d6d9db0ce0 JavaThread "main" [_thread_blocked, id=21456, stack(0x000000a991800000,0x000000a991900000)]
  0x000001d6edc32010 JavaThread "Reference Handler" daemon [_thread_blocked, id=5160, stack(0x000000a991b00000,0x000000a991c00000)]
  0x000001d6edc330a0 JavaThread "Finalizer" daemon [_thread_blocked, id=21136, stack(0x000000a991c00000,0x000000a991d00000)]
  0x000001d6edc3bf50 JavaThread "Signal Dispatcher" daemon [_thread_blocked, id=15816, stack(0x000000a991d00000,0x000000a991e00000)]
  0x000001d6edc3c980 JavaThread "Attach Listener" daemon [_thread_blocked, id=17200, stack(0x000000a991e00000,0x000000a991f00000)]
  0x000001d6edc3dcb0 JavaThread "Service Thread" daemon [_thread_blocked, id=20072, stack(0x000000a991f00000,0x000000a992000000)]
  0x000001d6f2d2a030 JavaThread "Monitor Deflation Thread" daemon [_thread_blocked, id=7668, stack(0x000000a992000000,0x000000a992100000)]
  0x000001d6f2d31080 JavaThread "C2 CompilerThread0" daemon [_thread_blocked, id=3116, stack(0x000000a992100000,0x000000a992200000)]
  0x000001d6f2d32130 JavaThread "C1 CompilerThread0" daemon [_thread_blocked, id=3176, stack(0x000000a992200000,0x000000a992300000)]
  0x000001d6f2d3f220 JavaThread "Sweeper thread" daemon [_thread_blocked, id=21264, stack(0x000000a992300000,0x000000a992400000)]
  0x000001d6f2e36240 JavaThread "Common-Cleaner" daemon [_thread_blocked, id=5508, stack(0x000000a992400000,0x000000a992500000)]
=>0x000001d6f2fe8d10 JavaThread "C2 CompilerThread1" daemon [_thread_in_native, id=21112, stack(0x000000a992500000,0x000000a992600000)]
  0x000001d6f30bca80 JavaThread "Notification Thread" daemon [_thread_blocked, id=5244, stack(0x000000a992600000,0x000000a992700000)]
  0x000001d6f484a770 JavaThread "Active Thread: Equinox Container: 4c5b3e64-841e-4e57-ac0e-6ae5d94ae5d2" [_thread_blocked, id=21024, stack(0x000000a992800000,0x000000a992900000)]
  0x000001d6f4bc9870 JavaThread "Framework Event Dispatcher: Equinox Container: 4c5b3e64-841e-4e57-ac0e-6ae5d94ae5d2" daemon [_thread_blocked, id=14552, stack(0x000000a992f00000,0x000000a993000000)]
  0x000001d6f4bc9d50 JavaThread "Start Level: Equinox Container: 4c5b3e64-841e-4e57-ac0e-6ae5d94ae5d2" daemon [_thread_in_Java, id=9652, stack(0x000000a993000000,0x000000a993100000)]
  0x000001d6f4850720 JavaThread "SCR Component Actor" daemon [_thread_blocked, id=10592, stack(0x000000a993100000,0x000000a993200000)]
  0x000001d6f4baf060 JavaThread "SCR Component Registry" daemon [_thread_blocked, id=14752, stack(0x000000a993300000,0x000000a993400000)]

Other Threads:
  0x000001d6f2d014b0 VMThread "VM Thread" [stack: 0x000000a991a00000,0x000000a991b00000] [id=13128]
  0x000001d6f30bcf60 WatcherThread [stack: 0x000000a992700000,0x000000a992800000] [id=19892]
  0x000001d6d9dc8030 GCTaskThread "GC Thread#0" [stack: 0x000000a991900000,0x000000a991a00000] [id=19728]
  0x000001d6f4622020 GCTaskThread "GC Thread#1" [stack: 0x000000a992900000,0x000000a992a00000] [id=17636]
  0x000001d6f469ddc0 GCTaskThread "GC Thread#2" [stack: 0x000000a992a00000,0x000000a992b00000] [id=17432]
  0x000001d6f469e080 GCTaskThread "GC Thread#3" [stack: 0x000000a992b00000,0x000000a992c00000] [id=14508]
  0x000001d6f46222e0 GCTaskThread "GC Thread#4" [stack: 0x000000a992c00000,0x000000a992d00000] [id=10452]
  0x000001d6f46225a0 GCTaskThread "GC Thread#5" [stack: 0x000000a992d00000,0x000000a992e00000] [id=2252]
  0x000001d6f4626b00 GCTaskThread "GC Thread#6" [stack: 0x000000a992e00000,0x000000a992f00000] [id=17604]
  0x000001d6f4bca230 GCTaskThread "GC Thread#7" [stack: 0x000000a993200000,0x000000a993300000] [id=11480]

Threads with active compile tasks:
C1 CompilerThread0     1553 1810       3       jdk.internal.org.objectweb.asm.MethodVisitor::<init> (88 bytes)
C2 CompilerThread1     1553 1766       4       java.io.DataInputStream::readInt (68 bytes)

VM state: not at safepoint (normal execution)

VM Mutex/Monitor currently owned by a thread: None

Heap address: 0x00000000c0000000, size: 1024 MB, Compressed Oops mode: 32-bit

CDS archive(s) not mapped
Compressed class space mapped at: 0x0000000100000000-0x0000000140000000, reserved size: 1073741824
Narrow klass base: 0x0000000000000000, Narrow klass shift: 3, Narrow klass range: 0x140000000

GC Precious Log:
 CPUs: 8 total, 8 available
 Memory: 12121M
 Large Page Support: Disabled
 NUMA Support: Disabled
 Compressed Oops: Enabled (32-bit)
 Alignments: Space 512K, Generation 512K, Heap 2M
 Heap Min Capacity: 100M
 Heap Initial Capacity: 100M
 Heap Max Capacity: 1G
 Pre-touch: Disabled
 Parallel Workers: 8

Heap:
 PSYoungGen      total 29696K, used 16797K [0x00000000eab00000, 0x00000000ecc00000, 0x0000000100000000)
  eden space 25600K, 49% used [0x00000000eab00000,0x00000000eb76e5b0,0x00000000ec400000)
  from space 4096K, 99% used [0x00000000ec800000,0x00000000ecbf8f28,0x00000000ecc00000)
  to   space 4096K, 0% used [0x00000000ec400000,0x00000000ec400000,0x00000000ec800000)
 ParOldGen       total 68608K, used 756K [0x00000000c0000000, 0x00000000c4300000, 0x00000000eab00000)
  object space 68608K, 1% used [0x00000000c0000000,0x00000000c00bd360,0x00000000c4300000)
 Metaspace       used 17217K, committed 17472K, reserved 1114112K
  class space    used 1771K, committed 1856K, reserved 1048576K

Card table byte_map: [0x000001d6d9740000,0x000001d6d9950000] _byte_map_base: 0x000001d6d9140000

Marking Bits: (ParMarkBitMap*) 0x00007ff92872d820
 Begin Bits: [0x000001d6eba40000, 0x000001d6eca40000)
 End Bits:   [0x000001d6eca40000, 0x000001d6eda40000)

Polling page: 0x000001d6d7d00000

Metaspace:

Usage:
  Non-class:     15.08 MB used.
      Class:      1.73 MB used.
       Both:     16.81 MB used.

Virtual space:
  Non-class space:       64.00 MB reserved,      15.25 MB ( 24%) committed,  1 nodes.
      Class space:        1.00 GB reserved,       1.81 MB ( <1%) committed,  1 nodes.
             Both:        1.06 GB reserved,      17.06 MB (  2%) committed. 

Chunk freelists:
   Non-Class:  15.88 MB
       Class:  14.19 MB
        Both:  30.06 MB

MaxMetaspaceSize: unlimited
CompressedClassSpaceSize: 1.00 GB
Initial GC threshold: 21.00 MB
Current GC threshold: 21.00 MB
CDS: off
MetaspaceReclaimPolicy: balanced
 - commit_granule_bytes: 65536.
 - commit_granule_words: 8192.
 - virtual_space_node_default_size: 8388608.
 - enlarge_chunks_in_place: 1.
 - new_chunks_are_fully_committed: 0.
 - uncommit_free_chunks: 1.
 - use_allocation_guard: 0.
 - handle_deallocations: 1.


Internal statistics:

num_allocs_failed_limit: 0.
num_arena_births: 140.
num_arena_deaths: 0.
num_vsnodes_births: 2.
num_vsnodes_deaths: 0.
num_space_committed: 273.
num_space_uncommitted: 0.
num_chunks_returned_to_freelist: 0.
num_chunks_taken_from_freelist: 454.
num_chunk_merges: 0.
num_chunk_splits: 296.
num_chunks_enlarged: 217.
num_inconsistent_stats: 0.

CodeHeap 'non-profiled nmethods': size=120000Kb used=742Kb max_used=742Kb free=119257Kb
 bounds [0x000001d6e4510000, 0x000001d6e4780000, 0x000001d6eba40000]
CodeHeap 'profiled nmethods': size=120000Kb used=3358Kb max_used=3358Kb free=116642Kb
 bounds [0x000001d6dca40000, 0x000001d6dcd90000, 0x000001d6e3f70000]
CodeHeap 'non-nmethods': size=5760Kb used=1175Kb max_used=1211Kb free=4584Kb
 bounds [0x000001d6e3f70000, 0x000001d6e41e0000, 0x000001d6e4510000]
 total_blobs=2279 nmethods=1809 adapters=384
 compilation: enabled
              stopped_count=0, restarted_count=0
 full_count=0

Compilation events (20 events):
Event: 1.514 Thread 0x000001d6f2d32130 1761       3       java.util.TreeMap::setColor (10 bytes)
Event: 1.515 Thread 0x000001d6f2d32130 nmethod 1761 0x000001d6dcd73010 code [0x000001d6dcd731a0, 0x000001d6dcd732d8]
Event: 1.515 Thread 0x000001d6f2d32130 1763       3       java.lang.invoke.DirectMethodHandle::allocateInstance (16 bytes)
Event: 1.515 Thread 0x000001d6f2d32130 nmethod 1763 0x000001d6dcd73390 code [0x000001d6dcd73540, 0x000001d6dcd73768]
Event: 1.515 Thread 0x000001d6f2d32130 1764       3       java.lang.invoke.DirectMethodHandle::constructorMethod (10 bytes)
Event: 1.515 Thread 0x000001d6f2d32130 nmethod 1764 0x000001d6dcd73890 code [0x000001d6dcd73a20, 0x000001d6dcd73bf8]
Event: 1.517 Thread 0x000001d6f2d31080 nmethod 1759 0x000001d6e45c5f10 code [0x000001d6e45c6080, 0x000001d6e45c6218]
Event: 1.518 Thread 0x000001d6f2d32130 1765       3       org.eclipse.core.internal.registry.BufferedRandomInputStream::read (41 bytes)
Event: 1.518 Thread 0x000001d6f2d32130 nmethod 1765 0x000001d6dcd73d10 code [0x000001d6dcd73ec0, 0x000001d6dcd740e8]
Event: 1.518 Thread 0x000001d6f2fe8d10 1766       4       java.io.DataInputStream::readInt (68 bytes)
Event: 1.518 Thread 0x000001d6f2d31080 1767       4       java.io.DataInputStream::readByte (6 bytes)
Event: 1.519 Thread 0x000001d6f2d32130 1768       3       jdk.internal.org.objectweb.asm.Type::getReturnTypeOffset (64 bytes)
Event: 1.521 Thread 0x000001d6f2d32130 nmethod 1768 0x000001d6dcd74210 code [0x000001d6dcd74540, 0x000001d6dcd75918]
Event: 1.521 Thread 0x000001d6f2d32130 1771       3       java.lang.reflect.Modifier::isPrivate (12 bytes)
Event: 1.521 Thread 0x000001d6f2d32130 nmethod 1771 0x000001d6dcd76090 code [0x000001d6dcd76220, 0x000001d6dcd76378]
Event: 1.521 Thread 0x000001d6f2d32130 1770       3       java.lang.invoke.InvokerBytecodeGenerator::emitReferenceCast (185 bytes)
Event: 1.522 Thread 0x000001d6f2d31080 nmethod 1767 0x000001d6e45c6310 code [0x000001d6e45c64c0, 0x000001d6e45c69b8]
Event: 1.522 Thread 0x000001d6f2d32130 nmethod 1770 0x000001d6dcd76410 code [0x000001d6dcd766c0, 0x000001d6dcd77308]
Event: 1.522 Thread 0x000001d6f2d31080 1769       4       java.lang.invoke.MemberName::getReferenceKind (12 bytes)
Event: 1.523 Thread 0x000001d6f2d31080 nmethod 1769 0x000001d6e45c6c10 code [0x000001d6e45c6d80, 0x000001d6e45c6df8]

GC Heap History (4 events):
Event: 0.856 GC heap before
{Heap before GC invocations=1 (full 0):
 PSYoungGen      total 29696K, used 25600K [0x00000000eab00000, 0x00000000ecc00000, 0x0000000100000000)
  eden space 25600K, 100% used [0x00000000eab00000,0x00000000ec400000,0x00000000ec400000)
  from space 4096K, 0% used [0x00000000ec800000,0x00000000ec800000,0x00000000ecc00000)
  to   space 4096K, 0% used [0x00000000ec400000,0x00000000ec400000,0x00000000ec800000)
 ParOldGen       total 68608K, used 0K [0x00000000c0000000, 0x00000000c4300000, 0x00000000eab00000)
  object space 68608K, 0% used [0x00000000c0000000,0x00000000c0000000,0x00000000c4300000)
 Metaspace       used 11001K, committed 11200K, reserved 1114112K
  class space    used 1094K, committed 1216K, reserved 1048576K
}
Event: 0.861 GC heap after
{Heap after GC invocations=1 (full 0):
 PSYoungGen      total 29696K, used 3156K [0x00000000eab00000, 0x00000000ecc00000, 0x0000000100000000)
  eden space 25600K, 0% used [0x00000000eab00000,0x00000000eab00000,0x00000000ec400000)
  from space 4096K, 77% used [0x00000000ec400000,0x00000000ec715268,0x00000000ec800000)
  to   space 4096K, 0% used [0x00000000ec800000,0x00000000ec800000,0x00000000ecc00000)
 ParOldGen       total 68608K, used 16K [0x00000000c0000000, 0x00000000c4300000, 0x00000000eab00000)
  object space 68608K, 0% used [0x00000000c0000000,0x00000000c0004000,0x00000000c4300000)
 Metaspace       used 11001K, committed 11200K, reserved 1114112K
  class space    used 1094K, committed 1216K, reserved 1048576K
}
Event: 1.344 GC heap before
{Heap before GC invocations=2 (full 0):
 PSYoungGen      total 29696K, used 28756K [0x00000000eab00000, 0x00000000ecc00000, 0x0000000100000000)
  eden space 25600K, 100% used [0x00000000eab00000,0x00000000ec400000,0x00000000ec400000)
  from space 4096K, 77% used [0x00000000ec400000,0x00000000ec715268,0x00000000ec800000)
  to   space 4096K, 0% used [0x00000000ec800000,0x00000000ec800000,0x00000000ecc00000)
 ParOldGen       total 68608K, used 16K [0x00000000c0000000, 0x00000000c4300000, 0x00000000eab00000)
  object space 68608K, 0% used [0x00000000c0000000,0x00000000c0004000,0x00000000c4300000)
 Metaspace       used 14744K, committed 14976K, reserved 1114112K
  class space    used 1491K, committed 1600K, reserved 1048576K
}
Event: 1.349 GC heap after
{Heap after GC invocations=2 (full 0):
 PSYoungGen      total 29696K, used 4067K [0x00000000eab00000, 0x00000000ecc00000, 0x0000000100000000)
  eden space 25600K, 0% used [0x00000000eab00000,0x00000000eab00000,0x00000000ec400000)
  from space 4096K, 99% used [0x00000000ec800000,0x00000000ecbf8f28,0x00000000ecc00000)
  to   space 4096K, 0% used [0x00000000ec400000,0x00000000ec400000,0x00000000ec800000)
 ParOldGen       total 68608K, used 756K [0x00000000c0000000, 0x00000000c4300000, 0x00000000eab00000)
  object space 68608K, 1% used [0x00000000c0000000,0x00000000c00bd360,0x00000000c4300000)
 Metaspace       used 14744K, committed 14976K, reserved 1114112K
  class space    used 1491K, committed 1600K, reserved 1048576K
}

Dll operation events (9 events):
Event: 0.014 Loaded shared library c:\Users\REMEDIOS CONTRERAS\.vscode\extensions\redhat.java-1.31.0-win32-x64\jre\17.0.11-win32-x86_64\bin\java.dll
Event: 0.183 Loaded shared library c:\Users\REMEDIOS CONTRERAS\.vscode\extensions\redhat.java-1.31.0-win32-x64\jre\17.0.11-win32-x86_64\bin\zip.dll
Event: 0.187 Loaded shared library C:\Users\REMEDIOS CONTRERAS\.vscode\extensions\redhat.java-1.31.0-win32-x64\jre\17.0.11-win32-x86_64\bin\instrument.dll
Event: 0.201 Loaded shared library C:\Users\REMEDIOS CONTRERAS\.vscode\extensions\redhat.java-1.31.0-win32-x64\jre\17.0.11-win32-x86_64\bin\net.dll
Event: 0.203 Loaded shared library C:\Users\REMEDIOS CONTRERAS\.vscode\extensions\redhat.java-1.31.0-win32-x64\jre\17.0.11-win32-x86_64\bin\nio.dll
Event: 0.210 Loaded shared library C:\Users\REMEDIOS CONTRERAS\.vscode\extensions\redhat.java-1.31.0-win32-x64\jre\17.0.11-win32-x86_64\bin\zip.dll
Event: 0.225 Loaded shared library C:\Users\REMEDIOS CONTRERAS\.vscode\extensions\redhat.java-1.31.0-win32-x64\jre\17.0.11-win32-x86_64\bin\jimage.dll
Event: 0.296 Loaded shared library c:\Users\REMEDIOS CONTRERAS\.vscode\extensions\redhat.java-1.31.0-win32-x64\jre\17.0.11-win32-x86_64\bin\verify.dll
Event: 1.245 Loaded shared library C:\Users\REMEDIOS CONTRERAS\AppData\Roaming\Code\User\globalStorage\redhat.java\1.31.0\config_ss_win\org.eclipse.equinox.launcher\org.eclipse.equinox.launcher.win32.win32.x86_64_1.2.1000.v20240507-1834\eclipse_11902.dll

Deoptimization events (20 events):
Event: 1.516 Thread 0x000001d6f4bc9d50 Uncommon trap: trap_request=0xffffffde fr.pc=0x000001d6e457c49c relative=0x00000000000004bc
Event: 1.516 Thread 0x000001d6f4bc9d50 Uncommon trap: reason=class_check action=maybe_recompile pc=0x000001d6e457c49c method=java.io.DataInputStream.readInt()I @ 6 c2
Event: 1.516 Thread 0x000001d6f4bc9d50 DEOPT PACKING pc=0x000001d6e457c49c sp=0x000000a9930fb430
Event: 1.516 Thread 0x000001d6f4bc9d50 DEOPT UNPACKING pc=0x000001d6e3fc66a3 sp=0x000000a9930fb3e8 mode 2
Event: 1.516 Thread 0x000001d6f4bc9d50 Uncommon trap: trap_request=0xffffffde fr.pc=0x000001d6e45c21d0 relative=0x00000000000002b0
Event: 1.517 Thread 0x000001d6f4bc9d50 Uncommon trap: reason=class_check action=maybe_recompile pc=0x000001d6e45c21d0 method=java.io.DataInputStream.readUnsignedByte()I @ 4 c2
Event: 1.517 Thread 0x000001d6f4bc9d50 DEOPT PACKING pc=0x000001d6e45c21d0 sp=0x000000a9930fb4d0
Event: 1.517 Thread 0x000001d6f4bc9d50 DEOPT UNPACKING pc=0x000001d6e3fc66a3 sp=0x000000a9930fb428 mode 2
Event: 1.517 Thread 0x000001d6f4bc9d50 Uncommon trap: trap_request=0xffffffde fr.pc=0x000001d6e45c21d0 relative=0x00000000000002b0
Event: 1.517 Thread 0x000001d6f4bc9d50 Uncommon trap: reason=class_check action=maybe_recompile pc=0x000001d6e45c21d0 method=java.io.DataInputStream.readUnsignedByte()I @ 4 c2
Event: 1.517 Thread 0x000001d6f4bc9d50 DEOPT PACKING pc=0x000001d6e45c21d0 sp=0x000000a9930fb4d0
Event: 1.517 Thread 0x000001d6f4bc9d50 DEOPT UNPACKING pc=0x000001d6e3fc66a3 sp=0x000000a9930fb428 mode 2
Event: 1.517 Thread 0x000001d6f4bc9d50 Uncommon trap: trap_request=0xffffffde fr.pc=0x000001d6e45c21d0 relative=0x00000000000002b0
Event: 1.517 Thread 0x000001d6f4bc9d50 Uncommon trap: reason=class_check action=maybe_recompile pc=0x000001d6e45c21d0 method=java.io.DataInputStream.readUnsignedByte()I @ 4 c2
Event: 1.517 Thread 0x000001d6f4bc9d50 DEOPT PACKING pc=0x000001d6e45c21d0 sp=0x000000a9930fb4d0
Event: 1.517 Thread 0x000001d6f4bc9d50 DEOPT UNPACKING pc=0x000001d6e3fc66a3 sp=0x000000a9930fb428 mode 2
Event: 1.517 Thread 0x000001d6f4bc9d50 Uncommon trap: trap_request=0xffffffde fr.pc=0x000001d6e45c21d0 relative=0x00000000000002b0
Event: 1.517 Thread 0x000001d6f4bc9d50 Uncommon trap: reason=class_check action=maybe_recompile pc=0x000001d6e45c21d0 method=java.io.DataInputStream.readUnsignedByte()I @ 4 c2
Event: 1.517 Thread 0x000001d6f4bc9d50 DEOPT PACKING pc=0x000001d6e45c21d0 sp=0x000000a9930fb4d0
Event: 1.517 Thread 0x000001d6f4bc9d50 DEOPT UNPACKING pc=0x000001d6e3fc66a3 sp=0x000000a9930fb428 mode 2

Classes unloaded (0 events):
No events

Classes redefined (0 events):
No events

Internal exceptions (20 events):
Event: 0.780 Thread 0x000001d6d9db0ce0 Exception <a 'java/lang/ClassNotFoundException'{0x00000000ec0e2590}: sun/net/www/protocol/c/Handler> (0x00000000ec0e2590) 
thrown [s\src\hotspot\share\classfile\systemDictionary.cpp, line 256]
Event: 0.781 Thread 0x000001d6d9db0ce0 Exception <a 'java/lang/ClassNotFoundException'{0x00000000ec0e3760}: sun/net/www/protocol/c/Handler> (0x00000000ec0e3760) 
thrown [s\src\hotspot\share\classfile\systemDictionary.cpp, line 256]
Event: 0.789 Thread 0x000001d6d9db0ce0 Exception <a 'java/io/FileNotFoundException'{0x00000000ec107538}> (0x00000000ec107538) 
thrown [s\src\hotspot\share\prims\jni.cpp, line 516]
Event: 0.817 Thread 0x000001d6d9db0ce0 Implicit null exception at 0x000001d6e4565c00 to 0x000001d6e45665dc
Event: 0.817 Thread 0x000001d6d9db0ce0 Implicit null exception at 0x000001d6e455d66c to 0x000001d6e455d85c
Event: 0.817 Thread 0x000001d6d9db0ce0 Implicit null exception at 0x000001d6e455f7ec to 0x000001d6e455f9d8
Event: 0.818 Thread 0x000001d6d9db0ce0 Implicit null exception at 0x000001d6e455430f to 0x000001d6e4554389
Event: 0.853 Thread 0x000001d6d9db0ce0 Exception <a 'java/lang/NoSuchMethodError'{0x00000000ec3e3ca8}: 'int java.lang.invoke.DirectMethodHandle$Holder.invokeStaticInit(java.lang.Object, java.lang.Object, java.lang.Object, java.lang.Object)'> (0x00000000ec3e3ca8) 
thrown [s\src\hotspot\share\interpreter\linkResolver.cpp, line 759]
Event: 0.854 Thread 0x000001d6d9db0ce0 Exception <a 'java/lang/NoSuchMethodError'{0x00000000ec3ee318}: 'java.lang.Object java.lang.invoke.DirectMethodHandle$Holder.invokeInterface(java.lang.Object, java.lang.Object)'> (0x00000000ec3ee318) 
thrown [s\src\hotspot\share\interpreter\linkResolver.cpp, line 759]
Event: 0.854 Thread 0x000001d6d9db0ce0 Exception <a 'java/lang/IncompatibleClassChangeError'{0x00000000ec3f1b10}: Found class java.lang.Object, but interface was expected> (0x00000000ec3f1b10) 
thrown [s\src\hotspot\share\interpreter\linkResolver.cpp, line 826]
Event: 0.855 Thread 0x000001d6d9db0ce0 Exception <a 'java/lang/NoSuchMethodError'{0x00000000ec3f6000}: 'void java.lang.invoke.DirectMethodHandle$Holder.invokeStatic(java.lang.Object, java.lang.Object)'> (0x00000000ec3f6000) 
thrown [s\src\hotspot\share\interpreter\linkResolver.cpp, line 759]
Event: 0.855 Thread 0x000001d6d9db0ce0 Exception <a 'java/lang/NoSuchMethodError'{0x00000000ec3f9800}: 'void java.lang.invoke.DirectMethodHandle$Holder.invokeStaticInit(java.lang.Object, java.lang.Object)'> (0x00000000ec3f9800) 
thrown [s\src\hotspot\share\interpreter\linkResolver.cpp, line 759]
Event: 0.862 Thread 0x000001d6d9db0ce0 Exception <a 'java/lang/NoSuchMethodError'{0x00000000eab00f50}: 'int java.lang.invoke.DirectMethodHandle$Holder.invokeStaticInit(java.lang.Object, java.lang.Object)'> (0x00000000eab00f50) 
thrown [s\src\hotspot\share\interpreter\linkResolver.cpp, line 759]
Event: 0.892 Thread 0x000001d6d9db0ce0 Exception <a 'java/lang/NoSuchMethodError'{0x00000000eac2ca98}: 'void java.lang.invoke.DirectMethodHandle$Holder.invokeSpecial(java.lang.Object, java.lang.Object, java.lang.Object)'> (0x00000000eac2ca98) 
thrown [s\src\hotspot\share\interpreter\linkResolver.cpp, line 759]
Event: 1.117 Thread 0x000001d6d9db0ce0 Exception <a 'java/lang/NoSuchMethodError'{0x00000000eb93cb38}: 'java.lang.Object java.lang.invoke.DirectMethodHandle$Holder.newInvokeSpecial(java.lang.Object, int, java.lang.Object)'> (0x00000000eb93cb38) 
thrown [s\src\hotspot\share\interpreter\linkResolver.cpp, line 759]
Event: 1.242 Thread 0x000001d6d9db0ce0 Exception <a 'java/lang/UnsatisfiedLinkError'{0x00000000ebee5ec8}: 'void org.eclipse.equinox.launcher.JNIBridge._update_splash()'> (0x00000000ebee5ec8) 
thrown [s\src\hotspot\share\prims\nativeLookup.cpp, line 543]
Event: 1.290 Thread 0x000001d6f4bc9d50 Exception <a 'java/lang/NoSuchMethodError'{0x00000000ec1c5630}: 'java.lang.Object java.lang.invoke.DirectMethodHandle$Holder.invokeStaticInit(java.lang.Object)'> (0x00000000ec1c5630) 
thrown [s\src\hotspot\share\interpreter\linkResolver.cpp, line 759]
Event: 1.324 Thread 0x000001d6f4bc9d50 Exception <a 'java/lang/NullPointerException'{0x00000000ec307a10}> (0x00000000ec307a10) 
thrown [s\src\hotspot\share\interpreter\linkResolver.cpp, line 1350]
Event: 1.324 Thread 0x000001d6f4bc9d50 Exception <a 'java/lang/NullPointerException'{0x00000000ec307ce8}> (0x00000000ec307ce8) 
thrown [s\src\hotspot\share\interpreter\linkResolver.cpp, line 1350]
Event: 1.507 Thread 0x000001d6f4bc9d50 Exception <a 'java/io/FileNotFoundException'{0x00000000eb5b2578}> (0x00000000eb5b2578) 
thrown [s\src\hotspot\share\prims\jni.cpp, line 516]

VM Operations (20 events):
Event: 0.547 Executing VM operation: HandshakeAllThreads
Event: 0.547 Executing VM operation: HandshakeAllThreads done
Event: 0.562 Executing VM operation: HandshakeAllThreads
Event: 0.562 Executing VM operation: HandshakeAllThreads done
Event: 0.761 Executing VM operation: ICBufferFull
Event: 0.762 Executing VM operation: ICBufferFull done
Event: 0.856 Executing VM operation: ParallelGCFailedAllocation
Event: 0.861 Executing VM operation: ParallelGCFailedAllocation done
Event: 1.095 Executing VM operation: HandshakeAllThreads
Event: 1.095 Executing VM operation: HandshakeAllThreads done
Event: 1.095 Executing VM operation: HandshakeAllThreads
Event: 1.095 Executing VM operation: HandshakeAllThreads done
Event: 1.100 Executing VM operation: HandshakeAllThreads
Event: 1.100 Executing VM operation: HandshakeAllThreads done
Event: 1.112 Executing VM operation: HandshakeAllThreads
Event: 1.112 Executing VM operation: HandshakeAllThreads done
Event: 1.321 Executing VM operation: HandshakeAllThreads
Event: 1.321 Executing VM operation: HandshakeAllThreads done
Event: 1.343 Executing VM operation: ParallelGCFailedAllocation
Event: 1.349 Executing VM operation: ParallelGCFailedAllocation done

Events (20 events):
Event: 1.402 loading class java/util/TaskQueue done
Event: 1.402 loading class java/util/TimerThread
Event: 1.403 loading class java/util/TimerThread done
Event: 1.403 loading class java/util/Timer$ThreadReaper
Event: 1.403 loading class java/util/Timer$ThreadReaper done
Event: 1.403 Thread 0x000001d6f4baf060 Thread added: 0x000001d6f4baf060
Event: 1.414 loading class java/util/concurrent/locks/ReentrantLock$FairSync
Event: 1.414 loading class java/util/concurrent/locks/ReentrantLock$FairSync done
Event: 1.415 loading class java/util/Collections$ReverseComparator
Event: 1.415 loading class java/util/Collections$ReverseComparator done
Event: 1.463 loading class java/lang/CloneNotSupportedException
Event: 1.463 loading class java/lang/CloneNotSupportedException done
Event: 1.479 loading class java/util/TreeMap$Values
Event: 1.479 loading class java/util/TreeMap$Values done
Event: 1.479 loading class java/util/TreeMap$ValueIterator
Event: 1.479 loading class java/util/TreeMap$ValueIterator done
Event: 1.496 loading class java/nio/file/NoSuchFileException
Event: 1.496 loading class java/nio/file/FileSystemException
Event: 1.496 loading class java/nio/file/FileSystemException done
Event: 1.496 loading class java/nio/file/NoSuchFileException done


Dynamic libraries:
0x00007ff7a3fc0000 - 0x00007ff7a3fce000 	c:\Users\REMEDIOS CONTRERAS\.vscode\extensions\redhat.java-1.31.0-win32-x64\jre\17.0.11-win32-x86_64\bin\java.exe
0x00007ff97a6b0000 - 0x00007ff97a8c7000 	C:\WINDOWS\SYSTEM32\ntdll.dll
0x00007ff9798f0000 - 0x00007ff9799b4000 	C:\WINDOWS\System32\KERNEL32.DLL
0x00007ff977f00000 - 0x00007ff9782ac000 	C:\WINDOWS\System32\KERNELBASE.dll
0x00007ff977ba0000 - 0x00007ff977cb1000 	C:\WINDOWS\System32\ucrtbase.dll
0x00007ff970980000 - 0x00007ff97099b000 	c:\Users\REMEDIOS CONTRERAS\.vscode\extensions\redhat.java-1.31.0-win32-x64\jre\17.0.11-win32-x86_64\bin\VCRUNTIME140.dll
0x00007ff9704e0000 - 0x00007ff9704f7000 	c:\Users\REMEDIOS CONTRERAS\.vscode\extensions\redhat.java-1.31.0-win32-x64\jre\17.0.11-win32-x86_64\bin\jli.dll
0x00007ff9783f0000 - 0x00007ff97859e000 	C:\WINDOWS\System32\USER32.dll
0x00007ff977b70000 - 0x00007ff977b96000 	C:\WINDOWS\System32\win32u.dll
0x00007ff9657a0000 - 0x00007ff965a33000 	C:\WINDOWS\WinSxS\amd64_microsoft.windows.common-controls_6595b64144ccf1df_6.0.22621.3672_none_2713b9d173822955\COMCTL32.dll
0x00007ff978bd0000 - 0x00007ff978bf9000 	C:\WINDOWS\System32\GDI32.dll
0x00007ff978b20000 - 0x00007ff978bc7000 	C:\WINDOWS\System32\msvcrt.dll
0x00007ff977a50000 - 0x00007ff977b69000 	C:\WINDOWS\System32\gdi32full.dll
0x00007ff977cc0000 - 0x00007ff977d5a000 	C:\WINDOWS\System32\msvcp_win.dll
0x00007ff979f80000 - 0x00007ff979fb1000 	C:\WINDOWS\System32\IMM32.DLL
0x00007ff974c30000 - 0x00007ff974c3c000 	c:\Users\REMEDIOS CONTRERAS\.vscode\extensions\redhat.java-1.31.0-win32-x64\jre\17.0.11-win32-x86_64\bin\vcruntime140_1.dll
0x00007ff948d90000 - 0x00007ff948e1d000 	c:\Users\REMEDIOS CONTRERAS\.vscode\extensions\redhat.java-1.31.0-win32-x64\jre\17.0.11-win32-x86_64\bin\msvcp140.dll
0x00007ff927b90000 - 0x00007ff9287f2000 	c:\Users\REMEDIOS CONTRERAS\.vscode\extensions\redhat.java-1.31.0-win32-x64\jre\17.0.11-win32-x86_64\bin\server\jvm.dll
0x00007ff9799c0000 - 0x00007ff979a72000 	C:\WINDOWS\System32\ADVAPI32.dll
0x00007ff979670000 - 0x00007ff97971a000 	C:\WINDOWS\System32\sechost.dll
0x00007ff977d60000 - 0x00007ff977d88000 	C:\WINDOWS\System32\bcrypt.dll
0x00007ff97a020000 - 0x00007ff97a135000 	C:\WINDOWS\System32\RPCRT4.dll
0x00007ff9725a0000 - 0x00007ff9725a9000 	C:\WINDOWS\SYSTEM32\WSOCK32.dll
0x00007ff9778a0000 - 0x00007ff9778ed000 	C:\WINDOWS\SYSTEM32\POWRPROF.dll
0x00007ff972c60000 - 0x00007ff972c94000 	C:\WINDOWS\SYSTEM32\WINMM.dll
0x00007ff9785a0000 - 0x00007ff978611000 	C:\WINDOWS\System32\WS2_32.dll
0x00007ff9728b0000 - 0x00007ff9728ba000 	C:\WINDOWS\SYSTEM32\VERSION.dll
0x00007ff977880000 - 0x00007ff977893000 	C:\WINDOWS\SYSTEM32\UMPDC.dll
0x00007ff976a10000 - 0x00007ff976a28000 	C:\WINDOWS\SYSTEM32\kernel.appcore.dll
0x00007ff970840000 - 0x00007ff97084a000 	c:\Users\REMEDIOS CONTRERAS\.vscode\extensions\redhat.java-1.31.0-win32-x64\jre\17.0.11-win32-x86_64\bin\jimage.dll
0x00007ff9643e0000 - 0x00007ff964612000 	C:\WINDOWS\SYSTEM32\DBGHELP.DLL
0x00007ff979a80000 - 0x00007ff979e08000 	C:\WINDOWS\System32\combase.dll
0x00007ff979720000 - 0x00007ff9797f7000 	C:\WINDOWS\System32\OLEAUT32.dll
0x00007ff95ed50000 - 0x00007ff95ed82000 	C:\WINDOWS\SYSTEM32\dbgcore.DLL
0x00007ff9782b0000 - 0x00007ff97832b000 	C:\WINDOWS\System32\bcryptPrimitives.dll
0x00007ff9705b0000 - 0x00007ff9705be000 	c:\Users\REMEDIOS CONTRERAS\.vscode\extensions\redhat.java-1.31.0-win32-x64\jre\17.0.11-win32-x86_64\bin\instrument.dll
0x00007ff95d810000 - 0x00007ff95d835000 	c:\Users\REMEDIOS CONTRERAS\.vscode\extensions\redhat.java-1.31.0-win32-x64\jre\17.0.11-win32-x86_64\bin\java.dll
0x00007ff96f400000 - 0x00007ff96f418000 	c:\Users\REMEDIOS CONTRERAS\.vscode\extensions\redhat.java-1.31.0-win32-x64\jre\17.0.11-win32-x86_64\bin\zip.dll
0x00007ff978c00000 - 0x00007ff97945c000 	C:\WINDOWS\System32\SHELL32.dll
0x00007ff975930000 - 0x00007ff976227000 	C:\WINDOWS\SYSTEM32\windows.storage.dll
0x00007ff9757f0000 - 0x00007ff97592f000 	C:\WINDOWS\SYSTEM32\wintypes.dll
0x00007ff979480000 - 0x00007ff979574000 	C:\WINDOWS\System32\SHCORE.dll
0x00007ff978ac0000 - 0x00007ff978b1e000 	C:\WINDOWS\System32\shlwapi.dll
0x00007ff977910000 - 0x00007ff977931000 	C:\WINDOWS\SYSTEM32\profapi.dll
0x00007ff964bd0000 - 0x00007ff964be9000 	C:\Users\REMEDIOS CONTRERAS\.vscode\extensions\redhat.java-1.31.0-win32-x64\jre\17.0.11-win32-x86_64\bin\net.dll
0x00007ff972ca0000 - 0x00007ff972dd6000 	C:\WINDOWS\SYSTEM32\WINHTTP.dll
0x00007ff976e80000 - 0x00007ff976ee9000 	C:\WINDOWS\system32\mswsock.dll
0x00007ff964760000 - 0x00007ff964776000 	C:\Users\REMEDIOS CONTRERAS\.vscode\extensions\redhat.java-1.31.0-win32-x64\jre\17.0.11-win32-x86_64\bin\nio.dll
0x00007ff970290000 - 0x00007ff9702a0000 	c:\Users\REMEDIOS CONTRERAS\.vscode\extensions\redhat.java-1.31.0-win32-x64\jre\17.0.11-win32-x86_64\bin\verify.dll
0x00007ff9501e0000 - 0x00007ff950224000 	C:\Users\REMEDIOS CONTRERAS\AppData\Roaming\Code\User\globalStorage\redhat.java\1.31.0\config_ss_win\org.eclipse.equinox.launcher\org.eclipse.equinox.launcher.win32.win32.x86_64_1.2.1000.v20240507-1834\eclipse_11902.dll
0x00007ff97a3c0000 - 0x00007ff97a565000 	C:\WINDOWS\System32\ole32.dll

dbghelp: loaded successfully - version: 4.0.5 - missing functions: none
symbol engine: initialized successfully - sym options: 0x614 - pdb path: .;c:\Users\REMEDIOS CONTRERAS\.vscode\extensions\redhat.java-1.31.0-win32-x64\jre\17.0.11-win32-x86_64\bin;C:\WINDOWS\SYSTEM32;C:\WINDOWS\WinSxS\amd64_microsoft.windows.common-controls_6595b64144ccf1df_6.0.22621.3672_none_2713b9d173822955;c:\Users\REMEDIOS CONTRERAS\.vscode\extensions\redhat.java-1.31.0-win32-x64\jre\17.0.11-win32-x86_64\bin\server;C:\Users\REMEDIOS CONTRERAS\AppData\Roaming\Code\User\globalStorage\redhat.java\1.31.0\config_ss_win\org.eclipse.equinox.launcher\org.eclipse.equinox.launcher.win32.win32.x86_64_1.2.1000.v20240507-1834

VM Arguments:
jvm_args: --add-modules=ALL-SYSTEM --add-opens=java.base/java.util=ALL-UNNAMED --add-opens=java.base/java.lang=ALL-UNNAMED --add-opens=java.base/sun.nio.fs=ALL-UNNAMED -Declipse.application=org.eclipse.jdt.ls.core.id1 -Dosgi.bundles.defaultStartLevel=4 -Declipse.product=org.eclipse.jdt.ls.core.product -Djava.import.generatesMetadataFilesAtProjectRoot=false -DDetectVMInstallationsJob.disabled=true -Dfile.encoding=utf8 -XX:+UseParallelGC -XX:GCTimeRatio=4 -XX:AdaptiveSizePolicyWeight=90 -Dsun.zip.disableMemoryMapping=true -Xmx1G -Xms100m -Xlog:disable -javaagent:c:\Users\REMEDIOS CONTRERAS\.vscode\extensions\redhat.java-1.31.0-win32-x64\lombok\lombok-1.18.32.jar 
java_command: c:\Users\REMEDIOS CONTRERAS\.vscode\extensions\redhat.java-1.31.0-win32-x64\server\plugins\org.eclipse.equinox.launcher_1.6.800.v20240513-1750.jar -configuration c:\Users\REMEDIOS CONTRERAS\AppData\Roaming\Code\User\globalStorage\redhat.java\1.31.0\config_ss_win -data c:\Users\REMEDIOS CONTRERAS\AppData\Roaming\Code\User\workspaceStorage\072d14fccc246888f7abbe56b5e09719\redhat.java\ss_ws --pipe=\\.\pipe\lsp-b90c4956e296492c3912e9e604fc5e6f-sock
java_class_path (initial): c:\Users\REMEDIOS CONTRERAS\.vscode\extensions\redhat.java-1.31.0-win32-x64\server\plugins\org.eclipse.equinox.launcher_1.6.800.v20240513-1750.jar
Launcher Type: SUN_STANDARD

[Global flags]
    uintx AdaptiveSizePolicyWeight                 = 90                                        {product} {command line}
     intx CICompilerCount                          = 4                                         {product} {ergonomic}
    uintx GCTimeRatio                              = 4                                         {product} {command line}
   size_t InitialHeapSize                          = 104857600                                 {product} {command line}
   size_t MaxHeapSize                              = 1073741824                                {product} {command line}
   size_t MaxNewSize                               = 357564416                                 {product} {ergonomic}
   size_t MinHeapDeltaBytes                        = 524288                                    {product} {ergonomic}
   size_t MinHeapSize                              = 104857600                                 {product} {command line}
   size_t NewSize                                  = 34603008                                  {product} {ergonomic}
    uintx NonNMethodCodeHeapSize                   = 5839372                                {pd product} {ergonomic}
    uintx NonProfiledCodeHeapSize                  = 122909434                              {pd product} {ergonomic}
   size_t OldSize                                  = 70254592                                  {product} {ergonomic}
    uintx ProfiledCodeHeapSize                     = 122909434                              {pd product} {ergonomic}
    uintx ReservedCodeCacheSize                    = 251658240                              {pd product} {ergonomic}
     bool SegmentedCodeCache                       = true                                      {product} {ergonomic}
   size_t SoftMaxHeapSize                          = 1073741824                             {manageable} {ergonomic}
     bool UseCompressedClassPointers               = true                           {product lp64_product} {ergonomic}
     bool UseCompressedOops                        = true                           {product lp64_product} {ergonomic}
     bool UseLargePagesIndividualAllocation        = false                                  {pd product} {ergonomic}
     bool UseParallelGC                            = true                                      {product} {command line}

Logging:
Log output configuration:
 #0: stdout all=off uptime,level,tags
 #1: stderr all=off uptime,level,tags

Environment Variables:
PATH=C:\Program Files\Common Files\Oracle\Java\javapath;C:\WINDOWS\system32;C:\WINDOWS;C:\WINDOWS\System32\Wbem;C:\WINDOWS\System32\WindowsPowerShell\v1.0\;C:\WINDOWS\System32\OpenSSH\;C:\Program Files\dotnet\;C:\Program Files\Git\cmd;C:\Program Files\nodejs\;C:\Program Files\MySQL\MySQL Shell 8.0\bin\;C:\Users\REMEDIOS CONTRERAS\AppData\Local\Microsoft\WindowsApps;C:\Users\REMEDIOS CONTRERAS\AppData\Local\GitHubDesktop\bin;C:\Users\REMEDIOS CONTRERAS\AppData\Local\Programs\Microsoft VS Code\bin;C:\Users\REMEDIOS CONTRERAS\AppData\Roaming\npm
USERNAME=REMEDIOS CONTRERAS
OS=Windows_NT
PROCESSOR_IDENTIFIER=Intel64 Family 6 Model 142 Stepping 12, GenuineIntel
TMP=C:\Users\REMEDI~1\AppData\Local\Temp
TEMP=C:\Users\REMEDI~1\AppData\Local\Temp



Periodic native trim disabled


---------------  S Y S T E M  ---------------

OS:
 Windows 11 , 64 bit Build 22621 (10.0.22621.3672)
OS uptime: 1 days 4:13 hours

CPU: total 8 (initial active 8) (4 cores per cpu, 2 threads per core) family 6 model 142 stepping 12 microcode 0xea, cx8, cmov, fxsr, ht, mmx, 3dnowpref, sse, sse2, sse3, ssse3, sse4.1, sse4.2, popcnt, lzcnt, tsc, tscinvbit, avx, avx2, aes, erms, clmul, bmi1, bmi2, adx, fma, vzeroupper, clflush, clflushopt
Processor Information for all 8 processors :
  Max Mhz: 2112, Current Mhz: 1609, Mhz Limit: 1605

Memory: 4k page, system-wide physical 12121M (3109M free)
TotalPageFile size 12121M (AvailPageFile size 1M)
current process WorkingSet (physical memory assigned to process): 95M, peak: 95M
current process commit charge ("private bytes"): 211M, peak: 211M

vm_info: OpenJDK 64-Bit Server VM (17.0.11+9) for windows-amd64 JRE (17.0.11+9), built on Apr 17 2024 06:07:48 by "admin" with MS VC++ 16.10 / 16.11 (VS2019)

END.
