#
# There is insufficient memory for the Java Runtime Environment to continue.
# Native memory allocation (malloc) failed to allocate 1007776 bytes for Chunk::new
# Possible reasons:
#   The system is out of physical RAM or swap space
#   The process is running with CompressedOops enabled, and the Java Heap may be blocking the growth of the native heap
# Possible solutions:
#   Reduce memory load on the system
#   Increase physical memory or swap space
#   Check if swap backing store is full
#   Decrease Java heap size (-Xmx/-Xms)
#   Decrease number of Java threads
#   Decrease Java thread stack sizes (-Xss)
#   Set larger code cache with -XX:ReservedCodeCacheSize=
#   JVM is running with Zero Based Compressed Oops mode in which the Java heap is
#     placed in the first 32GB address space. The Java Heap base address is the
#     maximum limit for the native heap growth. Please use -XX:HeapBaseMinAddress
#     to set the Java Heap base and to place the Java Heap above 32GB virtual address.
# This output file may be truncated or incomplete.
#
#  Out of Memory Error (arena.cpp:189), pid=18016, tid=19064
#
# JRE version: Java(TM) SE Runtime Environment (17.0.9+11) (build 17.0.9+11-LTS-201)
# Java VM: Java HotSpot(TM) 64-Bit Server VM (17.0.9+11-LTS-201, mixed mode, sharing, tiered, compressed oops, compressed class ptrs, g1 gc, windows-amd64)
# No core dump will be written. Minidumps are not enabled by default on client versions of Windows
#

---------------  S U M M A R Y ------------

Command Line: -XX:+ShowCodeDetailsInExceptionMessages com.rodolfo.DataTest.DataTestApplication

Host: Intel(R) Core(TM) i5-10210U CPU @ 1.60GHz, 8 cores, 11G,  Windows 11 , 64 bit Build 22621 (10.0.22621.3672)
Time: Sun Jun 23 19:00:59 2024 Hora estándar central (México) elapsed time: 0.915650 seconds (0d 0h 0m 0s)

---------------  T H R E A D  ---------------

Current thread (0x0000017360f0da30):  JavaThread "C2 CompilerThread0" daemon [_thread_in_native, id=19064, stack(0x0000002782400000,0x0000002782500000)]


Current CompileTask:
C2:    915 1670       4       jdk.internal.org.objectweb.asm.Frame::execute (2305 bytes)

Stack: [0x0000002782400000,0x0000002782500000]
Native frames: (J=compiled Java code, j=interpreted, Vv=VM code, C=native code)
V  [jvm.dll+0x678a4a]
V  [jvm.dll+0x7d9cfd]
V  [jvm.dll+0x7db60e]
V  [jvm.dll+0x7dbc73]
V  [jvm.dll+0x245e1f]
V  [jvm.dll+0xaaafb]
V  [jvm.dll+0xab09c]
V  [jvm.dll+0x2ab7ef]
V  [jvm.dll+0x5812e5]
V  [jvm.dll+0x220c52]
V  [jvm.dll+0x22102f]
V  [jvm.dll+0x219f86]
V  [jvm.dll+0x217459]
V  [jvm.dll+0x1a3bc0]
V  [jvm.dll+0x2272de]
V  [jvm.dll+0x22548b]
V  [jvm.dll+0x78f58c]
V  [jvm.dll+0x78998a]
V  [jvm.dll+0x677875]
C  [ucrtbase.dll+0x29333]
C  [KERNEL32.DLL+0x1257d]
C  [ntdll.dll+0x5af28]


---------------  P R O C E S S  ---------------

Threads class SMR info:
_java_thread_list=0x00000173a7039150, length=15, elements={
0x00000173409458a0, 0x0000017360eee780, 0x0000017360eef600, 0x0000017360f06f80,
0x0000017360f07b40, 0x0000017360f08700, 0x0000017360f0b0d0, 0x0000017360f0da30,
0x0000017361150080, 0x0000017361152db0, 0x0000017361287440, 0x0000017361295740,
0x000001736137d950, 0x00000173a7042340, 0x00000173617d4090
}

Java Threads: ( => current thread )
  0x00000173409458a0 JavaThread "main" [_thread_in_vm, id=13372, stack(0x0000002781700000,0x0000002781800000)]
  0x0000017360eee780 JavaThread "Reference Handler" daemon [_thread_blocked, id=17432, stack(0x0000002781e00000,0x0000002781f00000)]
  0x0000017360eef600 JavaThread "Finalizer" daemon [_thread_blocked, id=3696, stack(0x0000002781f00000,0x0000002782000000)]
  0x0000017360f06f80 JavaThread "Signal Dispatcher" daemon [_thread_blocked, id=9832, stack(0x0000002782000000,0x0000002782100000)]
  0x0000017360f07b40 JavaThread "Attach Listener" daemon [_thread_blocked, id=18188, stack(0x0000002782100000,0x0000002782200000)]
  0x0000017360f08700 JavaThread "Service Thread" daemon [_thread_blocked, id=16300, stack(0x0000002782200000,0x0000002782300000)]
  0x0000017360f0b0d0 JavaThread "Monitor Deflation Thread" daemon [_thread_blocked, id=18752, stack(0x0000002782300000,0x0000002782400000)]
=>0x0000017360f0da30 JavaThread "C2 CompilerThread0" daemon [_thread_in_native, id=19064, stack(0x0000002782400000,0x0000002782500000)]
  0x0000017361150080 JavaThread "C1 CompilerThread0" daemon [_thread_blocked, id=2732, stack(0x0000002782500000,0x0000002782600000)]
  0x0000017361152db0 JavaThread "Sweeper thread" daemon [_thread_blocked, id=640, stack(0x0000002782600000,0x0000002782700000)]
  0x0000017361287440 JavaThread "Notification Thread" daemon [_thread_blocked, id=17212, stack(0x0000002782700000,0x0000002782800000)]
  0x0000017361295740 JavaThread "Common-Cleaner" daemon [_thread_blocked, id=12832, stack(0x0000002782900000,0x0000002782a00000)]
  0x000001736137d950 JavaThread "C2 CompilerThread1" daemon [_thread_in_native, id=11868, stack(0x0000002782a00000,0x0000002782b00000)]
  0x00000173a7042340 JavaThread "C2 CompilerThread2" daemon [_thread_blocked, id=3856, stack(0x0000002782b00000,0x0000002782c00000)]
  0x00000173617d4090 JavaThread "background-preinit" [_thread_in_native, id=3368, stack(0x0000002783000000,0x0000002783100000)]

Other Threads:
  0x0000017360ee6980 VMThread "VM Thread" [stack: 0x0000002781d00000,0x0000002781e00000] [id=18908]
  0x00000173409b9cd0 WatcherThread [stack: 0x0000002782800000,0x0000002782900000] [id=5564]
  0x00000173409a5540 GCTaskThread "GC Thread#0" [stack: 0x0000002781800000,0x0000002781900000] [id=20512]
  0x00000173a7c22a10 GCTaskThread "GC Thread#1" [stack: 0x0000002782c00000,0x0000002782d00000] [id=3148]
  0x00000173a75806a0 GCTaskThread "GC Thread#2" [stack: 0x0000002782d00000,0x0000002782e00000] [id=19992]
  0x00000173a7580960 GCTaskThread "GC Thread#3" [stack: 0x0000002782e00000,0x0000002782f00000] [id=13676]
  0x00000173a7580c20 GCTaskThread "GC Thread#4" [stack: 0x0000002782f00000,0x0000002783000000] [id=15556]
  0x00000173a755fb30 GCTaskThread "GC Thread#5" [stack: 0x0000002783100000,0x0000002783200000] [id=12020]
  0x00000173a7e97430 GCTaskThread "GC Thread#6" [stack: 0x0000002783200000,0x0000002783300000] [id=11988]
  0x00000173a700fd70 GCTaskThread "GC Thread#7" [stack: 0x0000002783300000,0x0000002783400000] [id=10668]
  0x00000173409b2820 ConcurrentGCThread "G1 Main Marker" [stack: 0x0000002781900000,0x0000002781a00000] [id=21016]
  0x00000173409b3230 ConcurrentGCThread "G1 Conc#0" [stack: 0x0000002781a00000,0x0000002781b00000] [id=20392]
  0x0000017360db53e0 ConcurrentGCThread "G1 Refine#0" [stack: 0x0000002781b00000,0x0000002781c00000] [id=20656]
  0x0000017360db5c20 ConcurrentGCThread "G1 Service" [stack: 0x0000002781c00000,0x0000002781d00000] [id=20072]

Threads with active compile tasks:
C2 CompilerThread0      932 1670       4       jdk.internal.org.objectweb.asm.Frame::execute (2305 bytes)

VM state: not at safepoint (normal execution)

VM Mutex/Monitor currently owned by a thread: None

Heap address: 0x0000000742800000, size: 3032 MB, Compressed Oops mode: Zero based, Oop shift amount: 3

CDS archive(s) mapped at: [0x0000017362000000-0x0000017362bd0000-0x0000017362bd0000), size 12386304, SharedBaseAddress: 0x0000017362000000, ArchiveRelocationMode: 1.
Compressed class space mapped at: 0x0000017363000000-0x00000173a3000000, reserved size: 1073741824
Narrow klass base: 0x0000017362000000, Narrow klass shift: 0, Narrow klass range: 0x100000000

GC Precious Log:
 CPUs: 8 total, 8 available
 Memory: 12121M
 Large Page Support: Disabled
 NUMA Support: Disabled
 Compressed Oops: Enabled (Zero based)
 Heap Region Size: 2M
 Heap Min Capacity: 8M
 Heap Initial Capacity: 190M
 Heap Max Capacity: 3032M
 Pre-touch: Disabled
 Parallel Workers: 8
 Concurrent Workers: 2
 Concurrent Refinement Workers: 8
 Periodic GC: Disabled

Heap:
 garbage-first heap   total 194560K, used 16758K [0x0000000742800000, 0x0000000800000000)
  region size 2048K, 6 young (12288K), 1 survivors (2048K)
 Metaspace       used 13964K, committed 14208K, reserved 1114112K
  class space    used 1702K, committed 1792K, reserved 1048576K

Heap Regions: E=young(eden), S=young(survivor), O=old, HS=humongous(starts), HC=humongous(continues), CS=collection set, F=free, OA=open archive, CA=closed archive, TAMS=top-at-mark-start (previous, next)
|   0|0x0000000742800000, 0x0000000742a00000, 0x0000000742a00000|100%| O|  |TAMS 0x0000000742800000, 0x0000000742800000| Untracked 
|   1|0x0000000742a00000, 0x0000000742c00000, 0x0000000742c00000|100%| O|  |TAMS 0x0000000742a00000, 0x0000000742a00000| Untracked 
|   2|0x0000000742c00000, 0x0000000742e00000, 0x0000000742e00000|100%| O|  |TAMS 0x0000000742c00000, 0x0000000742c00000| Untracked 
|   3|0x0000000742e00000, 0x0000000742e5d800, 0x0000000743000000| 18%| O|  |TAMS 0x0000000742e00000, 0x0000000742e00000| Untracked 
|   4|0x0000000743000000, 0x0000000743000000, 0x0000000743200000|  0%| F|  |TAMS 0x0000000743000000, 0x0000000743000000| Untracked 
|   5|0x0000000743200000, 0x0000000743200000, 0x0000000743400000|  0%| F|  |TAMS 0x0000000743200000, 0x0000000743200000| Untracked 
|   6|0x0000000743400000, 0x0000000743400000, 0x0000000743600000|  0%| F|  |TAMS 0x0000000743400000, 0x0000000743400000| Untracked 
|   7|0x0000000743600000, 0x0000000743600000, 0x0000000743800000|  0%| F|  |TAMS 0x0000000743600000, 0x0000000743600000| Untracked 
|   8|0x0000000743800000, 0x0000000743800000, 0x0000000743a00000|  0%| F|  |TAMS 0x0000000743800000, 0x0000000743800000| Untracked 
|   9|0x0000000743a00000, 0x0000000743a00000, 0x0000000743c00000|  0%| F|  |TAMS 0x0000000743a00000, 0x0000000743a00000| Untracked 
|  10|0x0000000743c00000, 0x0000000743c00000, 0x0000000743e00000|  0%| F|  |TAMS 0x0000000743c00000, 0x0000000743c00000| Untracked 
|  11|0x0000000743e00000, 0x0000000743e00000, 0x0000000744000000|  0%| F|  |TAMS 0x0000000743e00000, 0x0000000743e00000| Untracked 
|  12|0x0000000744000000, 0x0000000744000000, 0x0000000744200000|  0%| F|  |TAMS 0x0000000744000000, 0x0000000744000000| Untracked 
|  13|0x0000000744200000, 0x0000000744200000, 0x0000000744400000|  0%| F|  |TAMS 0x0000000744200000, 0x0000000744200000| Untracked 
|  14|0x0000000744400000, 0x0000000744400000, 0x0000000744600000|  0%| F|  |TAMS 0x0000000744400000, 0x0000000744400000| Untracked 
|  15|0x0000000744600000, 0x0000000744600000, 0x0000000744800000|  0%| F|  |TAMS 0x0000000744600000, 0x0000000744600000| Untracked 
|  16|0x0000000744800000, 0x0000000744800000, 0x0000000744a00000|  0%| F|  |TAMS 0x0000000744800000, 0x0000000744800000| Untracked 
|  17|0x0000000744a00000, 0x0000000744a00000, 0x0000000744c00000|  0%| F|  |TAMS 0x0000000744a00000, 0x0000000744a00000| Untracked 
|  18|0x0000000744c00000, 0x0000000744c00000, 0x0000000744e00000|  0%| F|  |TAMS 0x0000000744c00000, 0x0000000744c00000| Untracked 
|  19|0x0000000744e00000, 0x0000000744e00000, 0x0000000745000000|  0%| F|  |TAMS 0x0000000744e00000, 0x0000000744e00000| Untracked 
|  20|0x0000000745000000, 0x0000000745000000, 0x0000000745200000|  0%| F|  |TAMS 0x0000000745000000, 0x0000000745000000| Untracked 
|  21|0x0000000745200000, 0x0000000745200000, 0x0000000745400000|  0%| F|  |TAMS 0x0000000745200000, 0x0000000745200000| Untracked 
|  22|0x0000000745400000, 0x0000000745400000, 0x0000000745600000|  0%| F|  |TAMS 0x0000000745400000, 0x0000000745400000| Untracked 
|  23|0x0000000745600000, 0x0000000745600000, 0x0000000745800000|  0%| F|  |TAMS 0x0000000745600000, 0x0000000745600000| Untracked 
|  24|0x0000000745800000, 0x0000000745800000, 0x0000000745a00000|  0%| F|  |TAMS 0x0000000745800000, 0x0000000745800000| Untracked 
|  25|0x0000000745a00000, 0x0000000745a00000, 0x0000000745c00000|  0%| F|  |TAMS 0x0000000745a00000, 0x0000000745a00000| Untracked 
|  26|0x0000000745c00000, 0x0000000745c00000, 0x0000000745e00000|  0%| F|  |TAMS 0x0000000745c00000, 0x0000000745c00000| Untracked 
|  27|0x0000000745e00000, 0x0000000745e00000, 0x0000000746000000|  0%| F|  |TAMS 0x0000000745e00000, 0x0000000745e00000| Untracked 
|  28|0x0000000746000000, 0x0000000746000000, 0x0000000746200000|  0%| F|  |TAMS 0x0000000746000000, 0x0000000746000000| Untracked 
|  29|0x0000000746200000, 0x0000000746200000, 0x0000000746400000|  0%| F|  |TAMS 0x0000000746200000, 0x0000000746200000| Untracked 
|  30|0x0000000746400000, 0x0000000746400000, 0x0000000746600000|  0%| F|  |TAMS 0x0000000746400000, 0x0000000746400000| Untracked 
|  31|0x0000000746600000, 0x0000000746600000, 0x0000000746800000|  0%| F|  |TAMS 0x0000000746600000, 0x0000000746600000| Untracked 
|  32|0x0000000746800000, 0x0000000746800000, 0x0000000746a00000|  0%| F|  |TAMS 0x0000000746800000, 0x0000000746800000| Untracked 
|  33|0x0000000746a00000, 0x0000000746a00000, 0x0000000746c00000|  0%| F|  |TAMS 0x0000000746a00000, 0x0000000746a00000| Untracked 
|  34|0x0000000746c00000, 0x0000000746c00000, 0x0000000746e00000|  0%| F|  |TAMS 0x0000000746c00000, 0x0000000746c00000| Untracked 
|  35|0x0000000746e00000, 0x0000000746e00000, 0x0000000747000000|  0%| F|  |TAMS 0x0000000746e00000, 0x0000000746e00000| Untracked 
|  36|0x0000000747000000, 0x0000000747000000, 0x0000000747200000|  0%| F|  |TAMS 0x0000000747000000, 0x0000000747000000| Untracked 
|  37|0x0000000747200000, 0x0000000747200000, 0x0000000747400000|  0%| F|  |TAMS 0x0000000747200000, 0x0000000747200000| Untracked 
|  38|0x0000000747400000, 0x0000000747400000, 0x0000000747600000|  0%| F|  |TAMS 0x0000000747400000, 0x0000000747400000| Untracked 
|  39|0x0000000747600000, 0x0000000747600000, 0x0000000747800000|  0%| F|  |TAMS 0x0000000747600000, 0x0000000747600000| Untracked 
|  40|0x0000000747800000, 0x0000000747800000, 0x0000000747a00000|  0%| F|  |TAMS 0x0000000747800000, 0x0000000747800000| Untracked 
|  41|0x0000000747a00000, 0x0000000747a00000, 0x0000000747c00000|  0%| F|  |TAMS 0x0000000747a00000, 0x0000000747a00000| Untracked 
|  42|0x0000000747c00000, 0x0000000747c00000, 0x0000000747e00000|  0%| F|  |TAMS 0x0000000747c00000, 0x0000000747c00000| Untracked 
|  43|0x0000000747e00000, 0x0000000747e00000, 0x0000000748000000|  0%| F|  |TAMS 0x0000000747e00000, 0x0000000747e00000| Untracked 
|  44|0x0000000748000000, 0x0000000748000000, 0x0000000748200000|  0%| F|  |TAMS 0x0000000748000000, 0x0000000748000000| Untracked 
|  45|0x0000000748200000, 0x0000000748200000, 0x0000000748400000|  0%| F|  |TAMS 0x0000000748200000, 0x0000000748200000| Untracked 
|  46|0x0000000748400000, 0x0000000748400000, 0x0000000748600000|  0%| F|  |TAMS 0x0000000748400000, 0x0000000748400000| Untracked 
|  47|0x0000000748600000, 0x0000000748600000, 0x0000000748800000|  0%| F|  |TAMS 0x0000000748600000, 0x0000000748600000| Untracked 
|  48|0x0000000748800000, 0x0000000748800000, 0x0000000748a00000|  0%| F|  |TAMS 0x0000000748800000, 0x0000000748800000| Untracked 
|  49|0x0000000748a00000, 0x0000000748a00000, 0x0000000748c00000|  0%| F|  |TAMS 0x0000000748a00000, 0x0000000748a00000| Untracked 
|  50|0x0000000748c00000, 0x0000000748c00000, 0x0000000748e00000|  0%| F|  |TAMS 0x0000000748c00000, 0x0000000748c00000| Untracked 
|  51|0x0000000748e00000, 0x0000000748e00000, 0x0000000749000000|  0%| F|  |TAMS 0x0000000748e00000, 0x0000000748e00000| Untracked 
|  52|0x0000000749000000, 0x0000000749000000, 0x0000000749200000|  0%| F|  |TAMS 0x0000000749000000, 0x0000000749000000| Untracked 
|  53|0x0000000749200000, 0x0000000749200000, 0x0000000749400000|  0%| F|  |TAMS 0x0000000749200000, 0x0000000749200000| Untracked 
|  54|0x0000000749400000, 0x0000000749400000, 0x0000000749600000|  0%| F|  |TAMS 0x0000000749400000, 0x0000000749400000| Untracked 
|  55|0x0000000749600000, 0x0000000749600000, 0x0000000749800000|  0%| F|  |TAMS 0x0000000749600000, 0x0000000749600000| Untracked 
|  56|0x0000000749800000, 0x0000000749800000, 0x0000000749a00000|  0%| F|  |TAMS 0x0000000749800000, 0x0000000749800000| Untracked 
|  57|0x0000000749a00000, 0x0000000749a00000, 0x0000000749c00000|  0%| F|  |TAMS 0x0000000749a00000, 0x0000000749a00000| Untracked 
|  58|0x0000000749c00000, 0x0000000749c00000, 0x0000000749e00000|  0%| F|  |TAMS 0x0000000749c00000, 0x0000000749c00000| Untracked 
|  59|0x0000000749e00000, 0x0000000749e00000, 0x000000074a000000|  0%| F|  |TAMS 0x0000000749e00000, 0x0000000749e00000| Untracked 
|  60|0x000000074a000000, 0x000000074a000000, 0x000000074a200000|  0%| F|  |TAMS 0x000000074a000000, 0x000000074a000000| Untracked 
|  61|0x000000074a200000, 0x000000074a200000, 0x000000074a400000|  0%| F|  |TAMS 0x000000074a200000, 0x000000074a200000| Untracked 
|  62|0x000000074a400000, 0x000000074a400000, 0x000000074a600000|  0%| F|  |TAMS 0x000000074a400000, 0x000000074a400000| Untracked 
|  63|0x000000074a600000, 0x000000074a600000, 0x000000074a800000|  0%| F|  |TAMS 0x000000074a600000, 0x000000074a600000| Untracked 
|  64|0x000000074a800000, 0x000000074a800000, 0x000000074aa00000|  0%| F|  |TAMS 0x000000074a800000, 0x000000074a800000| Untracked 
|  65|0x000000074aa00000, 0x000000074aa00000, 0x000000074ac00000|  0%| F|  |TAMS 0x000000074aa00000, 0x000000074aa00000| Untracked 
|  66|0x000000074ac00000, 0x000000074ac00000, 0x000000074ae00000|  0%| F|  |TAMS 0x000000074ac00000, 0x000000074ac00000| Untracked 
|  67|0x000000074ae00000, 0x000000074ae00000, 0x000000074b000000|  0%| F|  |TAMS 0x000000074ae00000, 0x000000074ae00000| Untracked 
|  68|0x000000074b000000, 0x000000074b000000, 0x000000074b200000|  0%| F|  |TAMS 0x000000074b000000, 0x000000074b000000| Untracked 
|  69|0x000000074b200000, 0x000000074b200000, 0x000000074b400000|  0%| F|  |TAMS 0x000000074b200000, 0x000000074b200000| Untracked 
|  70|0x000000074b400000, 0x000000074b400000, 0x000000074b600000|  0%| F|  |TAMS 0x000000074b400000, 0x000000074b400000| Untracked 
|  71|0x000000074b600000, 0x000000074b600000, 0x000000074b800000|  0%| F|  |TAMS 0x000000074b600000, 0x000000074b600000| Untracked 
|  72|0x000000074b800000, 0x000000074b800000, 0x000000074ba00000|  0%| F|  |TAMS 0x000000074b800000, 0x000000074b800000| Untracked 
|  73|0x000000074ba00000, 0x000000074ba00000, 0x000000074bc00000|  0%| F|  |TAMS 0x000000074ba00000, 0x000000074ba00000| Untracked 
|  74|0x000000074bc00000, 0x000000074bc00000, 0x000000074be00000|  0%| F|  |TAMS 0x000000074bc00000, 0x000000074bc00000| Untracked 
|  75|0x000000074be00000, 0x000000074be00000, 0x000000074c000000|  0%| F|  |TAMS 0x000000074be00000, 0x000000074be00000| Untracked 
|  76|0x000000074c000000, 0x000000074c000000, 0x000000074c200000|  0%| F|  |TAMS 0x000000074c000000, 0x000000074c000000| Untracked 
|  77|0x000000074c200000, 0x000000074c200000, 0x000000074c400000|  0%| F|  |TAMS 0x000000074c200000, 0x000000074c200000| Untracked 
|  78|0x000000074c400000, 0x000000074c400000, 0x000000074c600000|  0%| F|  |TAMS 0x000000074c400000, 0x000000074c400000| Untracked 
|  79|0x000000074c600000, 0x000000074c600000, 0x000000074c800000|  0%| F|  |TAMS 0x000000074c600000, 0x000000074c600000| Untracked 
|  80|0x000000074c800000, 0x000000074c800000, 0x000000074ca00000|  0%| F|  |TAMS 0x000000074c800000, 0x000000074c800000| Untracked 
|  81|0x000000074ca00000, 0x000000074cc00000, 0x000000074cc00000|100%| S|CS|TAMS 0x000000074ca00000, 0x000000074ca00000| Complete 
|  82|0x000000074cc00000, 0x000000074cc00000, 0x000000074ce00000|  0%| F|  |TAMS 0x000000074cc00000, 0x000000074cc00000| Untracked 
|  83|0x000000074ce00000, 0x000000074ce00000, 0x000000074d000000|  0%| F|  |TAMS 0x000000074ce00000, 0x000000074ce00000| Untracked 
|  84|0x000000074d000000, 0x000000074d000000, 0x000000074d200000|  0%| F|  |TAMS 0x000000074d000000, 0x000000074d000000| Untracked 
|  85|0x000000074d200000, 0x000000074d200000, 0x000000074d400000|  0%| F|  |TAMS 0x000000074d200000, 0x000000074d200000| Untracked 
|  86|0x000000074d400000, 0x000000074d400000, 0x000000074d600000|  0%| F|  |TAMS 0x000000074d400000, 0x000000074d400000| Untracked 
|  87|0x000000074d600000, 0x000000074d600000, 0x000000074d800000|  0%| F|  |TAMS 0x000000074d600000, 0x000000074d600000| Untracked 
|  88|0x000000074d800000, 0x000000074d800000, 0x000000074da00000|  0%| F|  |TAMS 0x000000074d800000, 0x000000074d800000| Untracked 
|  89|0x000000074da00000, 0x000000074da00000, 0x000000074dc00000|  0%| F|  |TAMS 0x000000074da00000, 0x000000074da00000| Untracked 
|  90|0x000000074dc00000, 0x000000074de00000, 0x000000074de00000|100%| E|  |TAMS 0x000000074dc00000, 0x000000074dc00000| Complete 
|  91|0x000000074de00000, 0x000000074e000000, 0x000000074e000000|100%| E|CS|TAMS 0x000000074de00000, 0x000000074de00000| Complete 
|  92|0x000000074e000000, 0x000000074e200000, 0x000000074e200000|100%| E|CS|TAMS 0x000000074e000000, 0x000000074e000000| Complete 
|  93|0x000000074e200000, 0x000000074e400000, 0x000000074e400000|100%| E|CS|TAMS 0x000000074e200000, 0x000000074e200000| Complete 
|  94|0x000000074e400000, 0x000000074e600000, 0x000000074e600000|100%| E|CS|TAMS 0x000000074e400000, 0x000000074e400000| Complete 

Card table byte_map: [0x0000017357b00000,0x00000173580f0000] _byte_map_base: 0x00000173540ec000

Marking Bits (Prev, Next): (CMBitMap*) 0x00000173409a5b60, (CMBitMap*) 0x00000173409a5ba0
 Prev Bits: [0x00000173586e0000, 0x000001735b640000)
 Next Bits: [0x000001735b640000, 0x000001735e5a0000)

Polling page: 0x0000017340110000

Metaspace:

Usage:
  Non-class:     12.02 MB used.
      Class:      1.67 MB used.
       Both:     13.69 MB used.

Virtual space:
  Non-class space:       64.00 MB reserved,      12.12 MB ( 19%) committed,  1 nodes.
      Class space:        1.00 GB reserved,       1.75 MB ( <1%) committed,  1 nodes.
             Both:        1.06 GB reserved,      13.88 MB (  1%) committed. 

Chunk freelists:
   Non-Class:  3.41 MB
       Class:  14.25 MB
        Both:  17.66 MB

MaxMetaspaceSize: unlimited
CompressedClassSpaceSize: 1.00 GB
Initial GC threshold: 21.00 MB
Current GC threshold: 21.00 MB
CDS: on
MetaspaceReclaimPolicy: balanced
 - commit_granule_bytes: 65536.
 - commit_granule_words: 8192.
 - virtual_space_node_default_size: 8388608.
 - enlarge_chunks_in_place: 1.
 - new_chunks_are_fully_committed: 0.
 - uncommit_free_chunks: 1.
 - use_allocation_guard: 0.
 - handle_deallocations: 1.


Internal statistics:

num_allocs_failed_limit: 0.
num_arena_births: 182.
num_arena_deaths: 0.
num_vsnodes_births: 2.
num_vsnodes_deaths: 0.
num_space_committed: 222.
num_space_uncommitted: 0.
num_chunks_returned_to_freelist: 0.
num_chunks_taken_from_freelist: 618.
num_chunk_merges: 0.
num_chunk_splits: 441.
num_chunks_enlarged: 355.
num_inconsistent_stats: 0.

CodeHeap 'non-profiled nmethods': size=120000Kb used=705Kb max_used=705Kb free=119294Kb
 bounds [0x000001734fcb0000, 0x000001734ff20000, 0x00000173571e0000]
CodeHeap 'profiled nmethods': size=120000Kb used=3373Kb max_used=3373Kb free=116626Kb
 bounds [0x00000173481e0000, 0x0000017348530000, 0x000001734f710000]
CodeHeap 'non-nmethods': size=5760Kb used=1191Kb max_used=1219Kb free=4569Kb
 bounds [0x000001734f710000, 0x000001734f980000, 0x000001734fcb0000]
 total_blobs=2286 nmethods=1797 adapters=401
 compilation: enabled
              stopped_count=0, restarted_count=0
 full_count=0

Compilation events (20 events):
Event: 0.898 Thread 0x0000017361150080 nmethod 1773 0x0000017348520d90 code [0x0000017348520fe0, 0x00000173485219b8]
Event: 0.905 Thread 0x00000173a7042340 1774       4       java.util.LinkedHashMap::get (29 bytes)
Event: 0.907 Thread 0x0000017361150080 1775       3       java.lang.PublicMethods$Key::hashCode (19 bytes)
Event: 0.907 Thread 0x0000017361150080 nmethod 1775 0x0000017348521c90 code [0x0000017348521e40, 0x0000017348521fd8]
Event: 0.907 Thread 0x0000017361150080 1776       3       jdk.internal.reflect.ReflectionFactory::getExecutableSharedParameterTypes (11 bytes)
Event: 0.907 Thread 0x0000017361150080 nmethod 1776 0x0000017348522090 code [0x0000017348522240, 0x00000173485224a8]
Event: 0.908 Thread 0x0000017361150080 1777       3       java.lang.reflect.ReflectAccess::getExecutableSharedParameterTypes (5 bytes)
Event: 0.908 Thread 0x0000017361150080 nmethod 1777 0x0000017348522610 code [0x00000173485227c0, 0x0000017348522988]
Event: 0.908 Thread 0x0000017361150080 1778       3       java.lang.StringLatin1::getChar (9 bytes)
Event: 0.908 Thread 0x0000017361150080 nmethod 1778 0x0000017348522a90 code [0x0000017348522c20, 0x0000017348522d38]
Event: 0.909 Thread 0x00000173a7042340 nmethod 1774 0x000001734fd5d510 code [0x000001734fd5d6a0, 0x000001734fd5da18]
Event: 0.909 Thread 0x0000017361150080 1779       3       java.lang.Byte::toUnsignedInt (6 bytes)
Event: 0.910 Thread 0x0000017361150080 nmethod 1779 0x0000017348522e10 code [0x0000017348522fa0, 0x0000017348523098]
Event: 0.910 Thread 0x0000017361150080 1780       3       java.util.zip.ZipUtils::get32S (17 bytes)
Event: 0.910 Thread 0x0000017361150080 nmethod 1780 0x0000017348523110 code [0x00000173485232c0, 0x0000017348523518]
Event: 0.910 Thread 0x0000017361150080 1781       3       java.util.zip.ZipUtils::unixTimeToFileTime (8 bytes)
Event: 0.910 Thread 0x0000017361150080 nmethod 1781 0x0000017348523690 code [0x0000017348523820, 0x0000017348523948]
Event: 0.911 Thread 0x0000017361150080 1782       3       java.lang.invoke.MethodType::dropParameterTypes (162 bytes)
Event: 0.912 Thread 0x0000017361150080 nmethod 1782 0x0000017348523a10 code [0x0000017348523d00, 0x0000017348524ca8]
Event: 0.912 Thread 0x0000017361150080 1783       3       java.lang.Class::getGenericInfo (52 bytes)

GC Heap History (4 events):
Event: 0.476 GC heap before
{Heap before GC invocations=0 (full 0):
 garbage-first heap   total 194560K, used 20480K [0x0000000742800000, 0x0000000800000000)
  region size 2048K, 11 young (22528K), 0 survivors (0K)
 Metaspace       used 5869K, committed 6016K, reserved 1114112K
  class space    used 699K, committed 768K, reserved 1048576K
}
Event: 0.480 GC heap after
{Heap after GC invocations=1 (full 0):
 garbage-first heap   total 194560K, used 6592K [0x0000000742800000, 0x0000000800000000)
  region size 2048K, 2 young (4096K), 2 survivors (4096K)
 Metaspace       used 5869K, committed 6016K, reserved 1114112K
  class space    used 699K, committed 768K, reserved 1048576K
}
Event: 0.811 GC heap before
{Heap before GC invocations=1 (full 0):
 garbage-first heap   total 194560K, used 29120K [0x0000000742800000, 0x0000000800000000)
  region size 2048K, 13 young (26624K), 2 survivors (4096K)
 Metaspace       used 11557K, committed 11840K, reserved 1114112K
  class space    used 1386K, committed 1536K, reserved 1048576K
}
Event: 0.817 GC heap after
{Heap after GC invocations=2 (full 0):
 garbage-first heap   total 194560K, used 8566K [0x0000000742800000, 0x0000000800000000)
  region size 2048K, 1 young (2048K), 1 survivors (2048K)
 Metaspace       used 11557K, committed 11840K, reserved 1114112K
  class space    used 1386K, committed 1536K, reserved 1048576K
}

Deoptimization events (20 events):
Event: 0.872 Thread 0x00000173409458a0 Uncommon trap: trap_request=0xffffff45 fr.pc=0x000001734fd286d4 relative=0x0000000000001134
Event: 0.872 Thread 0x00000173409458a0 Uncommon trap: reason=unstable_if action=reinterpret pc=0x000001734fd286d4 method=java.util.concurrent.ConcurrentHashMap.putVal(Ljava/lang/Object;Ljava/lang/Object;Z)Ljava/lang/Object; @ 231 c2
Event: 0.872 Thread 0x00000173409458a0 DEOPT PACKING pc=0x000001734fd286d4 sp=0x00000027817fea70
Event: 0.872 Thread 0x00000173409458a0 DEOPT UNPACKING pc=0x000001734f7623a3 sp=0x00000027817fe9e0 mode 2
Event: 0.887 Thread 0x00000173409458a0 Uncommon trap: trap_request=0xffffff45 fr.pc=0x000001734fd43d80 relative=0x00000000000001c0
Event: 0.887 Thread 0x00000173409458a0 Uncommon trap: reason=unstable_if action=reinterpret pc=0x000001734fd43d80 method=java.util.concurrent.ConcurrentHashMap.addCount(JI)V @ 171 c2
Event: 0.887 Thread 0x00000173409458a0 DEOPT PACKING pc=0x000001734fd43d80 sp=0x00000027817fd820
Event: 0.887 Thread 0x00000173409458a0 DEOPT UNPACKING pc=0x000001734f7623a3 sp=0x00000027817fd760 mode 2
Event: 0.887 Thread 0x00000173617d4090 Uncommon trap: trap_request=0xffffff45 fr.pc=0x000001734fd54850 relative=0x00000000000012f0
Event: 0.887 Thread 0x00000173617d4090 Uncommon trap: reason=unstable_if action=reinterpret pc=0x000001734fd54850 method=java.util.concurrent.ConcurrentHashMap.transfer([Ljava/util/concurrent/ConcurrentHashMap$Node;[Ljava/util/concurrent/ConcurrentHashMap$Node;)V @ 273 c2
Event: 0.887 Thread 0x00000173617d4090 DEOPT PACKING pc=0x000001734fd54850 sp=0x00000027830fa630
Event: 0.887 Thread 0x00000173617d4090 DEOPT UNPACKING pc=0x000001734f7623a3 sp=0x00000027830fa5a0 mode 2
Event: 0.887 Thread 0x00000173617d4090 Uncommon trap: trap_request=0xffffff45 fr.pc=0x000001734fd43d80 relative=0x00000000000001c0
Event: 0.887 Thread 0x00000173617d4090 Uncommon trap: reason=unstable_if action=reinterpret pc=0x000001734fd43d80 method=java.util.concurrent.ConcurrentHashMap.addCount(JI)V @ 171 c2
Event: 0.887 Thread 0x00000173617d4090 DEOPT PACKING pc=0x000001734fd43d80 sp=0x00000027830fa710
Event: 0.887 Thread 0x00000173617d4090 DEOPT UNPACKING pc=0x000001734f7623a3 sp=0x00000027830fa650 mode 2
Event: 0.907 Thread 0x00000173409458a0 Uncommon trap: trap_request=0xffffffc6 fr.pc=0x000001734fd17b24 relative=0x0000000000000344
Event: 0.907 Thread 0x00000173409458a0 Uncommon trap: reason=bimorphic_or_optimized_type_check action=maybe_recompile pc=0x000001734fd17b24 method=java.util.HashMap.getNode(Ljava/lang/Object;)Ljava/util/HashMap$Node; @ 63 c2
Event: 0.907 Thread 0x00000173409458a0 DEOPT PACKING pc=0x000001734fd17b24 sp=0x00000027817fe140
Event: 0.907 Thread 0x00000173409458a0 DEOPT UNPACKING pc=0x000001734f7623a3 sp=0x00000027817fe0a8 mode 2

Classes unloaded (0 events):
No events

Classes redefined (0 events):
No events

Internal exceptions (20 events):
Event: 0.498 Thread 0x00000173409458a0 Exception <a 'java/lang/NoSuchMethodError'{0x000000074e55f018}: 'java.lang.Object java.lang.invoke.DirectMethodHandle$Holder.newInvokeSpecial(java.lang.Object, java.lang.Object, java.lang.Object, java.lang.Object, java.lang.Object, java.lang.Object, int)'> (0x000000074e55f018) 
thrown [s\open\src\hotspot\share\interpreter\linkResolver.cpp, line 759]
Event: 0.499 Thread 0x00000173409458a0 Exception <a 'java/lang/NoSuchMethodError'{0x000000074e564058}: 'java.lang.Object java.lang.invoke.DirectMethodHandle$Holder.invokeSpecial(java.lang.Object, java.lang.Object, java.lang.Object, java.lang.Object, java.lang.Object, java.lang.Object, java.lang.Object, int)'> (0x000000074e564058) 
thrown [s\open\src\hotspot\share\interpreter\linkResolver.cpp, line 759]
Event: 0.520 Thread 0x00000173409458a0 Exception <a 'java/lang/NoSuchMethodError'{0x000000074e299160}: 'int java.lang.invoke.DirectMethodHandle$Holder.invokeInterface(java.lang.Object, java.lang.Object)'> (0x000000074e299160) 
thrown [s\open\src\hotspot\share\interpreter\linkResolver.cpp, line 759]
Event: 0.525 Thread 0x00000173409458a0 Exception <a 'java/lang/NoSuchMethodError'{0x000000074e2c0e48}: 'void java.lang.invoke.DirectMethodHandle$Holder.invokeSpecial(java.lang.Object, java.lang.Object, java.lang.Object, java.lang.Object, java.lang.Object)'> (0x000000074e2c0e48) 
thrown [s\open\src\hotspot\share\interpreter\linkResolver.cpp, line 759]
Event: 0.542 Thread 0x00000173409458a0 Exception <a 'java/lang/NoSuchMethodError'{0x000000074e3a2e70}: 'java.lang.Object java.lang.invoke.DirectMethodHandle$Holder.invokeSpecial(java.lang.Object, java.lang.Object, java.lang.Object, int, java.lang.Object)'> (0x000000074e3a2e70) 
thrown [s\open\src\hotspot\share\interpreter\linkResolver.cpp, line 759]
Event: 0.543 Thread 0x00000173409458a0 Exception <a 'java/lang/NoSuchMethodError'{0x000000074e3ab4d0}: 'java.lang.Object java.lang.invoke.DirectMethodHandle$Holder.newInvokeSpecial(java.lang.Object, java.lang.Object, java.lang.Object, int, java.lang.Object)'> (0x000000074e3ab4d0) 
thrown [s\open\src\hotspot\share\interpreter\linkResolver.cpp, line 759]
Event: 0.543 Thread 0x00000173409458a0 Exception <a 'java/lang/NoSuchMethodError'{0x000000074e3b2ea0}: 'java.lang.Object java.lang.invoke.Invokers$Holder.linkToTargetMethod(java.lang.Object, java.lang.Object, int, java.lang.Object, java.lang.Object)'> (0x000000074e3b2ea0) 
thrown [s\open\src\hotspot\share\interpreter\linkResolver.cpp, line 759]
Event: 0.544 Thread 0x00000173409458a0 Exception <a 'java/lang/NoSuchMethodError'{0x000000074e3c2168}: 'java.lang.Object java.lang.invoke.DirectMethodHandle$Holder.newInvokeSpecial(java.lang.Object, int, java.lang.Object)'> (0x000000074e3c2168) 
thrown [s\open\src\hotspot\share\interpreter\linkResolver.cpp, line 759]
Event: 0.544 Thread 0x00000173409458a0 Exception <a 'java/lang/NoSuchMethodError'{0x000000074e3c6e48}: 'int java.lang.invoke.DirectMethodHandle$Holder.invokeSpecialIFC(java.lang.Object, java.lang.Object, java.lang.Object, java.lang.Object)'> (0x000000074e3c6e48) 
thrown [s\open\src\hotspot\share\interpreter\linkResolver.cpp, line 759]
Event: 0.558 Thread 0x00000173409458a0 Exception <a 'java/lang/NoSuchMethodError'{0x000000074e0ab150}: 'void java.lang.invoke.DirectMethodHandle$Holder.invokeInterface(java.lang.Object, java.lang.Object, java.lang.Object)'> (0x000000074e0ab150) 
thrown [s\open\src\hotspot\share\interpreter\linkResolver.cpp, line 759]
Event: 0.573 Thread 0x00000173409458a0 Exception <a 'java/lang/NoSuchMethodError'{0x000000074e133a88}: 'void java.lang.invoke.DirectMethodHandle$Holder.invokeStaticInit(java.lang.Object, java.lang.Object, java.lang.Object)'> (0x000000074e133a88) 
thrown [s\open\src\hotspot\share\interpreter\linkResolver.cpp, line 759]
Event: 0.580 Thread 0x00000173409458a0 Exception <a 'java/lang/NoSuchMethodError'{0x000000074e17c6f8}: 'java.lang.Object java.lang.invoke.DirectMethodHandle$Holder.invokeVirtual(java.lang.Object, java.lang.Object, java.lang.Object)'> (0x000000074e17c6f8) 
thrown [s\open\src\hotspot\share\interpreter\linkResolver.cpp, line 759]
Event: 0.583 Thread 0x00000173409458a0 Exception <a 'java/lang/NoSuchMethodError'{0x000000074e19e150}: 'java.lang.Object java.lang.invoke.DirectMethodHandle$Holder.invokeStatic(java.lang.Object, java.lang.Object, long, java.lang.Object)'> (0x000000074e19e150) 
thrown [s\open\src\hotspot\share\interpreter\linkResolver.cpp, line 759]
Event: 0.583 Thread 0x00000173409458a0 Exception <a 'java/lang/NoSuchMethodError'{0x000000074e1a1be8}: 'java.lang.Object java.lang.invoke.DirectMethodHandle$Holder.invokeStaticInit(java.lang.Object, java.lang.Object, long, java.lang.Object)'> (0x000000074e1a1be8) 
thrown [s\open\src\hotspot\share\interpreter\linkResolver.cpp, line 759]
Event: 0.583 Thread 0x00000173409458a0 Exception <a 'java/lang/NoSuchMethodError'{0x000000074e1a8368}: 'java.lang.Object java.lang.invoke.DirectMethodHandle$Holder.newInvokeSpecial(java.lang.Object, java.lang.Object, long)'> (0x000000074e1a8368) 
thrown [s\open\src\hotspot\share\interpreter\linkResolver.cpp, line 759]
Event: 0.584 Thread 0x00000173409458a0 Exception <a 'java/lang/NoSuchMethodError'{0x000000074e1abed8}: 'java.lang.Object java.lang.invoke.Invokers$Holder.linkToTargetMethod(java.lang.Object, long, java.lang.Object)'> (0x000000074e1abed8) 
thrown [s\open\src\hotspot\share\interpreter\linkResolver.cpp, line 759]
Event: 0.595 Thread 0x00000173409458a0 Exception <a 'java/lang/NoSuchMethodError'{0x000000074de0e048}: 'void java.lang.invoke.DirectMethodHandle$Holder.invokeVirtual(java.lang.Object, java.lang.Object, java.lang.Object, java.lang.Object)'> (0x000000074de0e048) 
thrown [s\open\src\hotspot\share\interpreter\linkResolver.cpp, line 759]
Event: 0.618 Thread 0x00000173409458a0 Exception <a 'java/lang/NoSuchMethodError'{0x000000074df75678}: 'void java.lang.invoke.DirectMethodHandle$Holder.invokeSpecial(java.lang.Object, java.lang.Object, java.lang.Object)'> (0x000000074df75678) 
thrown [s\open\src\hotspot\share\interpreter\linkResolver.cpp, line 759]
Event: 0.623 Thread 0x00000173409458a0 Exception <a 'java/lang/IncompatibleClassChangeError'{0x000000074dfa74c8}: Found class java.lang.Object, but interface was expected> (0x000000074dfa74c8) 
thrown [s\open\src\hotspot\share\interpreter\linkResolver.cpp, line 826]
Event: 0.623 Thread 0x00000173617d4090 Exception <a 'java/lang/NoClassDefFoundError'{0x000000074dfd2200}: jakarta/validation/Validation> (0x000000074dfd2200) 
thrown [s\open\src\hotspot\share\classfile\systemDictionary.cpp, line 245]

VM Operations (20 events):
Event: 0.168 Executing VM operation: HandshakeAllThreads
Event: 0.168 Executing VM operation: HandshakeAllThreads done
Event: 0.235 Executing VM operation: HandshakeAllThreads
Event: 0.235 Executing VM operation: HandshakeAllThreads done
Event: 0.248 Executing VM operation: HandshakeAllThreads
Event: 0.248 Executing VM operation: HandshakeAllThreads done
Event: 0.393 Executing VM operation: HandshakeAllThreads
Event: 0.393 Executing VM operation: HandshakeAllThreads done
Event: 0.476 Executing VM operation: G1CollectForAllocation
Event: 0.480 Executing VM operation: G1CollectForAllocation done
Event: 0.531 Executing VM operation: HandshakeAllThreads
Event: 0.531 Executing VM operation: HandshakeAllThreads done
Event: 0.616 Executing VM operation: HandshakeAllThreads
Event: 0.616 Executing VM operation: HandshakeAllThreads done
Event: 0.750 Executing VM operation: HandshakeAllThreads
Event: 0.750 Executing VM operation: HandshakeAllThreads done
Event: 0.802 Executing VM operation: G1CollectForAllocation
Event: 0.821 Executing VM operation: G1CollectForAllocation done
Event: 0.869 Executing VM operation: HandshakeAllThreads
Event: 0.869 Executing VM operation: HandshakeAllThreads done

Events (20 events):
Event: 0.905 loading class java/beans/BeanInfo
Event: 0.905 loading class java/beans/BeanInfo done
Event: 0.908 loading class java/beans/MethodRef
Event: 0.908 loading class java/beans/MethodRef done
Event: 0.909 loading class java/beans/SimpleBeanInfo
Event: 0.909 loading class java/beans/SimpleBeanInfo done
Event: 0.910 loading class com/sun/beans/TypeResolver
Event: 0.910 loading class com/sun/beans/TypeResolver done
Event: 0.910 loading class com/sun/beans/WeakCache
Event: 0.910 loading class com/sun/beans/WeakCache done
Event: 0.911 loading class sun/reflect/generics/scope/MethodScope
Event: 0.911 loading class sun/reflect/generics/scope/MethodScope done
Event: 0.911 loading class sun/reflect/generics/repository/MethodRepository
Event: 0.911 loading class sun/reflect/generics/repository/MethodRepository done
Event: 0.911 loading class com/sun/beans/WildcardTypeImpl
Event: 0.911 loading class com/sun/beans/WildcardTypeImpl done
Event: 0.912 loading class java/util/AbstractList$ListItr
Event: 0.912 loading class java/util/AbstractList$Itr
Event: 0.912 loading class java/util/AbstractList$Itr done
Event: 0.912 loading class java/util/AbstractList$ListItr done


Dynamic libraries:
0x00007ff7ff7b0000 - 0x00007ff7ff7c0000 	C:\Program Files\Java\jdk-17\bin\java.exe
0x00007ff97a6b0000 - 0x00007ff97a8c7000 	C:\WINDOWS\SYSTEM32\ntdll.dll
0x00007ff9798f0000 - 0x00007ff9799b4000 	C:\WINDOWS\System32\KERNEL32.DLL
0x00007ff977f00000 - 0x00007ff9782ac000 	C:\WINDOWS\System32\KERNELBASE.dll
0x00007ff977ba0000 - 0x00007ff977cb1000 	C:\WINDOWS\System32\ucrtbase.dll
0x00007ff970980000 - 0x00007ff97099b000 	C:\Program Files\Java\jdk-17\bin\VCRUNTIME140.dll
0x00007ff9704e0000 - 0x00007ff9704f9000 	C:\Program Files\Java\jdk-17\bin\jli.dll
0x00007ff9799c0000 - 0x00007ff979a72000 	C:\WINDOWS\System32\ADVAPI32.dll
0x00007ff978b20000 - 0x00007ff978bc7000 	C:\WINDOWS\System32\msvcrt.dll
0x00007ff979670000 - 0x00007ff97971a000 	C:\WINDOWS\System32\sechost.dll
0x00007ff977d60000 - 0x00007ff977d88000 	C:\WINDOWS\System32\bcrypt.dll
0x00007ff97a020000 - 0x00007ff97a135000 	C:\WINDOWS\System32\RPCRT4.dll
0x00007ff9783f0000 - 0x00007ff97859e000 	C:\WINDOWS\System32\USER32.dll
0x00007ff977b70000 - 0x00007ff977b96000 	C:\WINDOWS\System32\win32u.dll
0x00007ff978bd0000 - 0x00007ff978bf9000 	C:\WINDOWS\System32\GDI32.dll
0x00007ff977a50000 - 0x00007ff977b69000 	C:\WINDOWS\System32\gdi32full.dll
0x00007ff977cc0000 - 0x00007ff977d5a000 	C:\WINDOWS\System32\msvcp_win.dll
0x00007ff9728b0000 - 0x00007ff9728ba000 	C:\WINDOWS\SYSTEM32\VERSION.dll
0x00007ff9657a0000 - 0x00007ff965a33000 	C:\WINDOWS\WinSxS\amd64_microsoft.windows.common-controls_6595b64144ccf1df_6.0.22621.3672_none_2713b9d173822955\COMCTL32.dll
0x00007ff979f80000 - 0x00007ff979fb1000 	C:\WINDOWS\System32\IMM32.DLL
0x00007ff96f430000 - 0x00007ff96f43c000 	C:\Program Files\Java\jdk-17\bin\vcruntime140_1.dll
0x00007ff94b630000 - 0x00007ff94b6be000 	C:\Program Files\Java\jdk-17\bin\msvcp140.dll
0x00007ff927c10000 - 0x00007ff9287f1000 	C:\Program Files\Java\jdk-17\bin\server\jvm.dll
0x00007ff97a140000 - 0x00007ff97a148000 	C:\WINDOWS\System32\PSAPI.DLL
0x00007ff9725a0000 - 0x00007ff9725a9000 	C:\WINDOWS\SYSTEM32\WSOCK32.dll
0x00007ff972c60000 - 0x00007ff972c94000 	C:\WINDOWS\SYSTEM32\WINMM.dll
0x00007ff9785a0000 - 0x00007ff978611000 	C:\WINDOWS\System32\WS2_32.dll
0x00007ff976a10000 - 0x00007ff976a28000 	C:\WINDOWS\SYSTEM32\kernel.appcore.dll
0x00007ff96f410000 - 0x00007ff96f41a000 	C:\Program Files\Java\jdk-17\bin\jimage.dll
0x00007ff9643e0000 - 0x00007ff964612000 	C:\WINDOWS\SYSTEM32\DBGHELP.DLL
0x00007ff979a80000 - 0x00007ff979e08000 	C:\WINDOWS\System32\combase.dll
0x00007ff979720000 - 0x00007ff9797f7000 	C:\WINDOWS\System32\OLEAUT32.dll
0x00007ff95ed50000 - 0x00007ff95ed82000 	C:\WINDOWS\SYSTEM32\dbgcore.DLL
0x00007ff9782b0000 - 0x00007ff97832b000 	C:\WINDOWS\System32\bcryptPrimitives.dll
0x00007ff96e7b0000 - 0x00007ff96e7d5000 	C:\Program Files\Java\jdk-17\bin\java.dll
0x00007ff948880000 - 0x00007ff948957000 	C:\Program Files\Java\jdk-17\bin\jsvml.dll
0x00007ff978c00000 - 0x00007ff97945c000 	C:\WINDOWS\System32\SHELL32.dll
0x00007ff975930000 - 0x00007ff976227000 	C:\WINDOWS\SYSTEM32\windows.storage.dll
0x00007ff9757f0000 - 0x00007ff97592f000 	C:\WINDOWS\SYSTEM32\wintypes.dll
0x00007ff979480000 - 0x00007ff979574000 	C:\WINDOWS\System32\SHCORE.dll
0x00007ff978ac0000 - 0x00007ff978b1e000 	C:\WINDOWS\System32\shlwapi.dll
0x00007ff977910000 - 0x00007ff977931000 	C:\WINDOWS\SYSTEM32\profapi.dll
0x00007ff964f00000 - 0x00007ff964f19000 	C:\Program Files\Java\jdk-17\bin\net.dll
0x00007ff972ca0000 - 0x00007ff972dd6000 	C:\WINDOWS\SYSTEM32\WINHTTP.dll
0x00007ff976e80000 - 0x00007ff976ee9000 	C:\WINDOWS\system32\mswsock.dll
0x00007ff964ee0000 - 0x00007ff964ef6000 	C:\Program Files\Java\jdk-17\bin\nio.dll
0x00007ff964ec0000 - 0x00007ff964ed8000 	C:\Program Files\Java\jdk-17\bin\zip.dll

dbghelp: loaded successfully - version: 4.0.5 - missing functions: none
symbol engine: initialized successfully - sym options: 0x614 - pdb path: .;C:\Program Files\Java\jdk-17\bin;C:\WINDOWS\SYSTEM32;C:\WINDOWS\WinSxS\amd64_microsoft.windows.common-controls_6595b64144ccf1df_6.0.22621.3672_none_2713b9d173822955;C:\Program Files\Java\jdk-17\bin\server

VM Arguments:
jvm_args: -XX:+ShowCodeDetailsInExceptionMessages 
java_command: com.rodolfo.DataTest.DataTestApplication
java_class_path (initial): C:\Users\REMEDIOS CONTRERAS\Desktop\DataTest\DataTest\target\classes;C:\Users\REMEDIOS CONTRERAS\.m2\repository\org\springframework\boot\spring-boot-starter-data-jpa\3.3.0\spring-boot-starter-data-jpa-3.3.0.jar;C:\Users\REMEDIOS CONTRERAS\.m2\repository\org\springframework\boot\spring-boot-starter-aop\3.3.0\spring-boot-starter-aop-3.3.0.jar;C:\Users\REMEDIOS CONTRERAS\.m2\repository\org\springframework\spring-aop\6.1.8\spring-aop-6.1.8.jar;C:\Users\REMEDIOS CONTRERAS\.m2\repository\org\aspectj\aspectjweaver\1.9.22\aspectjweaver-1.9.22.jar;C:\Users\REMEDIOS CONTRERAS\.m2\repository\org\springframework\boot\spring-boot-starter-jdbc\3.3.0\spring-boot-starter-jdbc-3.3.0.jar;C:\Users\REMEDIOS CONTRERAS\.m2\repository\com\zaxxer\HikariCP\5.1.0\HikariCP-5.1.0.jar;C:\Users\REMEDIOS CONTRERAS\.m2\repository\org\springframework\spring-jdbc\6.1.8\spring-jdbc-6.1.8.jar;C:\Users\REMEDIOS CONTRERAS\.m2\repository\org\hibernate\orm\hibernate-core\6.5.2.Final\hibernate-core-6.5.2.Final.jar;C:\Users\REMEDIOS CONTRERAS\.m2\repository\jakarta\persistence\jakarta.persistence-api\3.1.0\jakarta.persistence-api-3.1.0.jar;C:\Users\REMEDIOS CONTRERAS\.m2\repository\jakarta\transaction\jakarta.transaction-api\2.0.1\jakarta.transaction-api-2.0.1.jar;C:\Users\REMEDIOS CONTRERAS\.m2\repository\org\jboss\logging\jboss-logging\3.5.3.Final\jboss-logging-3.5.3.Final.jar;C:\Users\REMEDIOS CONTRERAS\.m2\repository\org\hibernate\common\hibernate-commons-annotations\6.0.6.Final\hibernate-commons-annotations-6.0.6.Final.jar;C:\Users\REMEDIOS CONTRERAS\.m2\repository\io\smallrye\jandex\3.1.2\jandex-3.1.2.jar;C:\Users\REMEDIOS CONTRERAS\.m2\repository\com\fasterxml\classmate\1.7.0\classmate-1.7.0.jar;C:\Users\REMEDIOS CONTRERAS\.m2\repository\net\bytebuddy\byte-buddy\1.14.16\byte-buddy-1.14.16.jar;C:\Users\REMEDIOS CONTRERAS\.m2\repository\org\glassfish\jaxb\jaxb-runtime\4.0.5\jaxb-runtime-4.0.5.jar;C:\Users\REMEDIOS CONTRERAS\.m2\repository\org\glassfish\jaxb\jaxb-core\4.0.5\
Launcher Type: SUN_STANDARD

[Global flags]
     intx CICompilerCount                          = 4                                         {product} {ergonomic}
     uint ConcGCThreads                            = 2                                         {product} {ergonomic}
     uint G1ConcRefinementThreads                  = 8                                         {product} {ergonomic}
   size_t G1HeapRegionSize                         = 2097152                                   {product} {ergonomic}
    uintx GCDrainStackTargetSize                   = 64                                        {product} {ergonomic}
   size_t InitialHeapSize                          = 199229440                                 {product} {ergonomic}
   size_t MarkStackSize                            = 4194304                                   {product} {ergonomic}
   size_t MaxHeapSize                              = 3179282432                                {product} {ergonomic}
   size_t MaxNewSize                               = 1906311168                                {product} {ergonomic}
   size_t MinHeapDeltaBytes                        = 2097152                                   {product} {ergonomic}
   size_t MinHeapSize                              = 8388608                                   {product} {ergonomic}
    uintx NonNMethodCodeHeapSize                   = 5839372                                {pd product} {ergonomic}
    uintx NonProfiledCodeHeapSize                  = 122909434                              {pd product} {ergonomic}
    uintx ProfiledCodeHeapSize                     = 122909434                              {pd product} {ergonomic}
    uintx ReservedCodeCacheSize                    = 251658240                              {pd product} {ergonomic}
     bool SegmentedCodeCache                       = true                                      {product} {ergonomic}
     bool ShowCodeDetailsInExceptionMessages       = true                                   {manageable} {command line}
   size_t SoftMaxHeapSize                          = 3179282432                             {manageable} {ergonomic}
     bool UseCompressedClassPointers               = true                           {product lp64_product} {ergonomic}
     bool UseCompressedOops                        = true                           {product lp64_product} {ergonomic}
     bool UseG1GC                                  = true                                      {product} {ergonomic}
     bool UseLargePagesIndividualAllocation        = false                                  {pd product} {ergonomic}

Logging:
Log output configuration:
 #0: stdout all=warning uptime,level,tags
 #1: stderr all=off uptime,level,tags

Environment Variables:
PATH=C:\Program Files\Common Files\Oracle\Java\javapath;C:\WINDOWS\system32;C:\WINDOWS;C:\WINDOWS\System32\Wbem;C:\WINDOWS\System32\WindowsPowerShell\v1.0\;C:\WINDOWS\System32\OpenSSH\;C:\Program Files\dotnet\;C:\Program Files\Git\cmd;C:\Program Files\nodejs\;C:\Program Files\MySQL\MySQL Shell 8.0\bin\;C:\Users\REMEDIOS CONTRERAS\AppData\Local\Microsoft\WindowsApps;C:\Users\REMEDIOS CONTRERAS\AppData\Local\GitHubDesktop\bin;C:\Users\REMEDIOS CONTRERAS\AppData\Local\Programs\Microsoft VS Code\bin;C:\Users\REMEDIOS CONTRERAS\AppData\Roaming\npm
USERNAME=REMEDIOS CONTRERAS
LANG=en_US.UTF-8
OS=Windows_NT
PROCESSOR_IDENTIFIER=Intel64 Family 6 Model 142 Stepping 12, GenuineIntel



---------------  S Y S T E M  ---------------

OS:
 Windows 11 , 64 bit Build 22621 (10.0.22621.3672)
OS uptime: 1 days 4:07 hours

CPU: total 8 (initial active 8) (4 cores per cpu, 2 threads per core) family 6 model 142 stepping 12 microcode 0xea, cx8, cmov, fxsr, ht, mmx, 3dnowpref, sse, sse2, sse3, ssse3, sse4.1, sse4.2, popcnt, lzcnt, tsc, tscinvbit, avx, avx2, aes, erms, clmul, bmi1, bmi2, adx, fma, vzeroupper, clflush, clflushopt

Memory: 4k page, system-wide physical 12121M (2919M free)
TotalPageFile size 12121M (AvailPageFile size 5M)
current process WorkingSet (physical memory assigned to process): 117M, peak: 117M
current process commit charge ("private bytes"): 319M, peak: 319M

vm_info: Java HotSpot(TM) 64-Bit Server VM (17.0.9+11-LTS-201) for windows-amd64 JRE (17.0.9+11-LTS-201), built on Oct 10 2023 23:16:06 by "mach5one" with MS VC++ 17.1 (VS2022)

END.
