#
# There is insufficient memory for the Java Runtime Environment to continue.
# Native memory allocation (malloc) failed to allocate 32744 bytes. Error detail: ChunkPool::allocate
# Possible reasons:
#   The system is out of physical RAM or swap space
#   This process is running with CompressedOops enabled, and the Java Heap may be blocking the growth of the native heap
# Possible solutions:
#   Reduce memory load on the system
#   Increase physical memory or swap space
#   Check if swap backing store is full
#   Decrease Java heap size (-Xmx/-Xms)
#   Decrease number of Java threads
#   Decrease Java thread stack sizes (-Xss)
#   Set larger code cache with -XX:ReservedCodeCacheSize=
#   JVM is running with Unscaled Compressed Oops mode in which the Java heap is
#     placed in the first 4GB address space. The Java Heap base address is the
#     maximum limit for the native heap growth. Please use -XX:HeapBaseMinAddress
#     to set the Java Heap base and to place the Java Heap above 4GB virtual address.
# This output file may be truncated or incomplete.
#
#  Out of Memory Error (arena.cpp:79), pid=3084, tid=10004
#
# JRE version: OpenJDK Runtime Environment Temurin-17.0.11+9 (17.0.11+9) (build 17.0.11+9)
# Java VM: OpenJDK 64-Bit Server VM Temurin-17.0.11+9 (17.0.11+9, mixed mode, tiered, compressed oops, compressed class ptrs, parallel gc, windows-amd64)
# No core dump will be written. Minidumps are not enabled by default on client versions of Windows
#

---------------  S U M M A R Y ------------

Command Line: --add-modules=ALL-SYSTEM --add-opens=java.base/java.util=ALL-UNNAMED --add-opens=java.base/java.lang=ALL-UNNAMED --add-opens=java.base/sun.nio.fs=ALL-UNNAMED -Declipse.application=org.eclipse.jdt.ls.core.id1 -Dosgi.bundles.defaultStartLevel=4 -Declipse.product=org.eclipse.jdt.ls.core.product -Djava.import.generatesMetadataFilesAtProjectRoot=false -DDetectVMInstallationsJob.disabled=true -Dfile.encoding=utf8 -XX:+UseParallelGC -XX:GCTimeRatio=4 -XX:AdaptiveSizePolicyWeight=90 -Dsun.zip.disableMemoryMapping=true -Xmx1G -Xms100m -Xlog:disable -javaagent:c:\Users\REMEDIOS CONTRERAS\.vscode\extensions\redhat.java-1.31.0-win32-x64\lombok\lombok-1.18.32.jar c:\Users\REMEDIOS CONTRERAS\.vscode\extensions\redhat.java-1.31.0-win32-x64\server\plugins\org.eclipse.equinox.launcher_1.6.800.v20240513-1750.jar -configuration c:\Users\REMEDIOS CONTRERAS\AppData\Roaming\Code\User\globalStorage\redhat.java\1.31.0\config_ss_win -data c:\Users\REMEDIOS CONTRERAS\AppData\Roaming\Code\User\workspaceStorage\072d14fccc246888f7abbe56b5e09719\redhat.java\ss_ws --pipe=\\.\pipe\lsp-96950e86d7ab5d6fd5e8476871e6b40e-sock

Host: Intel(R) Core(TM) i5-10210U CPU @ 1.60GHz, 8 cores, 11G,  Windows 11 , 64 bit Build 22621 (10.0.22621.3672)
Time: Sun Jun 23 18:57:43 2024 Hora estándar central (México) elapsed time: 3.116703 seconds (0d 0h 0m 3s)

---------------  T H R E A D  ---------------

Current thread (0x0000022806dbe940):  JavaThread "C2 CompilerThread2" daemon [_thread_in_native, id=10004, stack(0x000000ef00900000,0x000000ef00a00000)]


Current CompileTask:
C2:   3116 2391       4       org.lombokweb.asm.ClassWriter::visitMethod (57 bytes)

Stack: [0x000000ef00900000,0x000000ef00a00000]
Native frames: (J=compiled Java code, j=interpreted, Vv=VM code, C=native code)
V  [jvm.dll+0x67d429]
V  [jvm.dll+0x834b7a]
V  [jvm.dll+0x83663e]
V  [jvm.dll+0x836ca3]
V  [jvm.dll+0x247dbf]
V  [jvm.dll+0xac731]
V  [jvm.dll+0xacb7c]
V  [jvm.dll+0xac63b]
V  [jvm.dll+0x65abe6]
V  [jvm.dll+0x659617]
V  [jvm.dll+0x341200]
V  [jvm.dll+0x34771c]
V  [jvm.dll+0x34d07a]
V  [jvm.dll+0x690caa]
V  [jvm.dll+0x690d6e]
V  [jvm.dll+0x693627]
V  [jvm.dll+0x68d82b]
V  [jvm.dll+0x68ce67]
V  [jvm.dll+0x68ad52]
V  [jvm.dll+0x1a85ac]
V  [jvm.dll+0x2ae4e4]
V  [jvm.dll+0x695875]
V  [jvm.dll+0x68d82b]
V  [jvm.dll+0x68ce67]
V  [jvm.dll+0x68ad52]
V  [jvm.dll+0x1a85ac]
V  [jvm.dll+0x1a9146]
V  [jvm.dll+0x2ae4e4]
V  [jvm.dll+0x695875]
V  [jvm.dll+0x68d82b]
V  [jvm.dll+0x68ce67]
V  [jvm.dll+0x68ad52]
V  [jvm.dll+0x1a85ac]
V  [jvm.dll+0x2ae4e4]
V  [jvm.dll+0x695875]
V  [jvm.dll+0x68d82b]
V  [jvm.dll+0x68ce67]
V  [jvm.dll+0x68ad52]
V  [jvm.dll+0x1a85ac]
V  [jvm.dll+0x2ae4e4]
V  [jvm.dll+0x695875]
V  [jvm.dll+0x68d82b]
V  [jvm.dll+0x68ce67]
V  [jvm.dll+0x68ad52]
V  [jvm.dll+0x1a85ac]
V  [jvm.dll+0x219468]
V  [jvm.dll+0x1a534d]
V  [jvm.dll+0x2295cd]
V  [jvm.dll+0x22779c]
V  [jvm.dll+0x7e9d07]
V  [jvm.dll+0x7e410a]
V  [jvm.dll+0x67c315]
C  [ucrtbase.dll+0x29333]
C  [KERNEL32.DLL+0x1257d]
C  [ntdll.dll+0x5af28]


---------------  P R O C E S S  ---------------

Threads class SMR info:
_java_thread_list=0x0000022806860b90, length=22, elements={
0x000002286bc4d990, 0x000002287fade670, 0x0000022804e052d0, 0x0000022804e31f30,
0x0000022804e32960, 0x0000022804e334f0, 0x0000022804e34f30, 0x0000022804e38430,
0x0000022804e9d640, 0x0000022804e9db60, 0x0000022804f66020, 0x0000022805173bc0,
0x00000228065db0a0, 0x0000022806800030, 0x00000228066d9930, 0x0000022806700af0,
0x0000022806c98a50, 0x0000022806745c60, 0x0000022806aa88f0, 0x0000022806aa83e0,
0x0000022806aa6070, 0x0000022806dbe940
}

Java Threads: ( => current thread )
  0x000002286bc4d990 JavaThread "main" [_thread_blocked, id=15924, stack(0x000000ef7ea00000,0x000000ef7eb00000)]
  0x000002287fade670 JavaThread "Reference Handler" daemon [_thread_blocked, id=21324, stack(0x000000ef7ed00000,0x000000ef7ee00000)]
  0x0000022804e052d0 JavaThread "Finalizer" daemon [_thread_blocked, id=17244, stack(0x000000ef7ee00000,0x000000ef7ef00000)]
  0x0000022804e31f30 JavaThread "Signal Dispatcher" daemon [_thread_blocked, id=15992, stack(0x000000ef7ef00000,0x000000ef7f000000)]
  0x0000022804e32960 JavaThread "Attach Listener" daemon [_thread_blocked, id=8300, stack(0x000000ef7f000000,0x000000ef7f100000)]
  0x0000022804e334f0 JavaThread "Service Thread" daemon [_thread_blocked, id=20152, stack(0x000000ef7f100000,0x000000ef7f200000)]
  0x0000022804e34f30 JavaThread "Monitor Deflation Thread" daemon [_thread_blocked, id=18288, stack(0x000000ef7f200000,0x000000ef7f300000)]
  0x0000022804e38430 JavaThread "C2 CompilerThread0" daemon [_thread_in_native, id=7000, stack(0x000000ef7f300000,0x000000ef7f400000)]
  0x0000022804e9d640 JavaThread "C1 CompilerThread0" daemon [_thread_in_native, id=14800, stack(0x000000ef7f400000,0x000000ef7f500000)]
  0x0000022804e9db60 JavaThread "Sweeper thread" daemon [_thread_blocked, id=1680, stack(0x000000ef7f500000,0x000000ef7f600000)]
  0x0000022804f66020 JavaThread "Common-Cleaner" daemon [_thread_blocked, id=17204, stack(0x000000ef7f600000,0x000000ef7f700000)]
  0x0000022805173bc0 JavaThread "Notification Thread" daemon [_thread_blocked, id=2352, stack(0x000000ef7f800000,0x000000ef7f900000)]
  0x00000228065db0a0 JavaThread "C2 CompilerThread1" daemon [_thread_blocked, id=16512, stack(0x000000ef7ff00000,0x000000ef80000000)]
  0x0000022806800030 JavaThread "Active Thread: Equinox Container: 017971a8-c497-4b16-a341-6a313a628bd2" [_thread_blocked, id=6136, stack(0x000000ef00100000,0x000000ef00200000)]
  0x00000228066d9930 JavaThread "Framework Event Dispatcher: Equinox Container: 017971a8-c497-4b16-a341-6a313a628bd2" daemon [_thread_blocked, id=11868, stack(0x000000ef00200000,0x000000ef00300000)]
  0x0000022806700af0 JavaThread "Start Level: Equinox Container: 017971a8-c497-4b16-a341-6a313a628bd2" daemon [_thread_in_vm, id=16608, stack(0x000000ef00300000,0x000000ef00400000)]
  0x0000022806c98a50 JavaThread "SCR Component Actor" daemon [_thread_blocked, id=14168, stack(0x000000ef00400000,0x000000ef00500000)]
  0x0000022806745c60 JavaThread "SCR Component Registry" daemon [_thread_blocked, id=13128, stack(0x000000ef00000000,0x000000ef00100000)]
  0x0000022806aa88f0 JavaThread "Worker-JM" [_thread_blocked, id=7020, stack(0x000000ef00600000,0x000000ef00700000)]
  0x0000022806aa83e0 JavaThread "Worker-0" [_thread_blocked, id=10848, stack(0x000000ef00700000,0x000000ef00800000)]
  0x0000022806aa6070 JavaThread "Worker-1" [_thread_blocked, id=12524, stack(0x000000ef00800000,0x000000ef00900000)]
=>0x0000022806dbe940 JavaThread "C2 CompilerThread2" daemon [_thread_in_native, id=10004, stack(0x000000ef00900000,0x000000ef00a00000)]

Other Threads:
  0x0000022804df0c20 VMThread "VM Thread" [stack: 0x000000ef7ec00000,0x000000ef7ed00000] [id=7884]
  0x00000228051740a0 WatcherThread [stack: 0x000000ef7f900000,0x000000ef7fa00000] [id=16112]
  0x000002286bc621d0 GCTaskThread "GC Thread#0" [stack: 0x000000ef7eb00000,0x000000ef7ec00000] [id=8208]
  0x0000022804fdc630 GCTaskThread "GC Thread#1" [stack: 0x000000ef7f700000,0x000000ef7f800000] [id=9712]
  0x0000022804fdc8f0 GCTaskThread "GC Thread#2" [stack: 0x000000ef7fa00000,0x000000ef7fb00000] [id=9148]
  0x00000228063f41c0 GCTaskThread "GC Thread#3" [stack: 0x000000ef7fb00000,0x000000ef7fc00000] [id=13952]
  0x00000228061e03d0 GCTaskThread "GC Thread#4" [stack: 0x000000ef7fc00000,0x000000ef7fd00000] [id=3044]
  0x0000022804fddc10 GCTaskThread "GC Thread#5" [stack: 0x000000ef7fd00000,0x000000ef7fe00000] [id=2612]
  0x0000022804fdded0 GCTaskThread "GC Thread#6" [stack: 0x000000ef7fe00000,0x000000ef7ff00000] [id=18596]
  0x00000228068ad470 GCTaskThread "GC Thread#7" [stack: 0x000000ef00500000,0x000000ef00600000] [id=18220]

Threads with active compile tasks:
C2 CompilerThread0     3150 2355       4       org.lombokweb.asm.ClassReader::readMethod (1066 bytes)
C1 CompilerThread0     3150 2453   !   3       jdk.internal.loader.BuiltinClassLoader$2::run (114 bytes)
C2 CompilerThread2     3150 2391       4       org.lombokweb.asm.ClassWriter::visitMethod (57 bytes)

VM state: not at safepoint (normal execution)

VM Mutex/Monitor currently owned by a thread: None

Heap address: 0x00000000c0000000, size: 1024 MB, Compressed Oops mode: 32-bit

CDS archive(s) not mapped
Compressed class space mapped at: 0x0000000100000000-0x0000000140000000, reserved size: 1073741824
Narrow klass base: 0x0000000000000000, Narrow klass shift: 3, Narrow klass range: 0x140000000

GC Precious Log:
 CPUs: 8 total, 8 available
 Memory: 12121M
 Large Page Support: Disabled
 NUMA Support: Disabled
 Compressed Oops: Enabled (32-bit)
 Alignments: Space 512K, Generation 512K, Heap 2M
 Heap Min Capacity: 100M
 Heap Initial Capacity: 100M
 Heap Max Capacity: 1G
 Pre-touch: Disabled
 Parallel Workers: 8

Heap:
 PSYoungGen      total 27136K, used 11662K [0x00000000eab00000, 0x00000000ec900000, 0x0000000100000000)
  eden space 24576K, 37% used [0x00000000eab00000,0x00000000eb3e87b0,0x00000000ec300000)
  from space 2560K, 99% used [0x00000000ec600000,0x00000000ec87b250,0x00000000ec880000)
  to   space 3072K, 0% used [0x00000000ec300000,0x00000000ec300000,0x00000000ec600000)
 ParOldGen       total 68608K, used 6928K [0x00000000c0000000, 0x00000000c4300000, 0x00000000eab00000)
  object space 68608K, 10% used [0x00000000c0000000,0x00000000c06c4248,0x00000000c4300000)
 Metaspace       used 27538K, committed 28032K, reserved 1114112K
  class space    used 2656K, committed 2880K, reserved 1048576K

Card table byte_map: [0x000002286b5e0000,0x000002286b7f0000] _byte_map_base: 0x000002286afe0000

Marking Bits: (ParMarkBitMap*) 0x00007ff90d7ed820
 Begin Bits: [0x000002287d8e0000, 0x000002287e8e0000)
 End Bits:   [0x000002287e8e0000, 0x000002287f8e0000)

Polling page: 0x0000022869bb0000

Metaspace:

Usage:
  Non-class:     24.30 MB used.
      Class:      2.59 MB used.
       Both:     26.89 MB used.

Virtual space:
  Non-class space:       64.00 MB reserved,      24.56 MB ( 38%) committed,  1 nodes.
      Class space:        1.00 GB reserved,       2.81 MB ( <1%) committed,  1 nodes.
             Both:        1.06 GB reserved,      27.38 MB (  3%) committed. 

Chunk freelists:
   Non-Class:  7.27 MB
       Class:  13.15 MB
        Both:  20.42 MB

MaxMetaspaceSize: unlimited
CompressedClassSpaceSize: 1.00 GB
Initial GC threshold: 21.00 MB
Current GC threshold: 35.00 MB
CDS: off
MetaspaceReclaimPolicy: balanced
 - commit_granule_bytes: 65536.
 - commit_granule_words: 8192.
 - virtual_space_node_default_size: 8388608.
 - enlarge_chunks_in_place: 1.
 - new_chunks_are_fully_committed: 0.
 - uncommit_free_chunks: 1.
 - use_allocation_guard: 0.
 - handle_deallocations: 1.


Internal statistics:

num_allocs_failed_limit: 3.
num_arena_births: 282.
num_arena_deaths: 14.
num_vsnodes_births: 2.
num_vsnodes_deaths: 0.
num_space_committed: 438.
num_space_uncommitted: 0.
num_chunks_returned_to_freelist: 17.
num_chunks_taken_from_freelist: 1045.
num_chunk_merges: 5.
num_chunk_splits: 678.
num_chunks_enlarged: 466.
num_inconsistent_stats: 0.

CodeHeap 'non-profiled nmethods': size=120000Kb used=1054Kb max_used=1054Kb free=118945Kb
 bounds [0x00000228763b0000, 0x0000022876620000, 0x000002287d8e0000]
CodeHeap 'profiled nmethods': size=120000Kb used=4864Kb max_used=4864Kb free=115136Kb
 bounds [0x000002286e8e0000, 0x000002286eda0000, 0x0000022875e10000]
CodeHeap 'non-nmethods': size=5760Kb used=1230Kb max_used=1260Kb free=4529Kb
 bounds [0x0000022875e10000, 0x0000022876080000, 0x00000228763b0000]
 total_blobs=2989 nmethods=2450 adapters=453
 compilation: enabled
              stopped_count=0, restarted_count=0
 full_count=0

Compilation events (20 events):
Event: 3.090 Thread 0x0000022806dbe940 nmethod 2388 0x00000228764aec90 code [0x00000228764aee80, 0x00000228764af590]
Event: 3.090 Thread 0x0000022804e9d640 nmethod 2449 0x000002286ed9ca10 code [0x000002286ed9cba0, 0x000002286ed9cce8]
Event: 3.090 Thread 0x0000022804e9d640 2451       3       lombok.patcher.scripts.ReplaceMethodCallScript$ReplaceMethodCall::visitMethodInsn (250 bytes)
Event: 3.090 Thread 0x0000022806dbe940 2447       4       org.lombokweb.asm.ClassReader::readShort (27 bytes)
Event: 3.091 Thread 0x0000022806dbe940 nmethod 2447 0x00000228764afb90 code [0x00000228764afd00, 0x00000228764afdf8]
Event: 3.091 Thread 0x0000022806dbe940 2390       4       org.lombokweb.asm.ByteVector::putByteArray (49 bytes)
Event: 3.092 Thread 0x0000022804e9d640 nmethod 2451 0x000002286ed9cd90 code [0x000002286ed9d120, 0x000002286ed9e698]
Event: 3.092 Thread 0x0000022804e9d640 2446       3       org.lombokweb.asm.MethodVisitor::visitJumpInsn (17 bytes)
Event: 3.092 Thread 0x0000022804e9d640 nmethod 2446 0x000002286ed9f010 code [0x000002286ed9f1c0, 0x000002286ed9f3c8]
Event: 3.092 Thread 0x0000022804e9d640 2443       1       lombok.patcher.scripts.ReplaceMethodCallScript::access$0 (5 bytes)
Event: 3.092 Thread 0x0000022804e9d640 nmethod 2443 0x00000228764aff10 code [0x00000228764b00a0, 0x00000228764b0158]
Event: 3.092 Thread 0x0000022804e9d640 2450       3       org.lombokweb.asm.MethodVisitor::visitFrame (22 bytes)
Event: 3.092 Thread 0x0000022804e9d640 nmethod 2450 0x000002286ed9f490 code [0x000002286ed9f640, 0x000002286ed9f848]
Event: 3.092 Thread 0x0000022804e9d640 2439       1       lombok.patcher.scripts.WrapReturnValuesScript::access$1 (5 bytes)
Event: 3.092 Thread 0x0000022804e9d640 nmethod 2439 0x00000228764b0210 code [0x00000228764b03a0, 0x00000228764b0458]
Event: 3.092 Thread 0x0000022804e9d640 2437       3       java.util.regex.Matcher::groupCount (10 bytes)
Event: 3.092 Thread 0x0000022804e9d640 nmethod 2437 0x000002286ed9f910 code [0x000002286ed9faa0, 0x000002286ed9fbb8]
Event: 3.093 Thread 0x0000022806dbe940 nmethod 2390 0x00000228764b0510 code [0x00000228764b0680, 0x00000228764b07f8]
Event: 3.093 Thread 0x0000022806dbe940 2391       4       org.lombokweb.asm.ClassWriter::visitMethod (57 bytes)
Event: 3.103 Thread 0x0000022804e9d640 2452       3       jdk.internal.loader.BuiltinClassLoader$2::run (5 bytes)

GC Heap History (14 events):
Event: 1.284 GC heap before
{Heap before GC invocations=1 (full 0):
 PSYoungGen      total 29696K, used 25600K [0x00000000eab00000, 0x00000000ecc00000, 0x0000000100000000)
  eden space 25600K, 100% used [0x00000000eab00000,0x00000000ec400000,0x00000000ec400000)
  from space 4096K, 0% used [0x00000000ec800000,0x00000000ec800000,0x00000000ecc00000)
  to   space 4096K, 0% used [0x00000000ec400000,0x00000000ec400000,0x00000000ec800000)
 ParOldGen       total 68608K, used 0K [0x00000000c0000000, 0x00000000c4300000, 0x00000000eab00000)
  object space 68608K, 0% used [0x00000000c0000000,0x00000000c0000000,0x00000000c4300000)
 Metaspace       used 11009K, committed 11200K, reserved 1114112K
  class space    used 1096K, committed 1216K, reserved 1048576K
}
Event: 1.292 GC heap after
{Heap after GC invocations=1 (full 0):
 PSYoungGen      total 29696K, used 3124K [0x00000000eab00000, 0x00000000ecc00000, 0x0000000100000000)
  eden space 25600K, 0% used [0x00000000eab00000,0x00000000eab00000,0x00000000ec400000)
  from space 4096K, 76% used [0x00000000ec400000,0x00000000ec70d268,0x00000000ec800000)
  to   space 4096K, 0% used [0x00000000ec800000,0x00000000ec800000,0x00000000ecc00000)
 ParOldGen       total 68608K, used 16K [0x00000000c0000000, 0x00000000c4300000, 0x00000000eab00000)
  object space 68608K, 0% used [0x00000000c0000000,0x00000000c0004000,0x00000000c4300000)
 Metaspace       used 11009K, committed 11200K, reserved 1114112K
  class space    used 1096K, committed 1216K, reserved 1048576K
}
Event: 1.926 GC heap before
{Heap before GC invocations=2 (full 0):
 PSYoungGen      total 29696K, used 28724K [0x00000000eab00000, 0x00000000ecc00000, 0x0000000100000000)
  eden space 25600K, 100% used [0x00000000eab00000,0x00000000ec400000,0x00000000ec400000)
  from space 4096K, 76% used [0x00000000ec400000,0x00000000ec70d268,0x00000000ec800000)
  to   space 4096K, 0% used [0x00000000ec800000,0x00000000ec800000,0x00000000ecc00000)
 ParOldGen       total 68608K, used 16K [0x00000000c0000000, 0x00000000c4300000, 0x00000000eab00000)
  object space 68608K, 0% used [0x00000000c0000000,0x00000000c0004000,0x00000000c4300000)
 Metaspace       used 14784K, committed 15104K, reserved 1114112K
  class space    used 1501K, committed 1664K, reserved 1048576K
}
Event: 1.931 GC heap after
{Heap after GC invocations=2 (full 0):
 PSYoungGen      total 29696K, used 4095K [0x00000000eab00000, 0x00000000ecc00000, 0x0000000100000000)
  eden space 25600K, 0% used [0x00000000eab00000,0x00000000eab00000,0x00000000ec400000)
  from space 4096K, 99% used [0x00000000ec800000,0x00000000ecbffd80,0x00000000ecc00000)
  to   space 4096K, 0% used [0x00000000ec400000,0x00000000ec400000,0x00000000ec800000)
 ParOldGen       total 68608K, used 752K [0x00000000c0000000, 0x00000000c4300000, 0x00000000eab00000)
  object space 68608K, 1% used [0x00000000c0000000,0x00000000c00bc340,0x00000000c4300000)
 Metaspace       used 14784K, committed 15104K, reserved 1114112K
  class space    used 1501K, committed 1664K, reserved 1048576K
}
Event: 2.432 GC heap before
{Heap before GC invocations=3 (full 0):
 PSYoungGen      total 29696K, used 29695K [0x00000000eab00000, 0x00000000ecc00000, 0x0000000100000000)
  eden space 25600K, 100% used [0x00000000eab00000,0x00000000ec400000,0x00000000ec400000)
  from space 4096K, 99% used [0x00000000ec800000,0x00000000ecbffd80,0x00000000ecc00000)
  to   space 4096K, 0% used [0x00000000ec400000,0x00000000ec400000,0x00000000ec800000)
 ParOldGen       total 68608K, used 752K [0x00000000c0000000, 0x00000000c4300000, 0x00000000eab00000)
  object space 68608K, 1% used [0x00000000c0000000,0x00000000c00bc340,0x00000000c4300000)
 Metaspace       used 19709K, committed 20096K, reserved 1114112K
  class space    used 2013K, committed 2176K, reserved 1048576K
}
Event: 2.437 GC heap after
{Heap after GC invocations=3 (full 0):
 PSYoungGen      total 29696K, used 4084K [0x00000000eab00000, 0x00000000ecc00000, 0x0000000100000000)
  eden space 25600K, 0% used [0x00000000eab00000,0x00000000eab00000,0x00000000ec400000)
  from space 4096K, 99% used [0x00000000ec400000,0x00000000ec7fd1c8,0x00000000ec800000)
  to   space 4096K, 0% used [0x00000000ec800000,0x00000000ec800000,0x00000000ecc00000)
 ParOldGen       total 68608K, used 2676K [0x00000000c0000000, 0x00000000c4300000, 0x00000000eab00000)
  object space 68608K, 3% used [0x00000000c0000000,0x00000000c029d3c0,0x00000000c4300000)
 Metaspace       used 19709K, committed 20096K, reserved 1114112K
  class space    used 2013K, committed 2176K, reserved 1048576K
}
Event: 2.572 GC heap before
{Heap before GC invocations=4 (full 0):
 PSYoungGen      total 29696K, used 11939K [0x00000000eab00000, 0x00000000ecc00000, 0x0000000100000000)
  eden space 25600K, 30% used [0x00000000eab00000,0x00000000eb2abae0,0x00000000ec400000)
  from space 4096K, 99% used [0x00000000ec400000,0x00000000ec7fd1c8,0x00000000ec800000)
  to   space 4096K, 0% used [0x00000000ec800000,0x00000000ec800000,0x00000000ecc00000)
 ParOldGen       total 68608K, used 2676K [0x00000000c0000000, 0x00000000c4300000, 0x00000000eab00000)
  object space 68608K, 3% used [0x00000000c0000000,0x00000000c029d3c0,0x00000000c4300000)
 Metaspace       used 21062K, committed 21504K, reserved 1114112K
  class space    used 2152K, committed 2368K, reserved 1048576K
}
Event: 2.575 GC heap after
{Heap after GC invocations=4 (full 0):
 PSYoungGen      total 29696K, used 4069K [0x00000000eab00000, 0x00000000ecc00000, 0x0000000100000000)
  eden space 25600K, 0% used [0x00000000eab00000,0x00000000eab00000,0x00000000ec400000)
  from space 4096K, 99% used [0x00000000ec800000,0x00000000ecbf9768,0x00000000ecc00000)
  to   space 4096K, 0% used [0x00000000ec400000,0x00000000ec400000,0x00000000ec800000)
 ParOldGen       total 68608K, used 2978K [0x00000000c0000000, 0x00000000c4300000, 0x00000000eab00000)
  object space 68608K, 4% used [0x00000000c0000000,0x00000000c02e8bd0,0x00000000c4300000)
 Metaspace       used 21062K, committed 21504K, reserved 1114112K
  class space    used 2152K, committed 2368K, reserved 1048576K
}
Event: 2.575 GC heap before
{Heap before GC invocations=5 (full 1):
 PSYoungGen      total 29696K, used 4069K [0x00000000eab00000, 0x00000000ecc00000, 0x0000000100000000)
  eden space 25600K, 0% used [0x00000000eab00000,0x00000000eab00000,0x00000000ec400000)
  from space 4096K, 99% used [0x00000000ec800000,0x00000000ecbf9768,0x00000000ecc00000)
  to   space 4096K, 0% used [0x00000000ec400000,0x00000000ec400000,0x00000000ec800000)
 ParOldGen       total 68608K, used 2978K [0x00000000c0000000, 0x00000000c4300000, 0x00000000eab00000)
  object space 68608K, 4% used [0x00000000c0000000,0x00000000c02e8bd0,0x00000000c4300000)
 Metaspace       used 21062K, committed 21504K, reserved 1114112K
  class space    used 2152K, committed 2368K, reserved 1048576K
}
Event: 2.599 GC heap after
{Heap after GC invocations=5 (full 1):
 PSYoungGen      total 29696K, used 0K [0x00000000eab00000, 0x00000000ecc00000, 0x0000000100000000)
  eden space 25600K, 0% used [0x00000000eab00000,0x00000000eab00000,0x00000000ec400000)
  from space 4096K, 0% used [0x00000000ec800000,0x00000000ec800000,0x00000000ecc00000)
  to   space 4096K, 0% used [0x00000000ec400000,0x00000000ec400000,0x00000000ec800000)
 ParOldGen       total 68608K, used 6858K [0x00000000c0000000, 0x00000000c4300000, 0x00000000eab00000)
  object space 68608K, 9% used [0x00000000c0000000,0x00000000c06b28f0,0x00000000c4300000)
 Metaspace       used 21048K, committed 21504K, reserved 1114112K
  class space    used 2149K, committed 2368K, reserved 1048576K
}
Event: 2.814 GC heap before
{Heap before GC invocations=6 (full 1):
 PSYoungGen      total 29696K, used 25498K [0x00000000eab00000, 0x00000000ecc00000, 0x0000000100000000)
  eden space 25600K, 99% used [0x00000000eab00000,0x00000000ec3e6a70,0x00000000ec400000)
  from space 4096K, 0% used [0x00000000ec800000,0x00000000ec800000,0x00000000ecc00000)
  to   space 4096K, 0% used [0x00000000ec400000,0x00000000ec400000,0x00000000ec800000)
 ParOldGen       total 68608K, used 6858K [0x00000000c0000000, 0x00000000c4300000, 0x00000000eab00000)
  object space 68608K, 9% used [0x00000000c0000000,0x00000000c06b28f0,0x00000000c4300000)
 Metaspace       used 24148K, committed 24640K, reserved 1114112K
  class space    used 2399K, committed 2624K, reserved 1048576K
}
Event: 2.815 GC heap after
{Heap after GC invocations=6 (full 1):
 PSYoungGen      total 26112K, used 707K [0x00000000eab00000, 0x00000000ec880000, 0x0000000100000000)
  eden space 25088K, 0% used [0x00000000eab00000,0x00000000eab00000,0x00000000ec380000)
  from space 1024K, 69% used [0x00000000ec400000,0x00000000ec4b0fa0,0x00000000ec500000)
  to   space 2560K, 0% used [0x00000000ec600000,0x00000000ec600000,0x00000000ec880000)
 ParOldGen       total 68608K, used 6866K [0x00000000c0000000, 0x00000000c4300000, 0x00000000eab00000)
  object space 68608K, 10% used [0x00000000c0000000,0x00000000c06b48f0,0x00000000c4300000)
 Metaspace       used 24148K, committed 24640K, reserved 1114112K
  class space    used 2399K, committed 2624K, reserved 1048576K
}
Event: 2.998 GC heap before
{Heap before GC invocations=7 (full 1):
 PSYoungGen      total 26112K, used 25795K [0x00000000eab00000, 0x00000000ec880000, 0x0000000100000000)
  eden space 25088K, 100% used [0x00000000eab00000,0x00000000ec380000,0x00000000ec380000)
  from space 1024K, 69% used [0x00000000ec400000,0x00000000ec4b0fa0,0x00000000ec500000)
  to   space 2560K, 0% used [0x00000000ec600000,0x00000000ec600000,0x00000000ec880000)
 ParOldGen       total 68608K, used 6866K [0x00000000c0000000, 0x00000000c4300000, 0x00000000eab00000)
  object space 68608K, 10% used [0x00000000c0000000,0x00000000c06b48f0,0x00000000c4300000)
 Metaspace       used 27170K, committed 27712K, reserved 1114112K
  class space    used 2629K, committed 2880K, reserved 1048576K
}
Event: 3.000 GC heap after
{Heap after GC invocations=7 (full 1):
 PSYoungGen      total 27136K, used 2540K [0x00000000eab00000, 0x00000000ec900000, 0x0000000100000000)
  eden space 24576K, 0% used [0x00000000eab00000,0x00000000eab00000,0x00000000ec300000)
  from space 2560K, 99% used [0x00000000ec600000,0x00000000ec87b250,0x00000000ec880000)
  to   space 3072K, 0% used [0x00000000ec300000,0x00000000ec300000,0x00000000ec600000)
 ParOldGen       total 68608K, used 6928K [0x00000000c0000000, 0x00000000c4300000, 0x00000000eab00000)
  object space 68608K, 10% used [0x00000000c0000000,0x00000000c06c4248,0x00000000c4300000)
 Metaspace       used 27170K, committed 27712K, reserved 1114112K
  class space    used 2629K, committed 2880K, reserved 1048576K
}

Dll operation events (9 events):
Event: 0.013 Loaded shared library c:\Users\REMEDIOS CONTRERAS\.vscode\extensions\redhat.java-1.31.0-win32-x64\jre\17.0.11-win32-x86_64\bin\java.dll
Event: 0.259 Loaded shared library c:\Users\REMEDIOS CONTRERAS\.vscode\extensions\redhat.java-1.31.0-win32-x64\jre\17.0.11-win32-x86_64\bin\zip.dll
Event: 0.273 Loaded shared library C:\Users\REMEDIOS CONTRERAS\.vscode\extensions\redhat.java-1.31.0-win32-x64\jre\17.0.11-win32-x86_64\bin\instrument.dll
Event: 0.295 Loaded shared library C:\Users\REMEDIOS CONTRERAS\.vscode\extensions\redhat.java-1.31.0-win32-x64\jre\17.0.11-win32-x86_64\bin\net.dll
Event: 0.298 Loaded shared library C:\Users\REMEDIOS CONTRERAS\.vscode\extensions\redhat.java-1.31.0-win32-x64\jre\17.0.11-win32-x86_64\bin\nio.dll
Event: 0.317 Loaded shared library C:\Users\REMEDIOS CONTRERAS\.vscode\extensions\redhat.java-1.31.0-win32-x64\jre\17.0.11-win32-x86_64\bin\zip.dll
Event: 0.345 Loaded shared library C:\Users\REMEDIOS CONTRERAS\.vscode\extensions\redhat.java-1.31.0-win32-x64\jre\17.0.11-win32-x86_64\bin\jimage.dll
Event: 0.450 Loaded shared library c:\Users\REMEDIOS CONTRERAS\.vscode\extensions\redhat.java-1.31.0-win32-x64\jre\17.0.11-win32-x86_64\bin\verify.dll
Event: 1.805 Loaded shared library C:\Users\REMEDIOS CONTRERAS\AppData\Roaming\Code\User\globalStorage\redhat.java\1.31.0\config_ss_win\org.eclipse.equinox.launcher\org.eclipse.equinox.launcher.win32.win32.x86_64_1.2.1000.v20240507-1834\eclipse_11902.dll

Deoptimization events (20 events):
Event: 2.880 Thread 0x0000022806700af0 DEOPT PACKING pc=0x00000228764a9144 sp=0x000000ef003f8320
Event: 2.880 Thread 0x0000022806700af0 DEOPT UNPACKING pc=0x0000022875e666a3 sp=0x000000ef003f82a8 mode 2
Event: 2.881 Thread 0x0000022806700af0 Uncommon trap: trap_request=0xffffffde fr.pc=0x00000228764a9144 relative=0x0000000000000124
Event: 2.881 Thread 0x0000022806700af0 Uncommon trap: reason=class_check action=maybe_recompile pc=0x00000228764a9144 method=jdk.internal.misc.Unsafe.allocateUninitializedArray(Ljava/lang/Class;I)Ljava/lang/Object; @ 51 c2
Event: 2.881 Thread 0x0000022806700af0 DEOPT PACKING pc=0x00000228764a9144 sp=0x000000ef003f4b80
Event: 2.881 Thread 0x0000022806700af0 DEOPT UNPACKING pc=0x0000022875e666a3 sp=0x000000ef003f4b08 mode 2
Event: 2.882 Thread 0x0000022806700af0 Uncommon trap: trap_request=0xffffffde fr.pc=0x00000228764a9144 relative=0x0000000000000124
Event: 2.882 Thread 0x0000022806700af0 Uncommon trap: reason=class_check action=maybe_recompile pc=0x00000228764a9144 method=jdk.internal.misc.Unsafe.allocateUninitializedArray(Ljava/lang/Class;I)Ljava/lang/Object; @ 51 c2
Event: 2.882 Thread 0x0000022806700af0 DEOPT PACKING pc=0x00000228764a9144 sp=0x000000ef003f4b80
Event: 2.882 Thread 0x0000022806700af0 DEOPT UNPACKING pc=0x0000022875e666a3 sp=0x000000ef003f4b08 mode 2
Event: 2.882 Thread 0x0000022806700af0 Uncommon trap: trap_request=0xffffffde fr.pc=0x00000228764a9144 relative=0x0000000000000124
Event: 2.882 Thread 0x0000022806700af0 Uncommon trap: reason=class_check action=maybe_recompile pc=0x00000228764a9144 method=jdk.internal.misc.Unsafe.allocateUninitializedArray(Ljava/lang/Class;I)Ljava/lang/Object; @ 51 c2
Event: 2.882 Thread 0x0000022806700af0 DEOPT PACKING pc=0x00000228764a9144 sp=0x000000ef003f4ae0
Event: 2.882 Thread 0x0000022806700af0 DEOPT UNPACKING pc=0x0000022875e666a3 sp=0x000000ef003f4a68 mode 2
Event: 2.909 Thread 0x0000022806700af0 Uncommon trap: trap_request=0xffffff45 fr.pc=0x00000228764a76f4 relative=0x0000000000000354
Event: 2.909 Thread 0x0000022806700af0 Uncommon trap: reason=unstable_if action=reinterpret pc=0x00000228764a76f4 method=org.lombokweb.asm.Label.resolve([BLorg/lombokweb/asm/ByteVector;I)Z @ 81 c2
Event: 2.909 Thread 0x0000022806700af0 DEOPT PACKING pc=0x00000228764a76f4 sp=0x000000ef003eee90
Event: 2.909 Thread 0x0000022806700af0 DEOPT UNPACKING pc=0x0000022875e666a3 sp=0x000000ef003eed98 mode 2
Event: 3.035 Thread 0x0000022806700af0 DEOPT PACKING pc=0x000002286e9cbdc3 sp=0x000000ef003f6690
Event: 3.035 Thread 0x0000022806700af0 DEOPT UNPACKING pc=0x0000022875e66e43 sp=0x000000ef003f5bb0 mode 0

Classes unloaded (7 events):
Event: 2.579 Thread 0x0000022804df0c20 Unloading class 0x000000010021b400 'java/lang/invoke/LambdaForm$MH+0x000000010021b400'
Event: 2.579 Thread 0x0000022804df0c20 Unloading class 0x000000010021b000 'java/lang/invoke/LambdaForm$MH+0x000000010021b000'
Event: 2.579 Thread 0x0000022804df0c20 Unloading class 0x000000010021ac00 'java/lang/invoke/LambdaForm$MH+0x000000010021ac00'
Event: 2.579 Thread 0x0000022804df0c20 Unloading class 0x000000010021a800 'java/lang/invoke/LambdaForm$MH+0x000000010021a800'
Event: 2.579 Thread 0x0000022804df0c20 Unloading class 0x000000010021a400 'java/lang/invoke/LambdaForm$BMH+0x000000010021a400'
Event: 2.579 Thread 0x0000022804df0c20 Unloading class 0x000000010021a000 'java/lang/invoke/LambdaForm$DMH+0x000000010021a000'
Event: 2.579 Thread 0x0000022804df0c20 Unloading class 0x0000000100214400 'java/lang/invoke/LambdaForm$DMH+0x0000000100214400'

Classes redefined (0 events):
No events

Internal exceptions (20 events):
Event: 2.367 Thread 0x0000022806700af0 Exception <a 'java/lang/NoSuchMethodError'{0x00000000ec11acf0}: 'int java.lang.invoke.DirectMethodHandle$Holder.invokeSpecial(java.lang.Object, java.lang.Object, java.lang.Object, int)'> (0x00000000ec11acf0) 
thrown [s\src\hotspot\share\interpreter\linkResolver.cpp, line 759]
Event: 2.370 Thread 0x0000022806700af0 Exception <a 'java/lang/NoSuchMethodError'{0x00000000ec137420}: 'java.lang.Object java.lang.invoke.DirectMethodHandle$Holder.invokeStatic(java.lang.Object, java.lang.Object, java.lang.Object, java.lang.Object, int)'> (0x00000000ec137420) 
thrown [s\src\hotspot\share\interpreter\linkResolver.cpp, line 759]
Event: 2.372 Thread 0x0000022806700af0 Exception <a 'java/lang/NoSuchMethodError'{0x00000000ec143418}: 'java.lang.Object java.lang.invoke.DelegatingMethodHandle$Holder.reinvoke_L(java.lang.Object, java.lang.Object, java.lang.Object, java.lang.Object, int, int)'> (0x00000000ec143418) 
thrown [s\src\hotspot\share\interpreter\linkResolver.cpp, line 759]
Event: 2.375 Thread 0x0000022806700af0 Exception <a 'java/lang/NoSuchMethodError'{0x00000000ec1581a0}: 'java.lang.Object java.lang.invoke.Invokers$Holder.invokeExact_MT(java.lang.Object, java.lang.Object, java.lang.Object, java.lang.Object)'> (0x00000000ec1581a0) 
thrown [s\src\hotspot\share\interpreter\linkResolver.cpp, line 759]
Event: 2.431 Thread 0x0000022806700af0 Exception <a 'java/io/FileNotFoundException'{0x00000000ec3edd90}> (0x00000000ec3edd90) 
thrown [s\src\hotspot\share\prims\jni.cpp, line 516]
Event: 2.431 Thread 0x0000022806700af0 Exception <a 'java/io/FileNotFoundException'{0x00000000ec3f5670}> (0x00000000ec3f5670) 
thrown [s\src\hotspot\share\prims\jni.cpp, line 516]
Event: 2.483 Thread 0x0000022806700af0 Exception <a 'java/lang/NoSuchMethodError'{0x00000000eadbd058}: 'java.lang.Object java.lang.invoke.DirectMethodHandle$Holder.newInvokeSpecial(java.lang.Object, java.lang.Object, java.lang.Object, java.lang.Object, java.lang.Object)'> (0x00000000eadbd058) 
thrown [s\src\hotspot\share\interpreter\linkResolver.cpp, line 759]
Event: 2.504 Thread 0x0000022806700af0 Exception <a 'java/lang/NoSuchMethodError'{0x00000000eaf48880}: 'java.lang.Object java.lang.invoke.DirectMethodHandle$Holder.invokeStaticInit(java.lang.Object, int)'> (0x00000000eaf48880) 
thrown [s\src\hotspot\share\interpreter\linkResolver.cpp, line 759]
Event: 2.554 Thread 0x0000022806700af0 Exception <a 'java/lang/NoSuchMethodError'{0x00000000eb18a410}: 'java.lang.Object java.lang.invoke.DirectMethodHandle$Holder.invokeSpecial(java.lang.Object, java.lang.Object, java.lang.Object, long, java.lang.Object)'> (0x00000000eb18a410) 
thrown [s\src\hotspot\share\interpreter\linkResolver.cpp, line 759]
Event: 2.555 Thread 0x0000022806700af0 Exception <a 'java/lang/NoSuchMethodError'{0x00000000eb1925c8}: 'java.lang.Object java.lang.invoke.DirectMethodHandle$Holder.newInvokeSpecial(java.lang.Object, java.lang.Object, java.lang.Object, long)'> (0x00000000eb1925c8) 
thrown [s\src\hotspot\share\interpreter\linkResolver.cpp, line 759]
Event: 2.555 Thread 0x0000022806700af0 Exception <a 'java/lang/NoSuchMethodError'{0x00000000eb196b68}: 'java.lang.Object java.lang.invoke.DirectMethodHandle$Holder.invokeSpecial(java.lang.Object, java.lang.Object, java.lang.Object, java.lang.Object, long)'> (0x00000000eb196b68) 
thrown [s\src\hotspot\share\interpreter\linkResolver.cpp, line 759]
Event: 2.556 Thread 0x0000022806700af0 Exception <a 'java/lang/NoSuchMethodError'{0x00000000eb19a9e0}: 'java.lang.Object java.lang.invoke.Invokers$Holder.linkToTargetMethod(java.lang.Object, java.lang.Object, long, java.lang.Object)'> (0x00000000eb19a9e0) 
thrown [s\src\hotspot\share\interpreter\linkResolver.cpp, line 759]
Event: 2.565 Thread 0x0000022806700af0 Exception <a 'java/lang/NoSuchMethodError'{0x00000000eb21cb48}: 'int java.lang.invoke.DirectMethodHandle$Holder.invokeStaticInit(java.lang.Object, java.lang.Object, java.lang.Object)'> (0x00000000eb21cb48) 
thrown [s\src\hotspot\share\interpreter\linkResolver.cpp, line 759]
Event: 2.629 Thread 0x0000022806700af0 Exception <a 'java/lang/IncompatibleClassChangeError'{0x00000000ead4dea0}: Found class java.lang.Object, but interface was expected> (0x00000000ead4dea0) 
thrown [s\src\hotspot\share\interpreter\linkResolver.cpp, line 826]
Event: 2.633 Thread 0x0000022806700af0 Exception <a 'java/lang/NoSuchMethodError'{0x00000000ead634e8}: 'java.lang.Object java.lang.invoke.DirectMethodHandle$Holder.invokeSpecial(java.lang.Object, java.lang.Object, java.lang.Object, int, java.lang.Object, java.lang.Object)'> (0x00000000ead634e8) 
thrown [s\src\hotspot\share\interpreter\linkResolver.cpp, line 759]
Event: 2.633 Thread 0x0000022806700af0 Exception <a 'java/lang/NoSuchMethodError'{0x00000000ead6bf20}: 'java.lang.Object java.lang.invoke.DirectMethodHandle$Holder.newInvokeSpecial(java.lang.Object, java.lang.Object, java.lang.Object, int, java.lang.Object)'> (0x00000000ead6bf20) 
thrown [s\src\hotspot\share\interpreter\linkResolver.cpp, line 759]
Event: 2.633 Thread 0x0000022806700af0 Exception <a 'java/lang/NoSuchMethodError'{0x00000000ead70378}: 'java.lang.Object java.lang.invoke.DirectMethodHandle$Holder.invokeSpecial(java.lang.Object, java.lang.Object, java.lang.Object, java.lang.Object, int, java.lang.Object)'> (0x00000000ead70378) 
thrown [s\src\hotspot\share\interpreter\linkResolver.cpp, line 759]
Event: 2.634 Thread 0x0000022806aa83e0 Exception <a 'java/lang/NoSuchMethodError'{0x00000000eadad008}: 'java.lang.Object java.lang.invoke.DirectMethodHandle$Holder.invokeSpecial(java.lang.Object, java.lang.Object, int, java.lang.Object, java.lang.Object)'> (0x00000000eadad008) 
thrown [s\src\hotspot\share\interpreter\linkResolver.cpp, line 759]
Event: 2.635 Thread 0x0000022806aa83e0 Exception <a 'java/lang/NoSuchMethodError'{0x00000000eadb46d8}: 'java.lang.Object java.lang.invoke.DirectMethodHandle$Holder.newInvokeSpecial(java.lang.Object, java.lang.Object, int, java.lang.Object)'> (0x00000000eadb46d8) 
thrown [s\src\hotspot\share\interpreter\linkResolver.cpp, line 759]
Event: 2.635 Thread 0x0000022806aa83e0 Exception <a 'java/lang/NoSuchMethodError'{0x00000000eadb81e8}: 'java.lang.Object java.lang.invoke.DirectMethodHandle$Holder.invokeSpecial(java.lang.Object, java.lang.Object, java.lang.Object, int, java.lang.Object)'> (0x00000000eadb81e8) 
thrown [s\src\hotspot\share\interpreter\linkResolver.cpp, line 759]

VM Operations (20 events):
Event: 1.926 Executing VM operation: ParallelGCFailedAllocation
Event: 1.931 Executing VM operation: ParallelGCFailedAllocation done
Event: 2.248 Executing VM operation: HandshakeAllThreads
Event: 2.248 Executing VM operation: HandshakeAllThreads done
Event: 2.361 Executing VM operation: HandshakeAllThreads
Event: 2.361 Executing VM operation: HandshakeAllThreads done
Event: 2.432 Executing VM operation: ParallelGCFailedAllocation
Event: 2.437 Executing VM operation: ParallelGCFailedAllocation done
Event: 2.572 Executing VM operation: CollectForMetadataAllocation
Event: 2.599 Executing VM operation: CollectForMetadataAllocation done
Event: 2.602 Executing VM operation: HandshakeAllThreads
Event: 2.602 Executing VM operation: HandshakeAllThreads done
Event: 2.618 Executing VM operation: HandshakeAllThreads
Event: 2.618 Executing VM operation: HandshakeAllThreads done
Event: 2.647 Executing VM operation: HandshakeAllThreads
Event: 2.647 Executing VM operation: HandshakeAllThreads done
Event: 2.814 Executing VM operation: ParallelGCFailedAllocation
Event: 2.815 Executing VM operation: ParallelGCFailedAllocation done
Event: 2.998 Executing VM operation: ParallelGCFailedAllocation
Event: 3.000 Executing VM operation: ParallelGCFailedAllocation done

Events (20 events):
Event: 2.685 loading class java/util/zip/GZIPInputStream done
Event: 2.688 loading class java/net/SocketTimeoutException
Event: 2.689 loading class java/io/InterruptedIOException
Event: 2.689 loading class java/io/InterruptedIOException done
Event: 2.689 loading class java/net/SocketTimeoutException done
Event: 2.689 loading class java/net/SocketException
Event: 2.689 loading class java/net/SocketException done
Event: 2.689 loading class java/net/UnknownHostException
Event: 2.689 loading class java/net/UnknownHostException done
Event: 2.689 loading class java/net/ProtocolException
Event: 2.689 loading class java/net/ProtocolException done
Event: 2.703 loading class java/lang/ThreadLocal$SuppliedThreadLocal
Event: 2.704 loading class java/lang/ThreadLocal$SuppliedThreadLocal done
Event: 2.708 loading class java/io/FileWriter
Event: 2.708 loading class java/io/FileWriter done
Event: 2.710 loading class java/lang/NegativeArraySizeException
Event: 2.710 loading class java/lang/NegativeArraySizeException done
Event: 3.017 loading class org/w3c/dom/DOMException
Event: 3.017 loading class org/w3c/dom/DOMException done
Event: 3.051 Thread 0x0000022806dbe940 Thread added: 0x0000022806dbe940


Dynamic libraries:
0x00007ff7a3fc0000 - 0x00007ff7a3fce000 	c:\Users\REMEDIOS CONTRERAS\.vscode\extensions\redhat.java-1.31.0-win32-x64\jre\17.0.11-win32-x86_64\bin\java.exe
0x00007ff97a6b0000 - 0x00007ff97a8c7000 	C:\WINDOWS\SYSTEM32\ntdll.dll
0x00007ff9798f0000 - 0x00007ff9799b4000 	C:\WINDOWS\System32\KERNEL32.DLL
0x00007ff977f00000 - 0x00007ff9782ac000 	C:\WINDOWS\System32\KERNELBASE.dll
0x00007ff977ba0000 - 0x00007ff977cb1000 	C:\WINDOWS\System32\ucrtbase.dll
0x00007ff964ea0000 - 0x00007ff964eb7000 	c:\Users\REMEDIOS CONTRERAS\.vscode\extensions\redhat.java-1.31.0-win32-x64\jre\17.0.11-win32-x86_64\bin\jli.dll
0x00007ff964bd0000 - 0x00007ff964beb000 	c:\Users\REMEDIOS CONTRERAS\.vscode\extensions\redhat.java-1.31.0-win32-x64\jre\17.0.11-win32-x86_64\bin\VCRUNTIME140.dll
0x00007ff9783f0000 - 0x00007ff97859e000 	C:\WINDOWS\System32\USER32.dll
0x00007ff9657a0000 - 0x00007ff965a33000 	C:\WINDOWS\WinSxS\amd64_microsoft.windows.common-controls_6595b64144ccf1df_6.0.22621.3672_none_2713b9d173822955\COMCTL32.dll
0x00007ff977b70000 - 0x00007ff977b96000 	C:\WINDOWS\System32\win32u.dll
0x00007ff978b20000 - 0x00007ff978bc7000 	C:\WINDOWS\System32\msvcrt.dll
0x00007ff978bd0000 - 0x00007ff978bf9000 	C:\WINDOWS\System32\GDI32.dll
0x00007ff977a50000 - 0x00007ff977b69000 	C:\WINDOWS\System32\gdi32full.dll
0x00007ff977cc0000 - 0x00007ff977d5a000 	C:\WINDOWS\System32\msvcp_win.dll
0x00007ff979f80000 - 0x00007ff979fb1000 	C:\WINDOWS\System32\IMM32.DLL
0x00007ff970840000 - 0x00007ff97084c000 	c:\Users\REMEDIOS CONTRERAS\.vscode\extensions\redhat.java-1.31.0-win32-x64\jre\17.0.11-win32-x86_64\bin\vcruntime140_1.dll
0x00007ff964780000 - 0x00007ff96480d000 	c:\Users\REMEDIOS CONTRERAS\.vscode\extensions\redhat.java-1.31.0-win32-x64\jre\17.0.11-win32-x86_64\bin\msvcp140.dll
0x00007ff90cc50000 - 0x00007ff90d8b2000 	c:\Users\REMEDIOS CONTRERAS\.vscode\extensions\redhat.java-1.31.0-win32-x64\jre\17.0.11-win32-x86_64\bin\server\jvm.dll
0x00007ff9799c0000 - 0x00007ff979a72000 	C:\WINDOWS\System32\ADVAPI32.dll
0x00007ff979670000 - 0x00007ff97971a000 	C:\WINDOWS\System32\sechost.dll
0x00007ff977d60000 - 0x00007ff977d88000 	C:\WINDOWS\System32\bcrypt.dll
0x00007ff97a020000 - 0x00007ff97a135000 	C:\WINDOWS\System32\RPCRT4.dll
0x00007ff9778a0000 - 0x00007ff9778ed000 	C:\WINDOWS\SYSTEM32\POWRPROF.dll
0x00007ff9725a0000 - 0x00007ff9725a9000 	C:\WINDOWS\SYSTEM32\WSOCK32.dll
0x00007ff972c60000 - 0x00007ff972c94000 	C:\WINDOWS\SYSTEM32\WINMM.dll
0x00007ff9785a0000 - 0x00007ff978611000 	C:\WINDOWS\System32\WS2_32.dll
0x00007ff9728b0000 - 0x00007ff9728ba000 	C:\WINDOWS\SYSTEM32\VERSION.dll
0x00007ff977880000 - 0x00007ff977893000 	C:\WINDOWS\SYSTEM32\UMPDC.dll
0x00007ff976a10000 - 0x00007ff976a28000 	C:\WINDOWS\SYSTEM32\kernel.appcore.dll
0x00007ff9705b0000 - 0x00007ff9705ba000 	c:\Users\REMEDIOS CONTRERAS\.vscode\extensions\redhat.java-1.31.0-win32-x64\jre\17.0.11-win32-x86_64\bin\jimage.dll
0x00007ff9643e0000 - 0x00007ff964612000 	C:\WINDOWS\SYSTEM32\DBGHELP.DLL
0x00007ff979a80000 - 0x00007ff979e08000 	C:\WINDOWS\System32\combase.dll
0x00007ff979720000 - 0x00007ff9797f7000 	C:\WINDOWS\System32\OLEAUT32.dll
0x00007ff95ed50000 - 0x00007ff95ed82000 	C:\WINDOWS\SYSTEM32\dbgcore.DLL
0x00007ff9782b0000 - 0x00007ff97832b000 	C:\WINDOWS\System32\bcryptPrimitives.dll
0x00007ff970290000 - 0x00007ff97029e000 	c:\Users\REMEDIOS CONTRERAS\.vscode\extensions\redhat.java-1.31.0-win32-x64\jre\17.0.11-win32-x86_64\bin\instrument.dll
0x00007ff950720000 - 0x00007ff950745000 	c:\Users\REMEDIOS CONTRERAS\.vscode\extensions\redhat.java-1.31.0-win32-x64\jre\17.0.11-win32-x86_64\bin\java.dll
0x00007ff964760000 - 0x00007ff964778000 	c:\Users\REMEDIOS CONTRERAS\.vscode\extensions\redhat.java-1.31.0-win32-x64\jre\17.0.11-win32-x86_64\bin\zip.dll
0x00007ff978c00000 - 0x00007ff97945c000 	C:\WINDOWS\System32\SHELL32.dll
0x00007ff975930000 - 0x00007ff976227000 	C:\WINDOWS\SYSTEM32\windows.storage.dll
0x00007ff9757f0000 - 0x00007ff97592f000 	C:\WINDOWS\SYSTEM32\wintypes.dll
0x00007ff979480000 - 0x00007ff979574000 	C:\WINDOWS\System32\SHCORE.dll
0x00007ff978ac0000 - 0x00007ff978b1e000 	C:\WINDOWS\System32\shlwapi.dll
0x00007ff977910000 - 0x00007ff977931000 	C:\WINDOWS\SYSTEM32\profapi.dll
0x00007ff94b6a0000 - 0x00007ff94b6b9000 	C:\Users\REMEDIOS CONTRERAS\.vscode\extensions\redhat.java-1.31.0-win32-x64\jre\17.0.11-win32-x86_64\bin\net.dll
0x00007ff972ca0000 - 0x00007ff972dd6000 	C:\WINDOWS\SYSTEM32\WINHTTP.dll
0x00007ff976e80000 - 0x00007ff976ee9000 	C:\WINDOWS\system32\mswsock.dll
0x00007ff94b680000 - 0x00007ff94b696000 	C:\Users\REMEDIOS CONTRERAS\.vscode\extensions\redhat.java-1.31.0-win32-x64\jre\17.0.11-win32-x86_64\bin\nio.dll
0x00007ff96fcd0000 - 0x00007ff96fce0000 	c:\Users\REMEDIOS CONTRERAS\.vscode\extensions\redhat.java-1.31.0-win32-x64\jre\17.0.11-win32-x86_64\bin\verify.dll
0x00007ff94b630000 - 0x00007ff94b674000 	C:\Users\REMEDIOS CONTRERAS\AppData\Roaming\Code\User\globalStorage\redhat.java\1.31.0\config_ss_win\org.eclipse.equinox.launcher\org.eclipse.equinox.launcher.win32.win32.x86_64_1.2.1000.v20240507-1834\eclipse_11902.dll
0x00007ff97a3c0000 - 0x00007ff97a565000 	C:\WINDOWS\System32\ole32.dll

dbghelp: loaded successfully - version: 4.0.5 - missing functions: none
symbol engine: initialized successfully - sym options: 0x614 - pdb path: .;c:\Users\REMEDIOS CONTRERAS\.vscode\extensions\redhat.java-1.31.0-win32-x64\jre\17.0.11-win32-x86_64\bin;C:\WINDOWS\SYSTEM32;C:\WINDOWS\WinSxS\amd64_microsoft.windows.common-controls_6595b64144ccf1df_6.0.22621.3672_none_2713b9d173822955;c:\Users\REMEDIOS CONTRERAS\.vscode\extensions\redhat.java-1.31.0-win32-x64\jre\17.0.11-win32-x86_64\bin\server;C:\Users\REMEDIOS CONTRERAS\AppData\Roaming\Code\User\globalStorage\redhat.java\1.31.0\config_ss_win\org.eclipse.equinox.launcher\org.eclipse.equinox.launcher.win32.win32.x86_64_1.2.1000.v20240507-1834

VM Arguments:
jvm_args: --add-modules=ALL-SYSTEM --add-opens=java.base/java.util=ALL-UNNAMED --add-opens=java.base/java.lang=ALL-UNNAMED --add-opens=java.base/sun.nio.fs=ALL-UNNAMED -Declipse.application=org.eclipse.jdt.ls.core.id1 -Dosgi.bundles.defaultStartLevel=4 -Declipse.product=org.eclipse.jdt.ls.core.product -Djava.import.generatesMetadataFilesAtProjectRoot=false -DDetectVMInstallationsJob.disabled=true -Dfile.encoding=utf8 -XX:+UseParallelGC -XX:GCTimeRatio=4 -XX:AdaptiveSizePolicyWeight=90 -Dsun.zip.disableMemoryMapping=true -Xmx1G -Xms100m -Xlog:disable -javaagent:c:\Users\REMEDIOS CONTRERAS\.vscode\extensions\redhat.java-1.31.0-win32-x64\lombok\lombok-1.18.32.jar 
java_command: c:\Users\REMEDIOS CONTRERAS\.vscode\extensions\redhat.java-1.31.0-win32-x64\server\plugins\org.eclipse.equinox.launcher_1.6.800.v20240513-1750.jar -configuration c:\Users\REMEDIOS CONTRERAS\AppData\Roaming\Code\User\globalStorage\redhat.java\1.31.0\config_ss_win -data c:\Users\REMEDIOS CONTRERAS\AppData\Roaming\Code\User\workspaceStorage\072d14fccc246888f7abbe56b5e09719\redhat.java\ss_ws --pipe=\\.\pipe\lsp-96950e86d7ab5d6fd5e8476871e6b40e-sock
java_class_path (initial): c:\Users\REMEDIOS CONTRERAS\.vscode\extensions\redhat.java-1.31.0-win32-x64\server\plugins\org.eclipse.equinox.launcher_1.6.800.v20240513-1750.jar
Launcher Type: SUN_STANDARD

[Global flags]
    uintx AdaptiveSizePolicyWeight                 = 90                                        {product} {command line}
     intx CICompilerCount                          = 4                                         {product} {ergonomic}
    uintx GCTimeRatio                              = 4                                         {product} {command line}
   size_t InitialHeapSize                          = 104857600                                 {product} {command line}
   size_t MaxHeapSize                              = 1073741824                                {product} {command line}
   size_t MaxNewSize                               = 357564416                                 {product} {ergonomic}
   size_t MinHeapDeltaBytes                        = 524288                                    {product} {ergonomic}
   size_t MinHeapSize                              = 104857600                                 {product} {command line}
   size_t NewSize                                  = 34603008                                  {product} {ergonomic}
    uintx NonNMethodCodeHeapSize                   = 5839372                                {pd product} {ergonomic}
    uintx NonProfiledCodeHeapSize                  = 122909434                              {pd product} {ergonomic}
   size_t OldSize                                  = 70254592                                  {product} {ergonomic}
    uintx ProfiledCodeHeapSize                     = 122909434                              {pd product} {ergonomic}
    uintx ReservedCodeCacheSize                    = 251658240                              {pd product} {ergonomic}
     bool SegmentedCodeCache                       = true                                      {product} {ergonomic}
   size_t SoftMaxHeapSize                          = 1073741824                             {manageable} {ergonomic}
     bool UseCompressedClassPointers               = true                           {product lp64_product} {ergonomic}
     bool UseCompressedOops                        = true                           {product lp64_product} {ergonomic}
     bool UseLargePagesIndividualAllocation        = false                                  {pd product} {ergonomic}
     bool UseParallelGC                            = true                                      {product} {command line}

Logging:
Log output configuration:
 #0: stdout all=off uptime,level,tags
 #1: stderr all=off uptime,level,tags

Environment Variables:
PATH=C:\Program Files\Common Files\Oracle\Java\javapath;C:\WINDOWS\system32;C:\WINDOWS;C:\WINDOWS\System32\Wbem;C:\WINDOWS\System32\WindowsPowerShell\v1.0\;C:\WINDOWS\System32\OpenSSH\;C:\Program Files\dotnet\;C:\Program Files\Git\cmd;C:\Program Files\nodejs\;C:\Program Files\MySQL\MySQL Shell 8.0\bin\;C:\Users\REMEDIOS CONTRERAS\AppData\Local\Microsoft\WindowsApps;C:\Users\REMEDIOS CONTRERAS\AppData\Local\GitHubDesktop\bin;C:\Users\REMEDIOS CONTRERAS\AppData\Local\Programs\Microsoft VS Code\bin;C:\Users\REMEDIOS CONTRERAS\AppData\Roaming\npm
USERNAME=REMEDIOS CONTRERAS
OS=Windows_NT
PROCESSOR_IDENTIFIER=Intel64 Family 6 Model 142 Stepping 12, GenuineIntel
TMP=C:\Users\REMEDI~1\AppData\Local\Temp
TEMP=C:\Users\REMEDI~1\AppData\Local\Temp



Periodic native trim disabled


---------------  S Y S T E M  ---------------

OS:
 Windows 11 , 64 bit Build 22621 (10.0.22621.3672)
OS uptime: 1 days 4:04 hours

CPU: total 8 (initial active 8) (4 cores per cpu, 2 threads per core) family 6 model 142 stepping 12 microcode 0xea, cx8, cmov, fxsr, ht, mmx, 3dnowpref, sse, sse2, sse3, ssse3, sse4.1, sse4.2, popcnt, lzcnt, tsc, tscinvbit, avx, avx2, aes, erms, clmul, bmi1, bmi2, adx, fma, vzeroupper, clflush, clflushopt
Processor Information for all 8 processors :
  Max Mhz: 2112, Current Mhz: 1609, Mhz Limit: 1605

Memory: 4k page, system-wide physical 12121M (2952M free)
TotalPageFile size 12121M (AvailPageFile size 5M)
current process WorkingSet (physical memory assigned to process): 138M, peak: 141M
current process commit charge ("private bytes"): 246M, peak: 249M

vm_info: OpenJDK 64-Bit Server VM (17.0.11+9) for windows-amd64 JRE (17.0.11+9), built on Apr 17 2024 06:07:48 by "admin" with MS VC++ 16.10 / 16.11 (VS2019)

END.
