#
# There is insufficient memory for the Java Runtime Environment to continue.
# Native memory allocation (malloc) failed to allocate 300096 bytes. Error detail: Chunk::new
# Possible reasons:
#   The system is out of physical RAM or swap space
#   This process is running with CompressedOops enabled, and the Java Heap may be blocking the growth of the native heap
# Possible solutions:
#   Reduce memory load on the system
#   Increase physical memory or swap space
#   Check if swap backing store is full
#   Decrease Java heap size (-Xmx/-Xms)
#   Decrease number of Java threads
#   Decrease Java thread stack sizes (-Xss)
#   Set larger code cache with -XX:ReservedCodeCacheSize=
#   JVM is running with Unscaled Compressed Oops mode in which the Java heap is
#     placed in the first 4GB address space. The Java Heap base address is the
#     maximum limit for the native heap growth. Please use -XX:HeapBaseMinAddress
#     to set the Java Heap base and to place the Java Heap above 4GB virtual address.
# This output file may be truncated or incomplete.
#
#  Out of Memory Error (arena.cpp:191), pid=17092, tid=12604
#
# JRE version: OpenJDK Runtime Environment Temurin-17.0.11+9 (17.0.11+9) (build 17.0.11+9)
# Java VM: OpenJDK 64-Bit Server VM Temurin-17.0.11+9 (17.0.11+9, mixed mode, tiered, compressed oops, compressed class ptrs, parallel gc, windows-amd64)
# No core dump will be written. Minidumps are not enabled by default on client versions of Windows
#

---------------  S U M M A R Y ------------

Command Line: --add-modules=ALL-SYSTEM --add-opens=java.base/java.util=ALL-UNNAMED --add-opens=java.base/java.lang=ALL-UNNAMED --add-opens=java.base/sun.nio.fs=ALL-UNNAMED -Declipse.application=org.eclipse.jdt.ls.core.id1 -Dosgi.bundles.defaultStartLevel=4 -Declipse.product=org.eclipse.jdt.ls.core.product -Djava.import.generatesMetadataFilesAtProjectRoot=false -DDetectVMInstallationsJob.disabled=true -Dfile.encoding=utf8 -XX:+UseParallelGC -XX:GCTimeRatio=4 -XX:AdaptiveSizePolicyWeight=90 -Dsun.zip.disableMemoryMapping=true -Xmx1G -Xms100m -Xlog:disable -javaagent:c:\Users\REMEDIOS CONTRERAS\.vscode\extensions\redhat.java-1.31.0-win32-x64\lombok\lombok-1.18.32.jar -XX:+HeapDumpOnOutOfMemoryError -XX:HeapDumpPath=c:\Users\REMEDIOS CONTRERAS\AppData\Roaming\Code\User\workspaceStorage\072d14fccc246888f7abbe56b5e09719\redhat.java -Daether.dependencyCollector.impl=bf c:\Users\REMEDIOS CONTRERAS\.vscode\extensions\redhat.java-1.31.0-win32-x64\server\plugins\org.eclipse.equinox.launcher_1.6.800.v20240513-1750.jar -configuration c:\Users\REMEDIOS CONTRERAS\AppData\Roaming\Code\User\globalStorage\redhat.java\1.31.0\config_win -data c:\Users\REMEDIOS CONTRERAS\AppData\Roaming\Code\User\workspaceStorage\072d14fccc246888f7abbe56b5e09719\redhat.java\jdt_ws --pipe=\\.\pipe\lsp-c93345f997dda60bd199da84e91b6011-sock

Host: Intel(R) Core(TM) i5-10210U CPU @ 1.60GHz, 8 cores, 11G,  Windows 11 , 64 bit Build 22621 (10.0.22621.3672)
Time: Sun Jun 23 18:59:47 2024 Hora estándar central (México) elapsed time: 0.788748 seconds (0d 0h 0m 0s)

---------------  T H R E A D  ---------------

Current thread (0x0000022a7e8f8cf0):  JavaThread "C2 CompilerThread0" daemon [_thread_in_native, id=12604, stack(0x000000df85400000,0x000000df85500000)]


Current CompileTask:
C2:    788  512       4       lombok.patcher.scripts.MethodLevelPatchScript::patch (21 bytes)

Stack: [0x000000df85400000,0x000000df85500000]
Native frames: (J=compiled Java code, j=interpreted, Vv=VM code, C=native code)
V  [jvm.dll+0x67d429]
V  [jvm.dll+0x834b7a]
V  [jvm.dll+0x83663e]
V  [jvm.dll+0x836ca3]
V  [jvm.dll+0x247dbf]
V  [jvm.dll+0xac534]
V  [jvm.dll+0xacb7c]
V  [jvm.dll+0x2af2cf]
V  [jvm.dll+0x5848b7]
V  [jvm.dll+0x222d82]
V  [jvm.dll+0x22317f]
V  [jvm.dll+0x21c2a0]
V  [jvm.dll+0x2197a1]
V  [jvm.dll+0x1a534d]
V  [jvm.dll+0x2295cd]
V  [jvm.dll+0x22779c]
V  [jvm.dll+0x7e9d07]
V  [jvm.dll+0x7e410a]
V  [jvm.dll+0x67c315]
C  [ucrtbase.dll+0x29333]
C  [KERNEL32.DLL+0x1257d]
C  [ntdll.dll+0x5af28]


---------------  P R O C E S S  ---------------

Threads class SMR info:
_java_thread_list=0x0000022a7ec440c0, length=14, elements={
0x0000022a7497e3e0, 0x0000022a79804020, 0x0000022a74a29f30, 0x0000022a7980b280,
0x0000022a7980dc50, 0x0000022a7980e610, 0x0000022a7e8f8000, 0x0000022a7e8f8cf0,
0x0000022a7e955500, 0x0000022a7e9731c0, 0x0000022a749dfc00, 0x0000022a7ebc92e0,
0x0000022a0f011070, 0x0000022a7ec89770
}

Java Threads: ( => current thread )
  0x0000022a7497e3e0 JavaThread "main" [_thread_in_Java, id=17452, stack(0x000000df84b00000,0x000000df84c00000)]
  0x0000022a79804020 JavaThread "Reference Handler" daemon [_thread_blocked, id=3944, stack(0x000000df84e00000,0x000000df84f00000)]
  0x0000022a74a29f30 JavaThread "Finalizer" daemon [_thread_blocked, id=6292, stack(0x000000df84f00000,0x000000df85000000)]
  0x0000022a7980b280 JavaThread "Signal Dispatcher" daemon [_thread_blocked, id=16224, stack(0x000000df85000000,0x000000df85100000)]
  0x0000022a7980dc50 JavaThread "Attach Listener" daemon [_thread_blocked, id=8496, stack(0x000000df85100000,0x000000df85200000)]
  0x0000022a7980e610 JavaThread "Service Thread" daemon [_thread_blocked, id=20116, stack(0x000000df85200000,0x000000df85300000)]
  0x0000022a7e8f8000 JavaThread "Monitor Deflation Thread" daemon [_thread_blocked, id=18660, stack(0x000000df85300000,0x000000df85400000)]
=>0x0000022a7e8f8cf0 JavaThread "C2 CompilerThread0" daemon [_thread_in_native, id=12604, stack(0x000000df85400000,0x000000df85500000)]
  0x0000022a7e955500 JavaThread "C1 CompilerThread0" daemon [_thread_blocked, id=20940, stack(0x000000df85500000,0x000000df85600000)]
  0x0000022a7e9731c0 JavaThread "Sweeper thread" daemon [_thread_blocked, id=14576, stack(0x000000df85600000,0x000000df85700000)]
  0x0000022a749dfc00 JavaThread "Common-Cleaner" daemon [_thread_blocked, id=17312, stack(0x000000df85700000,0x000000df85800000)]
  0x0000022a7ebc92e0 JavaThread "C2 CompilerThread1" daemon [_thread_in_native, id=14752, stack(0x000000df85800000,0x000000df85900000)]
  0x0000022a0f011070 JavaThread "Notification Thread" daemon [_thread_blocked, id=18472, stack(0x000000df85900000,0x000000df85a00000)]
  0x0000022a7ec89770 JavaThread "C2 CompilerThread2" daemon [_thread_in_native, id=6344, stack(0x000000df85b00000,0x000000df85c00000)]

Other Threads:
  0x0000022a7e8d14b0 VMThread "VM Thread" [stack: 0x000000df84d00000,0x000000df84e00000] [id=16064]
  0x0000022a7eb78d10 WatcherThread [stack: 0x000000df85a00000,0x000000df85b00000] [id=20856]
  0x0000022a74993240 GCTaskThread "GC Thread#0" [stack: 0x000000df84c00000,0x000000df84d00000] [id=13068]

Threads with active compile tasks:
C2 CompilerThread0      813  512       4       lombok.patcher.scripts.MethodLevelPatchScript::patch (21 bytes)
C2 CompilerThread1      813  533       4       lombok.patcher.PatchScript::classMatches (41 bytes)
C2 CompilerThread2      813  552   !   4       java.lang.String::replace (258 bytes)

VM state: not at safepoint (normal execution)

VM Mutex/Monitor currently owned by a thread: None

Heap address: 0x00000000c0000000, size: 1024 MB, Compressed Oops mode: 32-bit

CDS archive(s) not mapped
Compressed class space mapped at: 0x0000000100000000-0x0000000140000000, reserved size: 1073741824
Narrow klass base: 0x0000000000000000, Narrow klass shift: 3, Narrow klass range: 0x140000000

GC Precious Log:
 CPUs: 8 total, 8 available
 Memory: 12121M
 Large Page Support: Disabled
 NUMA Support: Disabled
 Compressed Oops: Enabled (32-bit)
 Alignments: Space 512K, Generation 512K, Heap 2M
 Heap Min Capacity: 100M
 Heap Initial Capacity: 100M
 Heap Max Capacity: 1G
 Pre-touch: Disabled
 Parallel Workers: 8

Heap:
 PSYoungGen      total 29696K, used 13035K [0x00000000eab00000, 0x00000000ecc00000, 0x0000000100000000)
  eden space 25600K, 50% used [0x00000000eab00000,0x00000000eb7bafb0,0x00000000ec400000)
  from space 4096K, 0% used [0x00000000ec800000,0x00000000ec800000,0x00000000ecc00000)
  to   space 4096K, 0% used [0x00000000ec400000,0x00000000ec400000,0x00000000ec800000)
 ParOldGen       total 68608K, used 0K [0x00000000c0000000, 0x00000000c4300000, 0x00000000eab00000)
  object space 68608K, 0% used [0x00000000c0000000,0x00000000c0000000,0x00000000c4300000)
 Metaspace       used 8705K, committed 8832K, reserved 1114112K
  class space    used 862K, committed 960K, reserved 1048576K

Card table byte_map: [0x0000022a74310000,0x0000022a74520000] _byte_map_base: 0x0000022a73d10000

Marking Bits: (ParMarkBitMap*) 0x00007ff9171ad820
 Begin Bits: [0x0000022a77610000, 0x0000022a78610000)
 End Bits:   [0x0000022a78610000, 0x0000022a79610000)

Polling page: 0x0000022a728f0000

Metaspace:

Usage:
  Non-class:      7.66 MB used.
      Class:    862.34 KB used.
       Both:      8.50 MB used.

Virtual space:
  Non-class space:       64.00 MB reserved,       7.69 MB ( 12%) committed,  1 nodes.
      Class space:        1.00 GB reserved,     960.00 KB ( <1%) committed,  1 nodes.
             Both:        1.06 GB reserved,       8.62 MB ( <1%) committed. 

Chunk freelists:
   Non-Class:  8.00 MB
       Class:  15.09 MB
        Both:  23.09 MB

MaxMetaspaceSize: unlimited
CompressedClassSpaceSize: 1.00 GB
Initial GC threshold: 21.00 MB
Current GC threshold: 21.00 MB
CDS: off
MetaspaceReclaimPolicy: balanced
 - commit_granule_bytes: 65536.
 - commit_granule_words: 8192.
 - virtual_space_node_default_size: 8388608.
 - enlarge_chunks_in_place: 1.
 - new_chunks_are_fully_committed: 0.
 - uncommit_free_chunks: 1.
 - use_allocation_guard: 0.
 - handle_deallocations: 1.


Internal statistics:

num_allocs_failed_limit: 0.
num_arena_births: 10.
num_arena_deaths: 0.
num_vsnodes_births: 2.
num_vsnodes_deaths: 0.
num_space_committed: 138.
num_space_uncommitted: 0.
num_chunks_returned_to_freelist: 0.
num_chunks_taken_from_freelist: 41.
num_chunk_merges: 0.
num_chunk_splits: 23.
num_chunks_enlarged: 22.
num_inconsistent_stats: 0.

CodeHeap 'non-profiled nmethods': size=120000Kb used=198Kb max_used=198Kb free=119801Kb
 bounds [0x0000022a07ad0000, 0x0000022a07d40000, 0x0000022a0f000000]
CodeHeap 'profiled nmethods': size=120000Kb used=801Kb max_used=801Kb free=119198Kb
 bounds [0x0000022a00000000, 0x0000022a00270000, 0x0000022a07530000]
CodeHeap 'non-nmethods': size=5760Kb used=1131Kb max_used=1144Kb free=4629Kb
 bounds [0x0000022a07530000, 0x0000022a077a0000, 0x0000022a07ad0000]
 total_blobs=968 nmethods=549 adapters=334
 compilation: enabled
              stopped_count=0, restarted_count=0
 full_count=0

Compilation events (20 events):
Event: 0.755 Thread 0x0000022a7ec89770 nmethod 528 0x0000022a07afe390 code [0x0000022a07afe500, 0x0000022a07afe6b8]
Event: 0.755 Thread 0x0000022a7e955500  531       3       java.util.regex.Pattern::isSupplementary (21 bytes)
Event: 0.755 Thread 0x0000022a7ec89770  519       4       java.lang.CharacterData::of (136 bytes)
Event: 0.755 Thread 0x0000022a7e955500 nmethod 531 0x0000022a000c3c10 code [0x0000022a000c3dc0, 0x0000022a000c4038]
Event: 0.755 Thread 0x0000022a7e955500  532       3       java.lang.Character::isSurrogate (18 bytes)
Event: 0.756 Thread 0x0000022a7e955500 nmethod 532 0x0000022a000c4110 code [0x0000022a000c42a0, 0x0000022a000c4438]
Event: 0.756 Thread 0x0000022a7ec89770 nmethod 519 0x0000022a07afe810 code [0x0000022a07afe980, 0x0000022a07afe9f8]
Event: 0.756 Thread 0x0000022a7ec89770  520       4       java.lang.CharacterDataLatin1::digit (32 bytes)
Event: 0.757 Thread 0x0000022a7ec89770 nmethod 520 0x0000022a07afeb10 code [0x0000022a07afeca0, 0x0000022a07afed98]
Event: 0.757 Thread 0x0000022a7ec89770  525       4       java.lang.Character::digit (6 bytes)
Event: 0.758 Thread 0x0000022a7ec89770 nmethod 525 0x0000022a07afee90 code [0x0000022a07aff020, 0x0000022a07aff138]
Event: 0.758 Thread 0x0000022a7ec89770  516       4       java.lang.StringLatin1::newString (24 bytes)
Event: 0.759 Thread 0x0000022a7ebc92e0 nmethod 526 0x0000022a07aff290 code [0x0000022a07aff400, 0x0000022a07aff6d8]
Event: 0.761 Thread 0x0000022a7ebc92e0  533       4       lombok.patcher.PatchScript::classMatches (41 bytes)
Event: 0.762 Thread 0x0000022a7ec89770 nmethod 516 0x0000022a07aff810 code [0x0000022a07aff9a0, 0x0000022a07affdd8]
Event: 0.762 Thread 0x0000022a7ec89770  534       4       java.util.Collections$UnmodifiableCollection::iterator (9 bytes)
Event: 0.769 Thread 0x0000022a7e955500  535       3       java.lang.Byte::<init> (10 bytes)
Event: 0.769 Thread 0x0000022a7e955500 nmethod 535 0x0000022a000c4510 code [0x0000022a000c46c0, 0x0000022a000c4898]
Event: 0.772 Thread 0x0000022a7e955500  536       3       java.util.jar.Manifest$FastInputStream::readLine (296 bytes)
Event: 0.773 Thread 0x0000022a7e955500 nmethod 536 0x0000022a000c4990 code [0x0000022a000c4bc0, 0x0000022a000c54c8]

GC Heap History (0 events):
No events

Dll operation events (8 events):
Event: 0.040 Loaded shared library c:\Users\REMEDIOS CONTRERAS\.vscode\extensions\redhat.java-1.31.0-win32-x64\jre\17.0.11-win32-x86_64\bin\java.dll
Event: 0.303 Loaded shared library c:\Users\REMEDIOS CONTRERAS\.vscode\extensions\redhat.java-1.31.0-win32-x64\jre\17.0.11-win32-x86_64\bin\zip.dll
Event: 0.308 Loaded shared library C:\Users\REMEDIOS CONTRERAS\.vscode\extensions\redhat.java-1.31.0-win32-x64\jre\17.0.11-win32-x86_64\bin\instrument.dll
Event: 0.327 Loaded shared library C:\Users\REMEDIOS CONTRERAS\.vscode\extensions\redhat.java-1.31.0-win32-x64\jre\17.0.11-win32-x86_64\bin\net.dll
Event: 0.330 Loaded shared library C:\Users\REMEDIOS CONTRERAS\.vscode\extensions\redhat.java-1.31.0-win32-x64\jre\17.0.11-win32-x86_64\bin\nio.dll
Event: 0.339 Loaded shared library C:\Users\REMEDIOS CONTRERAS\.vscode\extensions\redhat.java-1.31.0-win32-x64\jre\17.0.11-win32-x86_64\bin\zip.dll
Event: 0.367 Loaded shared library C:\Users\REMEDIOS CONTRERAS\.vscode\extensions\redhat.java-1.31.0-win32-x64\jre\17.0.11-win32-x86_64\bin\jimage.dll
Event: 0.474 Loaded shared library c:\Users\REMEDIOS CONTRERAS\.vscode\extensions\redhat.java-1.31.0-win32-x64\jre\17.0.11-win32-x86_64\bin\verify.dll

Deoptimization events (20 events):
Event: 0.715 Thread 0x0000022a7497e3e0 DEOPT PACKING pc=0x0000022a07af99c4 sp=0x000000df84bfc3d0
Event: 0.715 Thread 0x0000022a7497e3e0 DEOPT UNPACKING pc=0x0000022a075866a3 sp=0x000000df84bfc358 mode 2
Event: 0.715 Thread 0x0000022a7497e3e0 Uncommon trap: trap_request=0xffffffde fr.pc=0x0000022a07af99c4 relative=0x0000000000000124
Event: 0.715 Thread 0x0000022a7497e3e0 Uncommon trap: reason=class_check action=maybe_recompile pc=0x0000022a07af99c4 method=jdk.internal.misc.Unsafe.allocateUninitializedArray(Ljava/lang/Class;I)Ljava/lang/Object; @ 51 c2
Event: 0.715 Thread 0x0000022a7497e3e0 DEOPT PACKING pc=0x0000022a07af99c4 sp=0x000000df84bfc3d0
Event: 0.716 Thread 0x0000022a7497e3e0 DEOPT UNPACKING pc=0x0000022a075866a3 sp=0x000000df84bfc358 mode 2
Event: 0.716 Thread 0x0000022a7497e3e0 Uncommon trap: trap_request=0xffffffde fr.pc=0x0000022a07af99c4 relative=0x0000000000000124
Event: 0.716 Thread 0x0000022a7497e3e0 Uncommon trap: reason=class_check action=maybe_recompile pc=0x0000022a07af99c4 method=jdk.internal.misc.Unsafe.allocateUninitializedArray(Ljava/lang/Class;I)Ljava/lang/Object; @ 51 c2
Event: 0.716 Thread 0x0000022a7497e3e0 DEOPT PACKING pc=0x0000022a07af99c4 sp=0x000000df84bfc410
Event: 0.716 Thread 0x0000022a7497e3e0 DEOPT UNPACKING pc=0x0000022a075866a3 sp=0x000000df84bfc398 mode 2
Event: 0.728 Thread 0x0000022a7497e3e0 Uncommon trap: trap_request=0xffffff45 fr.pc=0x0000022a07ae85b4 relative=0x00000000000000b4
Event: 0.728 Thread 0x0000022a7497e3e0 Uncommon trap: reason=unstable_if action=reinterpret pc=0x0000022a07ae85b4 method=java.net.URI.match(CJJ)Z @ 45 c2
Event: 0.728 Thread 0x0000022a7497e3e0 DEOPT PACKING pc=0x0000022a07ae85b4 sp=0x000000df84bfca00
Event: 0.728 Thread 0x0000022a7497e3e0 DEOPT UNPACKING pc=0x0000022a075866a3 sp=0x000000df84bfc988 mode 2
Event: 0.751 Thread 0x0000022a7497e3e0 Uncommon trap: trap_request=0xffffff45 fr.pc=0x0000022a07afca58 relative=0x0000000000000678
Event: 0.751 Thread 0x0000022a7497e3e0 Uncommon trap: reason=unstable_if action=reinterpret pc=0x0000022a07afca58 method=java.lang.String.replace(Ljava/lang/CharSequence;Ljava/lang/CharSequence;)Ljava/lang/String; @ 48 c2
Event: 0.751 Thread 0x0000022a7497e3e0 DEOPT PACKING pc=0x0000022a07afca58 sp=0x000000df84bfc970
Event: 0.751 Thread 0x0000022a7497e3e0 DEOPT UNPACKING pc=0x0000022a075866a3 sp=0x000000df84bfc8f0 mode 2
Event: 0.772 Thread 0x0000022a7497e3e0 DEOPT PACKING pc=0x0000022a00044ad6 sp=0x000000df84bfdf10
Event: 0.772 Thread 0x0000022a7497e3e0 DEOPT UNPACKING pc=0x0000022a07586e43 sp=0x000000df84bfd3b0 mode 0

Classes unloaded (0 events):
No events

Classes redefined (0 events):
No events

Internal exceptions (2 events):
Event: 0.263 Thread 0x0000022a7497e3e0 Exception <a 'java/lang/NoSuchMethodError'{0x00000000eacb4fc8}: 'void java.lang.invoke.DirectMethodHandle$Holder.invokeStatic(java.lang.Object, java.lang.Object, java.lang.Object)'> (0x00000000eacb4fc8) 
thrown [s\src\hotspot\share\interpreter\linkResolver.cpp, line 759]
Event: 0.527 Thread 0x0000022a7497e3e0 Exception <a 'java/lang/reflect/InvocationTargetException'{0x00000000eaff9d50}> (0x00000000eaff9d50) 
thrown [s\src\hotspot\share\runtime\reflection.cpp, line 1121]

VM Operations (4 events):
Event: 0.271 Executing VM operation: HandshakeAllThreads
Event: 0.271 Executing VM operation: HandshakeAllThreads done
Event: 0.395 Executing VM operation: HandshakeAllThreads
Event: 0.395 Executing VM operation: HandshakeAllThreads done

Events (20 events):
Event: 0.763 loading class java/time/Duration
Event: 0.763 loading class java/time/temporal/TemporalAmount
Event: 0.764 loading class java/time/temporal/TemporalAmount done
Event: 0.764 loading class java/time/Duration done
Event: 0.764 loading class java/time/temporal/ValueRange
Event: 0.764 loading class java/time/temporal/ValueRange done
Event: 0.764 loading class java/time/LocalTime
Event: 0.765 loading class java/time/LocalTime done
Event: 0.765 loading class java/time/zone/ZoneOffsetTransition
Event: 0.765 loading class java/time/zone/ZoneOffsetTransition done
Event: 0.766 loading class java/util/Collections$SingletonList
Event: 0.766 loading class java/util/Collections$SingletonList done
Event: 0.766 loading class java/time/Instant
Event: 0.766 loading class java/time/Instant done
Event: 0.767 loading class sun/security/pkcs/PKCS9Attributes
Event: 0.768 loading class sun/security/pkcs/PKCS9Attributes done
Event: 0.768 loading class sun/security/pkcs/PKCS9Attribute
Event: 0.769 loading class sun/security/pkcs/PKCS9Attribute done
Event: 0.769 loading class java/lang/Byte$ByteCache
Event: 0.769 loading class java/lang/Byte$ByteCache done


Dynamic libraries:
0x00007ff7a3fc0000 - 0x00007ff7a3fce000 	c:\Users\REMEDIOS CONTRERAS\.vscode\extensions\redhat.java-1.31.0-win32-x64\jre\17.0.11-win32-x86_64\bin\java.exe
0x00007ff97a6b0000 - 0x00007ff97a8c7000 	C:\WINDOWS\SYSTEM32\ntdll.dll
0x00007ff9798f0000 - 0x00007ff9799b4000 	C:\WINDOWS\System32\KERNEL32.DLL
0x00007ff977f00000 - 0x00007ff9782ac000 	C:\WINDOWS\System32\KERNELBASE.dll
0x00007ff977ba0000 - 0x00007ff977cb1000 	C:\WINDOWS\System32\ucrtbase.dll
0x00007ff964ea0000 - 0x00007ff964eb7000 	c:\Users\REMEDIOS CONTRERAS\.vscode\extensions\redhat.java-1.31.0-win32-x64\jre\17.0.11-win32-x86_64\bin\jli.dll
0x00007ff9783f0000 - 0x00007ff97859e000 	C:\WINDOWS\System32\USER32.dll
0x00007ff977b70000 - 0x00007ff977b96000 	C:\WINDOWS\System32\win32u.dll
0x00007ff978bd0000 - 0x00007ff978bf9000 	C:\WINDOWS\System32\GDI32.dll
0x00007ff977a50000 - 0x00007ff977b69000 	C:\WINDOWS\System32\gdi32full.dll
0x00007ff977cc0000 - 0x00007ff977d5a000 	C:\WINDOWS\System32\msvcp_win.dll
0x00007ff964bd0000 - 0x00007ff964beb000 	c:\Users\REMEDIOS CONTRERAS\.vscode\extensions\redhat.java-1.31.0-win32-x64\jre\17.0.11-win32-x86_64\bin\VCRUNTIME140.dll
0x00007ff9657a0000 - 0x00007ff965a33000 	C:\WINDOWS\WinSxS\amd64_microsoft.windows.common-controls_6595b64144ccf1df_6.0.22621.3672_none_2713b9d173822955\COMCTL32.dll
0x00007ff978b20000 - 0x00007ff978bc7000 	C:\WINDOWS\System32\msvcrt.dll
0x00007ff979f80000 - 0x00007ff979fb1000 	C:\WINDOWS\System32\IMM32.DLL
0x00007ff970840000 - 0x00007ff97084c000 	c:\Users\REMEDIOS CONTRERAS\.vscode\extensions\redhat.java-1.31.0-win32-x64\jre\17.0.11-win32-x86_64\bin\vcruntime140_1.dll
0x00007ff948bc0000 - 0x00007ff948c4d000 	c:\Users\REMEDIOS CONTRERAS\.vscode\extensions\redhat.java-1.31.0-win32-x64\jre\17.0.11-win32-x86_64\bin\msvcp140.dll
0x00007ff916610000 - 0x00007ff917272000 	c:\Users\REMEDIOS CONTRERAS\.vscode\extensions\redhat.java-1.31.0-win32-x64\jre\17.0.11-win32-x86_64\bin\server\jvm.dll
0x00007ff9799c0000 - 0x00007ff979a72000 	C:\WINDOWS\System32\ADVAPI32.dll
0x00007ff979670000 - 0x00007ff97971a000 	C:\WINDOWS\System32\sechost.dll
0x00007ff977d60000 - 0x00007ff977d88000 	C:\WINDOWS\System32\bcrypt.dll
0x00007ff97a020000 - 0x00007ff97a135000 	C:\WINDOWS\System32\RPCRT4.dll
0x00007ff9778a0000 - 0x00007ff9778ed000 	C:\WINDOWS\SYSTEM32\POWRPROF.dll
0x00007ff9725a0000 - 0x00007ff9725a9000 	C:\WINDOWS\SYSTEM32\WSOCK32.dll
0x00007ff9785a0000 - 0x00007ff978611000 	C:\WINDOWS\System32\WS2_32.dll
0x00007ff972c60000 - 0x00007ff972c94000 	C:\WINDOWS\SYSTEM32\WINMM.dll
0x00007ff9728b0000 - 0x00007ff9728ba000 	C:\WINDOWS\SYSTEM32\VERSION.dll
0x00007ff977880000 - 0x00007ff977893000 	C:\WINDOWS\SYSTEM32\UMPDC.dll
0x00007ff976a10000 - 0x00007ff976a28000 	C:\WINDOWS\SYSTEM32\kernel.appcore.dll
0x00007ff9705b0000 - 0x00007ff9705ba000 	c:\Users\REMEDIOS CONTRERAS\.vscode\extensions\redhat.java-1.31.0-win32-x64\jre\17.0.11-win32-x86_64\bin\jimage.dll
0x00007ff9643e0000 - 0x00007ff964612000 	C:\WINDOWS\SYSTEM32\DBGHELP.DLL
0x00007ff979a80000 - 0x00007ff979e08000 	C:\WINDOWS\System32\combase.dll
0x00007ff979720000 - 0x00007ff9797f7000 	C:\WINDOWS\System32\OLEAUT32.dll
0x00007ff95ed50000 - 0x00007ff95ed82000 	C:\WINDOWS\SYSTEM32\dbgcore.DLL
0x00007ff9782b0000 - 0x00007ff97832b000 	C:\WINDOWS\System32\bcryptPrimitives.dll
0x00007ff970290000 - 0x00007ff97029e000 	c:\Users\REMEDIOS CONTRERAS\.vscode\extensions\redhat.java-1.31.0-win32-x64\jre\17.0.11-win32-x86_64\bin\instrument.dll
0x00007ff964760000 - 0x00007ff964785000 	c:\Users\REMEDIOS CONTRERAS\.vscode\extensions\redhat.java-1.31.0-win32-x64\jre\17.0.11-win32-x86_64\bin\java.dll
0x00007ff950730000 - 0x00007ff950748000 	c:\Users\REMEDIOS CONTRERAS\.vscode\extensions\redhat.java-1.31.0-win32-x64\jre\17.0.11-win32-x86_64\bin\zip.dll
0x00007ff978c00000 - 0x00007ff97945c000 	C:\WINDOWS\System32\SHELL32.dll
0x00007ff975930000 - 0x00007ff976227000 	C:\WINDOWS\SYSTEM32\windows.storage.dll
0x00007ff9757f0000 - 0x00007ff97592f000 	C:\WINDOWS\SYSTEM32\wintypes.dll
0x00007ff979480000 - 0x00007ff979574000 	C:\WINDOWS\System32\SHCORE.dll
0x00007ff978ac0000 - 0x00007ff978b1e000 	C:\WINDOWS\System32\shlwapi.dll
0x00007ff977910000 - 0x00007ff977931000 	C:\WINDOWS\SYSTEM32\profapi.dll
0x00007ff94ebb0000 - 0x00007ff94ebc9000 	C:\Users\REMEDIOS CONTRERAS\.vscode\extensions\redhat.java-1.31.0-win32-x64\jre\17.0.11-win32-x86_64\bin\net.dll
0x00007ff972ca0000 - 0x00007ff972dd6000 	C:\WINDOWS\SYSTEM32\WINHTTP.dll
0x00007ff976e80000 - 0x00007ff976ee9000 	C:\WINDOWS\system32\mswsock.dll
0x00007ff94b610000 - 0x00007ff94b626000 	C:\Users\REMEDIOS CONTRERAS\.vscode\extensions\redhat.java-1.31.0-win32-x64\jre\17.0.11-win32-x86_64\bin\nio.dll
0x00007ff96fcd0000 - 0x00007ff96fce0000 	c:\Users\REMEDIOS CONTRERAS\.vscode\extensions\redhat.java-1.31.0-win32-x64\jre\17.0.11-win32-x86_64\bin\verify.dll

dbghelp: loaded successfully - version: 4.0.5 - missing functions: none
symbol engine: initialized successfully - sym options: 0x614 - pdb path: .;c:\Users\REMEDIOS CONTRERAS\.vscode\extensions\redhat.java-1.31.0-win32-x64\jre\17.0.11-win32-x86_64\bin;C:\WINDOWS\SYSTEM32;C:\WINDOWS\WinSxS\amd64_microsoft.windows.common-controls_6595b64144ccf1df_6.0.22621.3672_none_2713b9d173822955;c:\Users\REMEDIOS CONTRERAS\.vscode\extensions\redhat.java-1.31.0-win32-x64\jre\17.0.11-win32-x86_64\bin\server

VM Arguments:
jvm_args: --add-modules=ALL-SYSTEM --add-opens=java.base/java.util=ALL-UNNAMED --add-opens=java.base/java.lang=ALL-UNNAMED --add-opens=java.base/sun.nio.fs=ALL-UNNAMED -Declipse.application=org.eclipse.jdt.ls.core.id1 -Dosgi.bundles.defaultStartLevel=4 -Declipse.product=org.eclipse.jdt.ls.core.product -Djava.import.generatesMetadataFilesAtProjectRoot=false -DDetectVMInstallationsJob.disabled=true -Dfile.encoding=utf8 -XX:+UseParallelGC -XX:GCTimeRatio=4 -XX:AdaptiveSizePolicyWeight=90 -Dsun.zip.disableMemoryMapping=true -Xmx1G -Xms100m -Xlog:disable -javaagent:c:\Users\REMEDIOS CONTRERAS\.vscode\extensions\redhat.java-1.31.0-win32-x64\lombok\lombok-1.18.32.jar -XX:+HeapDumpOnOutOfMemoryError -XX:HeapDumpPath=c:\Users\REMEDIOS CONTRERAS\AppData\Roaming\Code\User\workspaceStorage\072d14fccc246888f7abbe56b5e09719\redhat.java -Daether.dependencyCollector.impl=bf 
java_command: c:\Users\REMEDIOS CONTRERAS\.vscode\extensions\redhat.java-1.31.0-win32-x64\server\plugins\org.eclipse.equinox.launcher_1.6.800.v20240513-1750.jar -configuration c:\Users\REMEDIOS CONTRERAS\AppData\Roaming\Code\User\globalStorage\redhat.java\1.31.0\config_win -data c:\Users\REMEDIOS CONTRERAS\AppData\Roaming\Code\User\workspaceStorage\072d14fccc246888f7abbe56b5e09719\redhat.java\jdt_ws --pipe=\\.\pipe\lsp-c93345f997dda60bd199da84e91b6011-sock
java_class_path (initial): c:\Users\REMEDIOS CONTRERAS\.vscode\extensions\redhat.java-1.31.0-win32-x64\server\plugins\org.eclipse.equinox.launcher_1.6.800.v20240513-1750.jar
Launcher Type: SUN_STANDARD

[Global flags]
    uintx AdaptiveSizePolicyWeight                 = 90                                        {product} {command line}
     intx CICompilerCount                          = 4                                         {product} {ergonomic}
    uintx GCTimeRatio                              = 4                                         {product} {command line}
     bool HeapDumpOnOutOfMemoryError               = true                                   {manageable} {command line}
    ccstr HeapDumpPath                             = c:\Users\REMEDIOS CONTRERAS\AppData\Roaming\Code\User\workspaceStorage\072d14fccc246888f7abbe56b5e09719\redhat.java         {manageable} {command line}
   size_t InitialHeapSize                          = 104857600                                 {product} {command line}
   size_t MaxHeapSize                              = 1073741824                                {product} {command line}
   size_t MaxNewSize                               = 357564416                                 {product} {ergonomic}
   size_t MinHeapDeltaBytes                        = 524288                                    {product} {ergonomic}
   size_t MinHeapSize                              = 104857600                                 {product} {command line}
   size_t NewSize                                  = 34603008                                  {product} {ergonomic}
    uintx NonNMethodCodeHeapSize                   = 5839372                                {pd product} {ergonomic}
    uintx NonProfiledCodeHeapSize                  = 122909434                              {pd product} {ergonomic}
   size_t OldSize                                  = 70254592                                  {product} {ergonomic}
    uintx ProfiledCodeHeapSize                     = 122909434                              {pd product} {ergonomic}
    uintx ReservedCodeCacheSize                    = 251658240                              {pd product} {ergonomic}
     bool SegmentedCodeCache                       = true                                      {product} {ergonomic}
   size_t SoftMaxHeapSize                          = 1073741824                             {manageable} {ergonomic}
     bool UseCompressedClassPointers               = true                           {product lp64_product} {ergonomic}
     bool UseCompressedOops                        = true                           {product lp64_product} {ergonomic}
     bool UseLargePagesIndividualAllocation        = false                                  {pd product} {ergonomic}
     bool UseParallelGC                            = true                                      {product} {command line}

Logging:
Log output configuration:
 #0: stdout all=off uptime,level,tags
 #1: stderr all=off uptime,level,tags

Environment Variables:
PATH=C:\Program Files\Common Files\Oracle\Java\javapath;C:\WINDOWS\system32;C:\WINDOWS;C:\WINDOWS\System32\Wbem;C:\WINDOWS\System32\WindowsPowerShell\v1.0\;C:\WINDOWS\System32\OpenSSH\;C:\Program Files\dotnet\;C:\Program Files\Git\cmd;C:\Program Files\nodejs\;C:\Program Files\MySQL\MySQL Shell 8.0\bin\;C:\Users\REMEDIOS CONTRERAS\AppData\Local\Microsoft\WindowsApps;C:\Users\REMEDIOS CONTRERAS\AppData\Local\GitHubDesktop\bin;C:\Users\REMEDIOS CONTRERAS\AppData\Local\Programs\Microsoft VS Code\bin;C:\Users\REMEDIOS CONTRERAS\AppData\Roaming\npm
USERNAME=REMEDIOS CONTRERAS
OS=Windows_NT
PROCESSOR_IDENTIFIER=Intel64 Family 6 Model 142 Stepping 12, GenuineIntel
TMP=C:\Users\REMEDI~1\AppData\Local\Temp
TEMP=C:\Users\REMEDI~1\AppData\Local\Temp



Periodic native trim disabled


---------------  S Y S T E M  ---------------

OS:
 Windows 11 , 64 bit Build 22621 (10.0.22621.3672)
OS uptime: 1 days 4:06 hours

CPU: total 8 (initial active 8) (4 cores per cpu, 2 threads per core) family 6 model 142 stepping 12 microcode 0xea, cx8, cmov, fxsr, ht, mmx, 3dnowpref, sse, sse2, sse3, ssse3, sse4.1, sse4.2, popcnt, lzcnt, tsc, tscinvbit, avx, avx2, aes, erms, clmul, bmi1, bmi2, adx, fma, vzeroupper, clflush, clflushopt
Processor Information for all 8 processors :
  Max Mhz: 2112, Current Mhz: 1609, Mhz Limit: 1605

Memory: 4k page, system-wide physical 12121M (3067M free)
TotalPageFile size 12121M (AvailPageFile size 2M)
current process WorkingSet (physical memory assigned to process): 57M, peak: 57M
current process commit charge ("private bytes"): 197M, peak: 197M

vm_info: OpenJDK 64-Bit Server VM (17.0.11+9) for windows-amd64 JRE (17.0.11+9), built on Apr 17 2024 06:07:48 by "admin" with MS VC++ 16.10 / 16.11 (VS2019)

END.
