#
# There is insufficient memory for the Java Runtime Environment to continue.
# Native memory allocation (mmap) failed to map 199229440 bytes for G1 virtual space
# Possible reasons:
#   The system is out of physical RAM or swap space
#   The process is running with CompressedOops enabled, and the Java Heap may be blocking the growth of the native heap
# Possible solutions:
#   Reduce memory load on the system
#   Increase physical memory or swap space
#   Check if swap backing store is full
#   Decrease Java heap size (-Xmx/-Xms)
#   Decrease number of Java threads
#   Decrease Java thread stack sizes (-Xss)
#   Set larger code cache with -XX:ReservedCodeCacheSize=
#   JVM is running with Zero Based Compressed Oops mode in which the Java heap is
#     placed in the first 32GB address space. The Java Heap base address is the
#     maximum limit for the native heap growth. Please use -XX:HeapBaseMinAddress
#     to set the Java Heap base and to place the Java Heap above 32GB virtual address.
# This output file may be truncated or incomplete.
#
#  Out of Memory Error (os_windows.cpp:3552), pid=14860, tid=3676
#
# JRE version:  (17.0.9+11) (build )
# Java VM: Java HotSpot(TM) 64-Bit Server VM (17.0.9+11-LTS-201, mixed mode, sharing, tiered, compressed oops, compressed class ptrs, g1 gc, windows-amd64)
# No core dump will be written. Minidumps are not enabled by default on client versions of Windows
#

---------------  S U M M A R Y ------------

Command Line: -XX:+ShowCodeDetailsInExceptionMessages com.rodolfo.DataTest.DataTestApplication

Host: Intel(R) Core(TM) i5-10210U CPU @ 1.60GHz, 8 cores, 11G,  Windows 11 , 64 bit Build 22621 (10.0.22621.3527)
Time: Fri Jun  7 16:59:23 2024 Hora estándar central (México) elapsed time: 0.013371 seconds (0d 0h 0m 0s)

---------------  T H R E A D  ---------------

Current thread (0x000001621d143a60):  JavaThread "Unknown thread" [_thread_in_vm, id=3676, stack(0x0000005b9aa00000,0x0000005b9ab00000)]

Stack: [0x0000005b9aa00000,0x0000005b9ab00000]
Native frames: (J=compiled Java code, j=interpreted, Vv=VM code, C=native code)
V  [jvm.dll+0x678a4a]
V  [jvm.dll+0x7d9cfd]
V  [jvm.dll+0x7db60e]
V  [jvm.dll+0x7dbc73]
V  [jvm.dll+0x245e1f]
V  [jvm.dll+0x6758f9]
V  [jvm.dll+0x66a2a2]
V  [jvm.dll+0x303686]
V  [jvm.dll+0x30ac06]
V  [jvm.dll+0x35a48e]
V  [jvm.dll+0x35a6bf]
V  [jvm.dll+0x2da678]
V  [jvm.dll+0x2db5e4]
V  [jvm.dll+0x7ab6b1]
V  [jvm.dll+0x368041]
V  [jvm.dll+0x78a749]
V  [jvm.dll+0x3ebd4f]
V  [jvm.dll+0x3ed7d1]
C  [jli.dll+0x5297]
C  [ucrtbase.dll+0x29333]
C  [KERNEL32.DLL+0x1257d]
C  [ntdll.dll+0x5aa48]


---------------  P R O C E S S  ---------------

Threads class SMR info:
_java_thread_list=0x00007fff898589d8, length=0, elements={
}

Java Threads: ( => current thread )

Other Threads:
  0x000001621d1a6b40 GCTaskThread "GC Thread#0" [stack: 0x0000005b9ab00000,0x0000005b9ac00000] [id=12860]
  0x000001621d1b4720 ConcurrentGCThread "G1 Main Marker" [stack: 0x0000005b9ac00000,0x0000005b9ad00000] [id=2240]
  0x000001621d1b5030 ConcurrentGCThread "G1 Conc#0" [stack: 0x0000005b9ad00000,0x0000005b9ae00000] [id=20640]

[error occurred during error reporting (printing all threads), id 0xc0000005, EXCEPTION_ACCESS_VIOLATION (0xc0000005) at pc=0x00007fff8908b2d7]

VM state: not at safepoint (not fully initialized)

VM Mutex/Monitor currently owned by a thread:  ([mutex/lock_event])
[0x000001621d13fc40] Heap_lock - owner thread: 0x000001621d143a60

Heap address: 0x0000000742800000, size: 3032 MB, Compressed Oops mode: Zero based, Oop shift amount: 3

CDS archive(s) mapped at: [0x0000000000000000-0x0000000000000000-0x0000000000000000), size 0, SharedBaseAddress: 0x0000000800000000, ArchiveRelocationMode: 1.
Narrow klass base: 0x0000000000000000, Narrow klass shift: 0, Narrow klass range: 0x0

GC Precious Log:
<Empty>

Heap:
 garbage-first heap   total 0K, used 0K [0x0000000742800000, 0x0000000800000000)
  region size 2048K, 0 young (0K), 0 survivors (0K)

[error occurred during error reporting (printing heap information), id 0xc0000005, EXCEPTION_ACCESS_VIOLATION (0xc0000005) at pc=0x00007fff89472229]

GC Heap History (0 events):
No events

Deoptimization events (0 events):
No events

Classes unloaded (0 events):
No events

Classes redefined (0 events):
No events

Internal exceptions (0 events):
No events

VM Operations (0 events):
No events

Events (1 events):
Event: 0.007 Loaded shared library C:\Program Files\Java\jdk-17\bin\java.dll


Dynamic libraries:
0x00007ff6f1cc0000 - 0x00007ff6f1cd0000 	C:\Program Files\Java\jdk-17\bin\java.exe
0x00007ffffe8d0000 - 0x00007ffffeae7000 	C:\WINDOWS\SYSTEM32\ntdll.dll
0x00007ffffcc50000 - 0x00007ffffcd14000 	C:\WINDOWS\System32\KERNEL32.DLL
0x00007ffffc020000 - 0x00007ffffc3c7000 	C:\WINDOWS\System32\KERNELBASE.dll
0x00007ffffbf00000 - 0x00007ffffc011000 	C:\WINDOWS\System32\ucrtbase.dll
0x00007fffd3e30000 - 0x00007fffd3e4b000 	C:\Program Files\Java\jdk-17\bin\VCRUNTIME140.dll
0x00007fffe9160000 - 0x00007fffe9179000 	C:\Program Files\Java\jdk-17\bin\jli.dll
0x00007ffffcb90000 - 0x00007ffffcc42000 	C:\WINDOWS\System32\ADVAPI32.dll
0x00007ffffcfd0000 - 0x00007ffffd077000 	C:\WINDOWS\System32\msvcrt.dll
0x00007ffffc6e0000 - 0x00007ffffc788000 	C:\WINDOWS\System32\sechost.dll
0x00007ffffc3d0000 - 0x00007ffffc3f8000 	C:\WINDOWS\System32\bcrypt.dll
0x00007ffffc790000 - 0x00007ffffc8a5000 	C:\WINDOWS\System32\RPCRT4.dll
0x00007ffffce20000 - 0x00007ffffcfce000 	C:\WINDOWS\System32\USER32.dll
0x00007ffffc400000 - 0x00007ffffc426000 	C:\WINDOWS\System32\win32u.dll
0x00007ffffe060000 - 0x00007ffffe089000 	C:\WINDOWS\System32\GDI32.dll
0x00007ffffbde0000 - 0x00007ffffbef9000 	C:\WINDOWS\System32\gdi32full.dll
0x00007ffffc430000 - 0x00007ffffc4ca000 	C:\WINDOWS\System32\msvcp_win.dll
0x00007fffe9c80000 - 0x00007fffe9f13000 	C:\WINDOWS\WinSxS\amd64_microsoft.windows.common-controls_6595b64144ccf1df_6.0.22621.3527_none_270e469b73872a76\COMCTL32.dll
0x00007ffff2d00000 - 0x00007ffff2d0a000 	C:\WINDOWS\SYSTEM32\VERSION.dll
0x00007ffffd970000 - 0x00007ffffd9a1000 	C:\WINDOWS\System32\IMM32.DLL
0x00007fffe93a0000 - 0x00007fffe93ac000 	C:\Program Files\Java\jdk-17\bin\vcruntime140_1.dll
0x00007fffcd450000 - 0x00007fffcd4de000 	C:\Program Files\Java\jdk-17\bin\msvcp140.dll
0x00007fff88da0000 - 0x00007fff89981000 	C:\Program Files\Java\jdk-17\bin\server\jvm.dll
0x00007ffffce00000 - 0x00007ffffce08000 	C:\WINDOWS\System32\PSAPI.DLL
0x00007fffe93f0000 - 0x00007fffe93f9000 	C:\WINDOWS\SYSTEM32\WSOCK32.dll
0x00007ffffd080000 - 0x00007ffffd0f1000 	C:\WINDOWS\System32\WS2_32.dll
0x00007ffff3b00000 - 0x00007ffff3b34000 	C:\WINDOWS\SYSTEM32\WINMM.dll
0x00007ffffac10000 - 0x00007ffffac28000 	C:\WINDOWS\SYSTEM32\kernel.appcore.dll
0x00007fffe9370000 - 0x00007fffe937a000 	C:\Program Files\Java\jdk-17\bin\jimage.dll
0x00007fffe96a0000 - 0x00007fffe98d2000 	C:\WINDOWS\SYSTEM32\DBGHELP.DLL
0x00007ffffdb40000 - 0x00007ffffdec8000 	C:\WINDOWS\System32\combase.dll
0x00007ffffded0000 - 0x00007ffffdfa7000 	C:\WINDOWS\System32\OLEAUT32.dll
0x00007fffe15a0000 - 0x00007fffe15d2000 	C:\WINDOWS\SYSTEM32\dbgcore.DLL
0x00007ffffbbf0000 - 0x00007ffffbc69000 	C:\WINDOWS\System32\bcryptPrimitives.dll
0x00007fffcff30000 - 0x00007fffcff55000 	C:\Program Files\Java\jdk-17\bin\java.dll

dbghelp: loaded successfully - version: 4.0.5 - missing functions: none
symbol engine: initialized successfully - sym options: 0x614 - pdb path: .;C:\Program Files\Java\jdk-17\bin;C:\WINDOWS\SYSTEM32;C:\WINDOWS\WinSxS\amd64_microsoft.windows.common-controls_6595b64144ccf1df_6.0.22621.3527_none_270e469b73872a76;C:\Program Files\Java\jdk-17\bin\server

VM Arguments:
jvm_args: -XX:+ShowCodeDetailsInExceptionMessages 
java_command: com.rodolfo.DataTest.DataTestApplication
java_class_path (initial): C:\Users\REMEDIOS CONTRERAS\Desktop\DataTest\DataTest\target\classes;C:\Users\REMEDIOS CONTRERAS\.m2\repository\org\springframework\boot\spring-boot-starter-data-jpa\3.3.0\spring-boot-starter-data-jpa-3.3.0.jar;C:\Users\REMEDIOS CONTRERAS\.m2\repository\org\springframework\boot\spring-boot-starter-aop\3.3.0\spring-boot-starter-aop-3.3.0.jar;C:\Users\REMEDIOS CONTRERAS\.m2\repository\org\springframework\spring-aop\6.1.8\spring-aop-6.1.8.jar;C:\Users\REMEDIOS CONTRERAS\.m2\repository\org\aspectj\aspectjweaver\1.9.22\aspectjweaver-1.9.22.jar;C:\Users\REMEDIOS CONTRERAS\.m2\repository\org\springframework\boot\spring-boot-starter-jdbc\3.3.0\spring-boot-starter-jdbc-3.3.0.jar;C:\Users\REMEDIOS CONTRERAS\.m2\repository\com\zaxxer\HikariCP\5.1.0\HikariCP-5.1.0.jar;C:\Users\REMEDIOS CONTRERAS\.m2\repository\org\springframework\spring-jdbc\6.1.8\spring-jdbc-6.1.8.jar;C:\Users\REMEDIOS CONTRERAS\.m2\repository\org\hibernate\orm\hibernate-core\6.5.2.Final\hibernate-core-6.5.2.Final.jar;C:\Users\REMEDIOS CONTRERAS\.m2\repository\jakarta\persistence\jakarta.persistence-api\3.1.0\jakarta.persistence-api-3.1.0.jar;C:\Users\REMEDIOS CONTRERAS\.m2\repository\jakarta\transaction\jakarta.transaction-api\2.0.1\jakarta.transaction-api-2.0.1.jar;C:\Users\REMEDIOS CONTRERAS\.m2\repository\org\jboss\logging\jboss-logging\3.5.3.Final\jboss-logging-3.5.3.Final.jar;C:\Users\REMEDIOS CONTRERAS\.m2\repository\org\hibernate\common\hibernate-commons-annotations\6.0.6.Final\hibernate-commons-annotations-6.0.6.Final.jar;C:\Users\REMEDIOS CONTRERAS\.m2\repository\io\smallrye\jandex\3.1.2\jandex-3.1.2.jar;C:\Users\REMEDIOS CONTRERAS\.m2\repository\com\fasterxml\classmate\1.7.0\classmate-1.7.0.jar;C:\Users\REMEDIOS CONTRERAS\.m2\repository\net\bytebuddy\byte-buddy\1.14.16\byte-buddy-1.14.16.jar;C:\Users\REMEDIOS CONTRERAS\.m2\repository\org\glassfish\jaxb\jaxb-runtime\4.0.5\jaxb-runtime-4.0.5.jar;C:\Users\REMEDIOS CONTRERAS\.m2\repository\org\glassfish\jaxb\jaxb-core\4.0.5\
Launcher Type: SUN_STANDARD

[Global flags]
     intx CICompilerCount                          = 4                                         {product} {ergonomic}
     uint ConcGCThreads                            = 2                                         {product} {ergonomic}
     uint G1ConcRefinementThreads                  = 8                                         {product} {ergonomic}
   size_t G1HeapRegionSize                         = 2097152                                   {product} {ergonomic}
    uintx GCDrainStackTargetSize                   = 64                                        {product} {ergonomic}
   size_t InitialHeapSize                          = 199229440                                 {product} {ergonomic}
   size_t MarkStackSize                            = 4194304                                   {product} {ergonomic}
   size_t MaxHeapSize                              = 3179282432                                {product} {ergonomic}
   size_t MinHeapDeltaBytes                        = 2097152                                   {product} {ergonomic}
   size_t MinHeapSize                              = 8388608                                   {product} {ergonomic}
    uintx NonNMethodCodeHeapSize                   = 5839372                                {pd product} {ergonomic}
    uintx NonProfiledCodeHeapSize                  = 122909434                              {pd product} {ergonomic}
    uintx ProfiledCodeHeapSize                     = 122909434                              {pd product} {ergonomic}
    uintx ReservedCodeCacheSize                    = 251658240                              {pd product} {ergonomic}
     bool SegmentedCodeCache                       = true                                      {product} {ergonomic}
     bool ShowCodeDetailsInExceptionMessages       = true                                   {manageable} {command line}
   size_t SoftMaxHeapSize                          = 3179282432                             {manageable} {ergonomic}
     bool UseCompressedClassPointers               = true                           {product lp64_product} {ergonomic}
     bool UseCompressedOops                        = true                           {product lp64_product} {ergonomic}
     bool UseG1GC                                  = true                                      {product} {ergonomic}
     bool UseLargePagesIndividualAllocation        = false                                  {pd product} {ergonomic}

Logging:
Log output configuration:
 #0: stdout all=warning uptime,level,tags
 #1: stderr all=off uptime,level,tags

Environment Variables:
PATH=C:\Program Files\Common Files\Oracle\Java\javapath;C:\WINDOWS\system32;C:\WINDOWS;C:\WINDOWS\System32\Wbem;C:\WINDOWS\System32\WindowsPowerShell\v1.0\;C:\WINDOWS\System32\OpenSSH\;C:\Program Files\dotnet\;C:\Program Files\Git\cmd;C:\Program Files\nodejs\;C:\Program Files\MySQL\MySQL Shell 8.0\bin\;C:\Users\REMEDIOS CONTRERAS\AppData\Local\Microsoft\WindowsApps;C:\Users\REMEDIOS CONTRERAS\AppData\Local\GitHubDesktop\bin;C:\Users\REMEDIOS CONTRERAS\AppData\Local\Programs\Microsoft VS Code\bin;C:\Users\REMEDIOS CONTRERAS\AppData\Roaming\npm
USERNAME=REMEDIOS CONTRERAS
LANG=en_US.UTF-8
OS=Windows_NT
PROCESSOR_IDENTIFIER=Intel64 Family 6 Model 142 Stepping 12, GenuineIntel



---------------  S Y S T E M  ---------------

OS:
 Windows 11 , 64 bit Build 22621 (10.0.22621.3527)
OS uptime: 0 days 8:20 hours

CPU: total 8 (initial active 8) (4 cores per cpu, 2 threads per core) family 6 model 142 stepping 12 microcode 0xea, cx8, cmov, fxsr, ht, mmx, 3dnowpref, sse, sse2, sse3, ssse3, sse4.1, sse4.2, popcnt, lzcnt, tsc, tscinvbit, avx, avx2, aes, erms, clmul, bmi1, bmi2, adx, fma, vzeroupper, clflush, clflushopt

Memory: 4k page, system-wide physical 12121M (3265M free)
TotalPageFile size 12121M (AvailPageFile size 108M)
current process WorkingSet (physical memory assigned to process): 11M, peak: 11M
current process commit charge ("private bytes"): 60M, peak: 250M

vm_info: Java HotSpot(TM) 64-Bit Server VM (17.0.9+11-LTS-201) for windows-amd64 JRE (17.0.9+11-LTS-201), built on Oct 10 2023 23:16:06 by "mach5one" with MS VC++ 17.1 (VS2022)

END.
